<?xml version="1.0" encoding="UTF-8"?>
<testsuite xmlns:xsi="http://www.w3.org/2001/XMLSchema-instance" xsi:noNamespaceSchemaLocation="https://maven.apache.org/surefire/maven-surefire-plugin/xsd/surefire-test-report.xsd" version="3.0.2" name="TestSuite" time="17.474" tests="7" errors="0" skipped="0" failures="7">
  <properties>
    <property name="java.specification.version" value="24"/>
    <property name="sun.cpu.isalist" value="amd64"/>
    <property name="sun.jnu.encoding" value="Cp1252"/>
    <property name="java.class.path" value="C:\Users\MSI\OneDrive\Documents\Proyek\Fault Seeding\JTKLearn-Testing\target\test-classes;C:\Users\MSI\OneDrive\Documents\Proyek\Fault Seeding\JTKLearn-Testing\target\classes;C:\Users\MSI\.m2\repository\io\cucumber\cucumber-java\7.22.2\cucumber-java-7.22.2.jar;C:\Users\MSI\.m2\repository\io\cucumber\cucumber-core\7.22.2\cucumber-core-7.22.2.jar;C:\Users\MSI\.m2\repository\io\cucumber\cucumber-gherkin\7.22.2\cucumber-gherkin-7.22.2.jar;C:\Users\MSI\.m2\repository\io\cucumber\cucumber-gherkin-messages\7.22.2\cucumber-gherkin-messages-7.22.2.jar;C:\Users\MSI\.m2\repository\io\cucumber\gherkin\32.1.1\gherkin-32.1.1.jar;C:\Users\MSI\.m2\repository\io\cucumber\messages\27.2.0\messages-27.2.0.jar;C:\Users\MSI\.m2\repository\io\cucumber\testng-xml-formatter\0.3.1\testng-xml-formatter-0.3.1.jar;C:\Users\MSI\.m2\repository\io\cucumber\query\13.5.0\query-13.5.0.jar;C:\Users\MSI\.m2\repository\io\cucumber\tag-expressions\6.1.2\tag-expressions-6.1.2.jar;C:\Users\MSI\.m2\repository\io\cucumber\cucumber-expressions\18.0.1\cucumber-expressions-18.0.1.jar;C:\Users\MSI\.m2\repository\io\cucumber\datatable\7.22.2\datatable-7.22.2.jar;C:\Users\MSI\.m2\repository\io\cucumber\cucumber-plugin\7.22.2\cucumber-plugin-7.22.2.jar;C:\Users\MSI\.m2\repository\io\cucumber\docstring\7.22.2\docstring-7.22.2.jar;C:\Users\MSI\.m2\repository\io\cucumber\html-formatter\21.10.1\html-formatter-21.10.1.jar;C:\Users\MSI\.m2\repository\io\cucumber\junit-xml-formatter\0.7.1\junit-xml-formatter-0.7.1.jar;C:\Users\MSI\.m2\repository\io\cucumber\ci-environment\10.0.1\ci-environment-10.0.1.jar;C:\Users\MSI\.m2\repository\org\apiguardian\apiguardian-api\1.1.2\apiguardian-api-1.1.2.jar;C:\Users\MSI\.m2\repository\io\cucumber\cucumber-testng\7.22.2\cucumber-testng-7.22.2.jar;C:\Users\MSI\.m2\repository\org\seleniumhq\selenium\selenium-java\4.32.0\selenium-java-4.32.0.jar;C:\Users\MSI\.m2\repository\org\seleniumhq\selenium\selenium-api\4.32.0\selenium-api-4.32.0.jar;C:\Users\MSI\.m2\repository\org\jspecify\jspecify\1.0.0\jspecify-1.0.0.jar;C:\Users\MSI\.m2\repository\org\seleniumhq\selenium\selenium-chrome-driver\4.32.0\selenium-chrome-driver-4.32.0.jar;C:\Users\MSI\.m2\repository\com\google\auto\service\auto-service-annotations\1.1.1\auto-service-annotations-1.1.1.jar;C:\Users\MSI\.m2\repository\org\seleniumhq\selenium\selenium-chromium-driver\4.32.0\selenium-chromium-driver-4.32.0.jar;C:\Users\MSI\.m2\repository\org\seleniumhq\selenium\selenium-json\4.32.0\selenium-json-4.32.0.jar;C:\Users\MSI\.m2\repository\org\seleniumhq\selenium\selenium-manager\4.32.0\selenium-manager-4.32.0.jar;C:\Users\MSI\.m2\repository\org\seleniumhq\selenium\selenium-devtools-v134\4.32.0\selenium-devtools-v134-4.32.0.jar;C:\Users\MSI\.m2\repository\org\seleniumhq\selenium\selenium-devtools-v135\4.32.0\selenium-devtools-v135-4.32.0.jar;C:\Users\MSI\.m2\repository\org\seleniumhq\selenium\selenium-devtools-v136\4.32.0\selenium-devtools-v136-4.32.0.jar;C:\Users\MSI\.m2\repository\org\seleniumhq\selenium\selenium-edge-driver\4.32.0\selenium-edge-driver-4.32.0.jar;C:\Users\MSI\.m2\repository\org\seleniumhq\selenium\selenium-firefox-driver\4.32.0\selenium-firefox-driver-4.32.0.jar;C:\Users\MSI\.m2\repository\org\seleniumhq\selenium\selenium-http\4.32.0\selenium-http-4.32.0.jar;C:\Users\MSI\.m2\repository\org\seleniumhq\selenium\selenium-ie-driver\4.32.0\selenium-ie-driver-4.32.0.jar;C:\Users\MSI\.m2\repository\org\seleniumhq\selenium\selenium-remote-driver\4.32.0\selenium-remote-driver-4.32.0.jar;C:\Users\MSI\.m2\repository\io\opentelemetry\opentelemetry-api\1.49.0\opentelemetry-api-1.49.0.jar;C:\Users\MSI\.m2\repository\io\opentelemetry\opentelemetry-context\1.49.0\opentelemetry-context-1.49.0.jar;C:\Users\MSI\.m2\repository\io\opentelemetry\opentelemetry-exporter-logging\1.49.0\opentelemetry-exporter-logging-1.49.0.jar;C:\Users\MSI\.m2\repository\io\opentelemetry\opentelemetry-sdk-common\1.49.0\opentelemetry-sdk-common-1.49.0.jar;C:\Users\MSI\.m2\repository\io\opentelemetry\opentelemetry-sdk-extension-autoconfigure-spi\1.49.0\opentelemetry-sdk-extension-autoconfigure-spi-1.49.0.jar;C:\Users\MSI\.m2\repository\io\opentelemetry\opentelemetry-sdk-extension-autoconfigure\1.49.0\opentelemetry-sdk-extension-autoconfigure-1.49.0.jar;C:\Users\MSI\.m2\repository\io\opentelemetry\opentelemetry-sdk-trace\1.49.0\opentelemetry-sdk-trace-1.49.0.jar;C:\Users\MSI\.m2\repository\io\opentelemetry\opentelemetry-sdk\1.49.0\opentelemetry-sdk-1.49.0.jar;C:\Users\MSI\.m2\repository\io\opentelemetry\opentelemetry-sdk-metrics\1.49.0\opentelemetry-sdk-metrics-1.49.0.jar;C:\Users\MSI\.m2\repository\io\opentelemetry\opentelemetry-sdk-logs\1.49.0\opentelemetry-sdk-logs-1.49.0.jar;C:\Users\MSI\.m2\repository\net\bytebuddy\byte-buddy\1.17.5\byte-buddy-1.17.5.jar;C:\Users\MSI\.m2\repository\org\seleniumhq\selenium\selenium-os\4.32.0\selenium-os-4.32.0.jar;C:\Users\MSI\.m2\repository\org\apache\commons\commons-exec\1.4.0\commons-exec-1.4.0.jar;C:\Users\MSI\.m2\repository\org\seleniumhq\selenium\selenium-safari-driver\4.32.0\selenium-safari-driver-4.32.0.jar;C:\Users\MSI\.m2\repository\org\seleniumhq\selenium\selenium-support\4.32.0\selenium-support-4.32.0.jar;C:\Users\MSI\.m2\repository\io\github\bonigarcia\webdrivermanager\6.1.0\webdrivermanager-6.1.0.jar;C:\Users\MSI\.m2\repository\org\slf4j\slf4j-api\2.0.17\slf4j-api-2.0.17.jar;C:\Users\MSI\.m2\repository\com\google\code\gson\gson\2.13.1\gson-2.13.1.jar;C:\Users\MSI\.m2\repository\com\google\errorprone\error_prone_annotations\2.38.0\error_prone_annotations-2.38.0.jar;C:\Users\MSI\.m2\repository\com\github\docker-java\docker-java\3.5.0\docker-java-3.5.0.jar;C:\Users\MSI\.m2\repository\com\github\docker-java\docker-java-core\3.5.0\docker-java-core-3.5.0.jar;C:\Users\MSI\.m2\repository\com\github\docker-java\docker-java-api\3.5.0\docker-java-api-3.5.0.jar;C:\Users\MSI\.m2\repository\com\github\docker-java\docker-java-transport-httpclient5\3.5.0\docker-java-transport-httpclient5-3.5.0.jar;C:\Users\MSI\.m2\repository\com\github\docker-java\docker-java-transport\3.5.0\docker-java-transport-3.5.0.jar;C:\Users\MSI\.m2\repository\net\java\dev\jna\jna\5.17.0\jna-5.17.0.jar;C:\Users\MSI\.m2\repository\org\brotli\dec\0.1.2\dec-0.1.2.jar;C:\Users\MSI\.m2\repository\org\apache\commons\commons-lang3\3.17.0\commons-lang3-3.17.0.jar;C:\Users\MSI\.m2\repository\org\apache\commons\commons-compress\1.27.1\commons-compress-1.27.1.jar;C:\Users\MSI\.m2\repository\commons-codec\commons-codec\1.18.0\commons-codec-1.18.0.jar;C:\Users\MSI\.m2\repository\org\apache\httpcomponents\client5\httpclient5\5.4.4\httpclient5-5.4.4.jar;C:\Users\MSI\.m2\repository\org\apache\httpcomponents\core5\httpcore5\5.3.4\httpcore5-5.3.4.jar;C:\Users\MSI\.m2\repository\org\apache\httpcomponents\core5\httpcore5-h2\5.3.4\httpcore5-h2-5.3.4.jar;C:\Users\MSI\.m2\repository\net\java\dev\jna\jna-platform\5.13.0\jna-platform-5.13.0.jar;C:\Users\MSI\.m2\repository\org\testng\testng\7.11.0\testng-7.11.0.jar;C:\Users\MSI\.m2\repository\org\jcommander\jcommander\1.83\jcommander-1.83.jar;C:\Users\MSI\.m2\repository\org\webjars\jquery\3.7.1\jquery-3.7.1.jar;C:\Users\MSI\.m2\repository\commons-io\commons-io\2.19.0\commons-io-2.19.0.jar;C:\Users\MSI\.m2\repository\net\masterthought\cucumber-reporting\5.8.1\cucumber-reporting-5.8.1.jar;C:\Users\MSI\.m2\repository\com\fasterxml\jackson\core\jackson-databind\2.19.0\jackson-databind-2.19.0.jar;C:\Users\MSI\.m2\repository\com\fasterxml\jackson\core\jackson-annotations\2.19.0\jackson-annotations-2.19.0.jar;C:\Users\MSI\.m2\repository\com\fasterxml\jackson\core\jackson-core\2.19.0\jackson-core-2.19.0.jar;C:\Users\MSI\.m2\repository\com\fasterxml\jackson\datatype\jackson-datatype-jsr310\2.19.0\jackson-datatype-jsr310-2.19.0.jar;C:\Users\MSI\.m2\repository\org\apache\velocity\velocity-engine-core\2.3\velocity-engine-core-2.3.jar;C:\Users\MSI\.m2\repository\joda-time\joda-time\2.12.7\joda-time-2.12.7.jar;C:\Users\MSI\.m2\repository\org\apache\commons\commons-configuration2\2.10.1\commons-configuration2-2.10.1.jar;C:\Users\MSI\.m2\repository\org\apache\commons\commons-text\1.11.0\commons-text-1.11.0.jar;C:\Users\MSI\.m2\repository\org\jsoup\jsoup\1.17.2\jsoup-1.17.2.jar;C:\Users\MSI\.m2\repository\com\googlecode\owasp-java-html-sanitizer\owasp-java-html-sanitizer\20220608.1\owasp-java-html-sanitizer-20220608.1.jar;C:\Users\MSI\.m2\repository\com\google\guava\guava\33.1.0-jre\guava-33.1.0-jre.jar;C:\Users\MSI\.m2\repository\com\google\guava\failureaccess\1.0.2\failureaccess-1.0.2.jar;C:\Users\MSI\.m2\repository\com\google\guava\listenablefuture\9999.0-empty-to-avoid-conflict-with-guava\listenablefuture-9999.0-empty-to-avoid-conflict-with-guava.jar;C:\Users\MSI\.m2\repository\com\google\code\findbugs\jsr305\3.0.2\jsr305-3.0.2.jar;C:\Users\MSI\.m2\repository\com\google\j2objc\j2objc-annotations\3.0.0\j2objc-annotations-3.0.0.jar;C:\Users\MSI\.m2\repository\org\slf4j\jcl-over-slf4j\2.0.17\jcl-over-slf4j-2.0.17.jar;C:\Users\MSI\.m2\repository\org\postgresql\postgresql\42.7.3\postgresql-42.7.3.jar;C:\Users\MSI\.m2\repository\org\checkerframework\checker-qual\3.42.0\checker-qual-3.42.0.jar;C:\Users\MSI\.m2\repository\com\jcraft\jsch\0.1.55\jsch-0.1.55.jar;"/>
    <property name="java.vm.vendor" value="Oracle Corporation"/>
    <property name="sun.arch.data.model" value="64"/>
    <property name="user.variant" value=""/>
    <property name="java.vendor.url" value="https://java.oracle.com/"/>
    <property name="user.timezone" value="Asia/Jakarta"/>
    <property name="user.country.format" value="ID"/>
    <property name="os.name" value="Windows 11"/>
    <property name="java.vm.specification.version" value="24"/>
    <property name="sun.java.launcher" value="SUN_STANDARD"/>
    <property name="user.country" value="US"/>
    <property name="sun.boot.library.path" value="C:\Program Files\Java\jdk-24\bin"/>
    <property name="sun.java.command" value="C:\Users\MSI\AppData\Local\Temp\surefire2849322459064366996\surefirebooter-20250716154604041_3.jar C:\Users\MSI\AppData\Local\Temp\surefire2849322459064366996 2025-07-16T15-46-03_765-jvmRun1 surefire-20250716154604041_1tmp surefire_0-20250716154604041_2tmp"/>
    <property name="jdk.debug" value="release"/>
    <property name="surefire.test.class.path" value="C:\Users\MSI\OneDrive\Documents\Proyek\Fault Seeding\JTKLearn-Testing\target\test-classes;C:\Users\MSI\OneDrive\Documents\Proyek\Fault Seeding\JTKLearn-Testing\target\classes;C:\Users\MSI\.m2\repository\io\cucumber\cucumber-java\7.22.2\cucumber-java-7.22.2.jar;C:\Users\MSI\.m2\repository\io\cucumber\cucumber-core\7.22.2\cucumber-core-7.22.2.jar;C:\Users\MSI\.m2\repository\io\cucumber\cucumber-gherkin\7.22.2\cucumber-gherkin-7.22.2.jar;C:\Users\MSI\.m2\repository\io\cucumber\cucumber-gherkin-messages\7.22.2\cucumber-gherkin-messages-7.22.2.jar;C:\Users\MSI\.m2\repository\io\cucumber\gherkin\32.1.1\gherkin-32.1.1.jar;C:\Users\MSI\.m2\repository\io\cucumber\messages\27.2.0\messages-27.2.0.jar;C:\Users\MSI\.m2\repository\io\cucumber\testng-xml-formatter\0.3.1\testng-xml-formatter-0.3.1.jar;C:\Users\MSI\.m2\repository\io\cucumber\query\13.5.0\query-13.5.0.jar;C:\Users\MSI\.m2\repository\io\cucumber\tag-expressions\6.1.2\tag-expressions-6.1.2.jar;C:\Users\MSI\.m2\repository\io\cucumber\cucumber-expressions\18.0.1\cucumber-expressions-18.0.1.jar;C:\Users\MSI\.m2\repository\io\cucumber\datatable\7.22.2\datatable-7.22.2.jar;C:\Users\MSI\.m2\repository\io\cucumber\cucumber-plugin\7.22.2\cucumber-plugin-7.22.2.jar;C:\Users\MSI\.m2\repository\io\cucumber\docstring\7.22.2\docstring-7.22.2.jar;C:\Users\MSI\.m2\repository\io\cucumber\html-formatter\21.10.1\html-formatter-21.10.1.jar;C:\Users\MSI\.m2\repository\io\cucumber\junit-xml-formatter\0.7.1\junit-xml-formatter-0.7.1.jar;C:\Users\MSI\.m2\repository\io\cucumber\ci-environment\10.0.1\ci-environment-10.0.1.jar;C:\Users\MSI\.m2\repository\org\apiguardian\apiguardian-api\1.1.2\apiguardian-api-1.1.2.jar;C:\Users\MSI\.m2\repository\io\cucumber\cucumber-testng\7.22.2\cucumber-testng-7.22.2.jar;C:\Users\MSI\.m2\repository\org\seleniumhq\selenium\selenium-java\4.32.0\selenium-java-4.32.0.jar;C:\Users\MSI\.m2\repository\org\seleniumhq\selenium\selenium-api\4.32.0\selenium-api-4.32.0.jar;C:\Users\MSI\.m2\repository\org\jspecify\jspecify\1.0.0\jspecify-1.0.0.jar;C:\Users\MSI\.m2\repository\org\seleniumhq\selenium\selenium-chrome-driver\4.32.0\selenium-chrome-driver-4.32.0.jar;C:\Users\MSI\.m2\repository\com\google\auto\service\auto-service-annotations\1.1.1\auto-service-annotations-1.1.1.jar;C:\Users\MSI\.m2\repository\org\seleniumhq\selenium\selenium-chromium-driver\4.32.0\selenium-chromium-driver-4.32.0.jar;C:\Users\MSI\.m2\repository\org\seleniumhq\selenium\selenium-json\4.32.0\selenium-json-4.32.0.jar;C:\Users\MSI\.m2\repository\org\seleniumhq\selenium\selenium-manager\4.32.0\selenium-manager-4.32.0.jar;C:\Users\MSI\.m2\repository\org\seleniumhq\selenium\selenium-devtools-v134\4.32.0\selenium-devtools-v134-4.32.0.jar;C:\Users\MSI\.m2\repository\org\seleniumhq\selenium\selenium-devtools-v135\4.32.0\selenium-devtools-v135-4.32.0.jar;C:\Users\MSI\.m2\repository\org\seleniumhq\selenium\selenium-devtools-v136\4.32.0\selenium-devtools-v136-4.32.0.jar;C:\Users\MSI\.m2\repository\org\seleniumhq\selenium\selenium-edge-driver\4.32.0\selenium-edge-driver-4.32.0.jar;C:\Users\MSI\.m2\repository\org\seleniumhq\selenium\selenium-firefox-driver\4.32.0\selenium-firefox-driver-4.32.0.jar;C:\Users\MSI\.m2\repository\org\seleniumhq\selenium\selenium-http\4.32.0\selenium-http-4.32.0.jar;C:\Users\MSI\.m2\repository\org\seleniumhq\selenium\selenium-ie-driver\4.32.0\selenium-ie-driver-4.32.0.jar;C:\Users\MSI\.m2\repository\org\seleniumhq\selenium\selenium-remote-driver\4.32.0\selenium-remote-driver-4.32.0.jar;C:\Users\MSI\.m2\repository\io\opentelemetry\opentelemetry-api\1.49.0\opentelemetry-api-1.49.0.jar;C:\Users\MSI\.m2\repository\io\opentelemetry\opentelemetry-context\1.49.0\opentelemetry-context-1.49.0.jar;C:\Users\MSI\.m2\repository\io\opentelemetry\opentelemetry-exporter-logging\1.49.0\opentelemetry-exporter-logging-1.49.0.jar;C:\Users\MSI\.m2\repository\io\opentelemetry\opentelemetry-sdk-common\1.49.0\opentelemetry-sdk-common-1.49.0.jar;C:\Users\MSI\.m2\repository\io\opentelemetry\opentelemetry-sdk-extension-autoconfigure-spi\1.49.0\opentelemetry-sdk-extension-autoconfigure-spi-1.49.0.jar;C:\Users\MSI\.m2\repository\io\opentelemetry\opentelemetry-sdk-extension-autoconfigure\1.49.0\opentelemetry-sdk-extension-autoconfigure-1.49.0.jar;C:\Users\MSI\.m2\repository\io\opentelemetry\opentelemetry-sdk-trace\1.49.0\opentelemetry-sdk-trace-1.49.0.jar;C:\Users\MSI\.m2\repository\io\opentelemetry\opentelemetry-sdk\1.49.0\opentelemetry-sdk-1.49.0.jar;C:\Users\MSI\.m2\repository\io\opentelemetry\opentelemetry-sdk-metrics\1.49.0\opentelemetry-sdk-metrics-1.49.0.jar;C:\Users\MSI\.m2\repository\io\opentelemetry\opentelemetry-sdk-logs\1.49.0\opentelemetry-sdk-logs-1.49.0.jar;C:\Users\MSI\.m2\repository\net\bytebuddy\byte-buddy\1.17.5\byte-buddy-1.17.5.jar;C:\Users\MSI\.m2\repository\org\seleniumhq\selenium\selenium-os\4.32.0\selenium-os-4.32.0.jar;C:\Users\MSI\.m2\repository\org\apache\commons\commons-exec\1.4.0\commons-exec-1.4.0.jar;C:\Users\MSI\.m2\repository\org\seleniumhq\selenium\selenium-safari-driver\4.32.0\selenium-safari-driver-4.32.0.jar;C:\Users\MSI\.m2\repository\org\seleniumhq\selenium\selenium-support\4.32.0\selenium-support-4.32.0.jar;C:\Users\MSI\.m2\repository\io\github\bonigarcia\webdrivermanager\6.1.0\webdrivermanager-6.1.0.jar;C:\Users\MSI\.m2\repository\org\slf4j\slf4j-api\2.0.17\slf4j-api-2.0.17.jar;C:\Users\MSI\.m2\repository\com\google\code\gson\gson\2.13.1\gson-2.13.1.jar;C:\Users\MSI\.m2\repository\com\google\errorprone\error_prone_annotations\2.38.0\error_prone_annotations-2.38.0.jar;C:\Users\MSI\.m2\repository\com\github\docker-java\docker-java\3.5.0\docker-java-3.5.0.jar;C:\Users\MSI\.m2\repository\com\github\docker-java\docker-java-core\3.5.0\docker-java-core-3.5.0.jar;C:\Users\MSI\.m2\repository\com\github\docker-java\docker-java-api\3.5.0\docker-java-api-3.5.0.jar;C:\Users\MSI\.m2\repository\com\github\docker-java\docker-java-transport-httpclient5\3.5.0\docker-java-transport-httpclient5-3.5.0.jar;C:\Users\MSI\.m2\repository\com\github\docker-java\docker-java-transport\3.5.0\docker-java-transport-3.5.0.jar;C:\Users\MSI\.m2\repository\net\java\dev\jna\jna\5.17.0\jna-5.17.0.jar;C:\Users\MSI\.m2\repository\org\brotli\dec\0.1.2\dec-0.1.2.jar;C:\Users\MSI\.m2\repository\org\apache\commons\commons-lang3\3.17.0\commons-lang3-3.17.0.jar;C:\Users\MSI\.m2\repository\org\apache\commons\commons-compress\1.27.1\commons-compress-1.27.1.jar;C:\Users\MSI\.m2\repository\commons-codec\commons-codec\1.18.0\commons-codec-1.18.0.jar;C:\Users\MSI\.m2\repository\org\apache\httpcomponents\client5\httpclient5\5.4.4\httpclient5-5.4.4.jar;C:\Users\MSI\.m2\repository\org\apache\httpcomponents\core5\httpcore5\5.3.4\httpcore5-5.3.4.jar;C:\Users\MSI\.m2\repository\org\apache\httpcomponents\core5\httpcore5-h2\5.3.4\httpcore5-h2-5.3.4.jar;C:\Users\MSI\.m2\repository\net\java\dev\jna\jna-platform\5.13.0\jna-platform-5.13.0.jar;C:\Users\MSI\.m2\repository\org\testng\testng\7.11.0\testng-7.11.0.jar;C:\Users\MSI\.m2\repository\org\jcommander\jcommander\1.83\jcommander-1.83.jar;C:\Users\MSI\.m2\repository\org\webjars\jquery\3.7.1\jquery-3.7.1.jar;C:\Users\MSI\.m2\repository\commons-io\commons-io\2.19.0\commons-io-2.19.0.jar;C:\Users\MSI\.m2\repository\net\masterthought\cucumber-reporting\5.8.1\cucumber-reporting-5.8.1.jar;C:\Users\MSI\.m2\repository\com\fasterxml\jackson\core\jackson-databind\2.19.0\jackson-databind-2.19.0.jar;C:\Users\MSI\.m2\repository\com\fasterxml\jackson\core\jackson-annotations\2.19.0\jackson-annotations-2.19.0.jar;C:\Users\MSI\.m2\repository\com\fasterxml\jackson\core\jackson-core\2.19.0\jackson-core-2.19.0.jar;C:\Users\MSI\.m2\repository\com\fasterxml\jackson\datatype\jackson-datatype-jsr310\2.19.0\jackson-datatype-jsr310-2.19.0.jar;C:\Users\MSI\.m2\repository\org\apache\velocity\velocity-engine-core\2.3\velocity-engine-core-2.3.jar;C:\Users\MSI\.m2\repository\joda-time\joda-time\2.12.7\joda-time-2.12.7.jar;C:\Users\MSI\.m2\repository\org\apache\commons\commons-configuration2\2.10.1\commons-configuration2-2.10.1.jar;C:\Users\MSI\.m2\repository\org\apache\commons\commons-text\1.11.0\commons-text-1.11.0.jar;C:\Users\MSI\.m2\repository\org\jsoup\jsoup\1.17.2\jsoup-1.17.2.jar;C:\Users\MSI\.m2\repository\com\googlecode\owasp-java-html-sanitizer\owasp-java-html-sanitizer\20220608.1\owasp-java-html-sanitizer-20220608.1.jar;C:\Users\MSI\.m2\repository\com\google\guava\guava\33.1.0-jre\guava-33.1.0-jre.jar;C:\Users\MSI\.m2\repository\com\google\guava\failureaccess\1.0.2\failureaccess-1.0.2.jar;C:\Users\MSI\.m2\repository\com\google\guava\listenablefuture\9999.0-empty-to-avoid-conflict-with-guava\listenablefuture-9999.0-empty-to-avoid-conflict-with-guava.jar;C:\Users\MSI\.m2\repository\com\google\code\findbugs\jsr305\3.0.2\jsr305-3.0.2.jar;C:\Users\MSI\.m2\repository\com\google\j2objc\j2objc-annotations\3.0.0\j2objc-annotations-3.0.0.jar;C:\Users\MSI\.m2\repository\org\slf4j\jcl-over-slf4j\2.0.17\jcl-over-slf4j-2.0.17.jar;C:\Users\MSI\.m2\repository\org\postgresql\postgresql\42.7.3\postgresql-42.7.3.jar;C:\Users\MSI\.m2\repository\org\checkerframework\checker-qual\3.42.0\checker-qual-3.42.0.jar;C:\Users\MSI\.m2\repository\com\jcraft\jsch\0.1.55\jsch-0.1.55.jar;"/>
    <property name="sun.cpu.endian" value="little"/>
    <property name="user.home" value="C:\Users\MSI"/>
    <property name="user.language" value="en"/>
    <property name="java.specification.vendor" value="Oracle Corporation"/>
    <property name="java.version.date" value="2025-04-15"/>
    <property name="java.home" value="C:\Program Files\Java\jdk-24"/>
    <property name="file.separator" value="\"/>
    <property name="basedir" value="C:\Users\MSI\OneDrive\Documents\Proyek\Fault Seeding\JTKLearn-Testing"/>
    <property name="java.vm.compressedOopsMode" value="Zero based"/>
    <property name="line.separator" value="&#10;"/>
    <property name="java.vm.specification.vendor" value="Oracle Corporation"/>
    <property name="java.specification.name" value="Java Platform API Specification"/>
    <property name="surefire.real.class.path" value="C:\Users\MSI\AppData\Local\Temp\surefire2849322459064366996\surefirebooter-20250716154604041_3.jar"/>
    <property name="user.script" value=""/>
    <property name="sun.management.compiler" value="HotSpot 64-Bit Tiered Compilers"/>
    <property name="java.runtime.version" value="24.0.1+9-30"/>
    <property name="user.name" value="MSI"/>
    <property name="stdout.encoding" value="Cp1252"/>
    <property name="path.separator" value=";"/>
    <property name="os.version" value="10.0"/>
    <property name="java.runtime.name" value="Java(TM) SE Runtime Environment"/>
    <property name="file.encoding" value="UTF-8"/>
    <property name="java.vm.name" value="Java HotSpot(TM) 64-Bit Server VM"/>
    <property name="localRepository" value="C:\Users\MSI\.m2\repository"/>
    <property name="java.vendor.url.bug" value="https://bugreport.java.com/bugreport/"/>
    <property name="java.io.tmpdir" value="C:\Users\MSI\AppData\Local\Temp\"/>
    <property name="java.version" value="24.0.1"/>
    <property name="user.dir" value="C:\Users\MSI\OneDrive\Documents\Proyek\Fault Seeding\JTKLearn-Testing"/>
    <property name="os.arch" value="amd64"/>
    <property name="java.vm.specification.name" value="Java Virtual Machine Specification"/>
    <property name="user.language.format" value="id"/>
    <property name="env" value="fix"/>
    <property name="sun.os.patch.level" value=""/>
    <property name="native.encoding" value="Cp1252"/>
    <property name="java.library.path" value="C:\Program Files\Java\jdk-24\bin;C:\WINDOWS\Sun\Java\bin;C:\WINDOWS\system32;C:\WINDOWS;C:\Program Files\PowerShell\7;C:\Program Files\Common Files\Oracle\Java\javapath;C:\WINDOWS\system32;C:\WINDOWS;C:\WINDOWS\System32\Wbem;C:\WINDOWS\System32\WindowsPowerShell\v1.0\;C:\WINDOWS\System32\OpenSSH\;C:\Program Files\dotnet\;C:\Program Files\Git\cmd;C:\ProgramData\chocolatey\bin;C:\Program Files\Neovim\bin;C:\tools\neo4j-community\neo4j-community-3.0.1\bin;C:\Program Files\PowerShell\7\;C:\Program Files\nodejs\;C:\Users\MSI\AppData\Local\Programs\Python\Python312\Scripts\;C:\Users\MSI\AppData\Local\Programs\Python\Python312\;C:\Users\MSI\AppData\Local\Microsoft\WindowsApps;C:\Users\MSI\.dotnet\tools;C:\Users\MSI\AppData\Local\Programs\Microsoft VS Code\bin;C:\Program Files\w64devkit\bin;C:\Program Files\Neovim\bin;C:\Users\MSI\AppData\Roaming\Python\Python312\Scripts;C:\Users\MSI\AppData\Local\Programs\mongosh\;C:\Users\MSI\Downloads\mongodb-win32-x86_64-windows-8.0.9\bin;C:\Users\MSI\AppData\Local\GitHubDesktop\bin;C:\Users\MSI\Downloads\apache-maven-3.9.10-bin\bin;C:\Program Files\jdt-language-server-1.47.0-202505151856\bin;C:\Users\MSI\AppData\Roaming\npm;."/>
    <property name="java.vm.info" value="mixed mode, sharing"/>
    <property name="stderr.encoding" value="Cp1252"/>
    <property name="java.vendor" value="Oracle Corporation"/>
    <property name="java.vm.version" value="24.0.1+9-30"/>
    <property name="sun.io.unicode.encoding" value="UnicodeLittle"/>
    <property name="java.class.version" value="68.0"/>
  </properties>
  <testcase name="runScenario[&quot;Verify progress overview page with a student has not finished all materials and quizzes yet&quot;, &quot;FR-12 Progress Overview&quot;](1)" classname="com.zaidan.testng.runner.CucumberRunnerTests" time="3.418">
    <failure message="io.github.bonigarcia.wdm.config.WebDriverManagerException: java.net.UnknownHostException: msedgedriver.azureedge.net" type="io.github.bonigarcia.wdm.config.WebDriverManagerException"><![CDATA[io.github.bonigarcia.wdm.config.WebDriverManagerException: io.github.bonigarcia.wdm.config.WebDriverManagerException: java.net.UnknownHostException: msedgedriver.azureedge.net
	at io.github.bonigarcia.wdm.WebDriverManager.handleException(WebDriverManager.java:1443)
	at io.github.bonigarcia.wdm.WebDriverManager.manage(WebDriverManager.java:1206)
	at io.github.bonigarcia.wdm.WebDriverManager.fallback(WebDriverManager.java:1459)
	at io.github.bonigarcia.wdm.WebDriverManager.handleException(WebDriverManager.java:1437)
	at io.github.bonigarcia.wdm.WebDriverManager.manage(WebDriverManager.java:1206)
	at io.github.bonigarcia.wdm.WebDriverManager.setup(WebDriverManager.java:429)
	at com.zaidan.testng.utils.HelperClass.setUpDriver(HelperClass.java:17)
	at com.zaidan.testng.definitions.Hooks.setUp(Hooks.java:27)
Caused by: io.github.bonigarcia.wdm.config.WebDriverManagerException: java.net.UnknownHostException: msedgedriver.azureedge.net
	at io.github.bonigarcia.wdm.managers.EdgeDriverManager.getDriversFromXml(EdgeDriverManager.java:308)
	at io.github.bonigarcia.wdm.managers.EdgeDriverManager.getDriverUrls(EdgeDriverManager.java:138)
	at io.github.bonigarcia.wdm.WebDriverManager.createUrlHandler(WebDriverManager.java:1464)
	at io.github.bonigarcia.wdm.WebDriverManager.download(WebDriverManager.java:1294)
	at io.github.bonigarcia.wdm.WebDriverManager.manage(WebDriverManager.java:1200)
	... 6 more
Caused by: java.net.UnknownHostException: msedgedriver.azureedge.net
	at java.base/java.net.InetAddress$CachedLookup.get(InetAddress.java:905)
	at java.base/java.net.InetAddress.getAllByName0(InetAddress.java:1687)
	at java.base/java.net.InetAddress.getAllByName(InetAddress.java:1568)
	at org.apache.hc.client5.http.SystemDefaultDnsResolver.resolve(SystemDefaultDnsResolver.java:61)
	at org.apache.hc.client5.http.impl.io.DefaultHttpClientConnectionOperator.connect(DefaultHttpClientConnectionOperator.java:169)
	at org.apache.hc.client5.http.impl.io.PoolingHttpClientConnectionManager.connect(PoolingHttpClientConnectionManager.java:490)
	at org.apache.hc.client5.http.impl.classic.InternalExecRuntime.connectEndpoint(InternalExecRuntime.java:164)
	at org.apache.hc.client5.http.impl.classic.InternalExecRuntime.connectEndpoint(InternalExecRuntime.java:174)
	at org.apache.hc.client5.http.impl.classic.ConnectExec.execute(ConnectExec.java:144)
	at org.apache.hc.client5.http.impl.classic.ExecChainElement.execute(ExecChainElement.java:51)
	at org.apache.hc.client5.http.impl.classic.ProtocolExec.execute(ProtocolExec.java:192)
	at org.apache.hc.client5.http.impl.classic.ExecChainElement.execute(ExecChainElement.java:51)
	at org.apache.hc.client5.http.impl.classic.ContentCompressionExec.execute(ContentCompressionExec.java:150)
	at org.apache.hc.client5.http.impl.classic.ExecChainElement.execute(ExecChainElement.java:51)
	at org.apache.hc.client5.http.impl.classic.HttpRequestRetryExec.execute(HttpRequestRetryExec.java:113)
	at org.apache.hc.client5.http.impl.classic.ExecChainElement.execute(ExecChainElement.java:51)
	at org.apache.hc.client5.http.impl.classic.RedirectExec.execute(RedirectExec.java:110)
	at org.apache.hc.client5.http.impl.classic.ExecChainElement.execute(ExecChainElement.java:51)
	at org.apache.hc.client5.http.impl.classic.InternalHttpClient.doExecute(InternalHttpClient.java:183)
	at org.apache.hc.client5.http.impl.classic.CloseableHttpClient.execute(CloseableHttpClient.java:87)
	at org.apache.hc.client5.http.impl.classic.CloseableHttpClient.execute(CloseableHttpClient.java:55)
	at org.apache.hc.client5.http.classic.HttpClient.executeOpen(HttpClient.java:183)
	at io.github.bonigarcia.wdm.online.HttpClient.execute(HttpClient.java:151)
	at io.github.bonigarcia.wdm.managers.EdgeDriverManager.getDriversFromXml(EdgeDriverManager.java:267)
	... 10 more
]]></failure>
    <system-out><![CDATA[--- Starting Test Suite Setup ---
Loading configuration for environmet: fix
Connecting to SSH Host cloudias79.com...
SSH Connection successful.
SSH Tunnel started on port: 5433
--- Test Suite Setup Complete ---

@FR12
Scenario: Verify progress overview page with a student has not finished all materials and quizzes yet &amp#27;[90m# src/test/resources/features/ProgressOverview.feature:4&amp#27;[0m
      &amp#27;[31mio.github.bonigarcia.wdm.config.WebDriverManagerException: io.github.bonigarcia.wdm.config.WebDriverManagerException: java.net.UnknownHostException: msedgedriver.azureedge.net
      	at io.github.bonigarcia.wdm.WebDriverManager.handleException(WebDriverManager.java:1443)
      	at io.github.bonigarcia.wdm.WebDriverManager.manage(WebDriverManager.java:1206)
      	at io.github.bonigarcia.wdm.WebDriverManager.fallback(WebDriverManager.java:1459)
      	at io.github.bonigarcia.wdm.WebDriverManager.handleException(WebDriverManager.java:1437)
      	at io.github.bonigarcia.wdm.WebDriverManager.manage(WebDriverManager.java:1206)
      	at io.github.bonigarcia.wdm.WebDriverManager.setup(WebDriverManager.java:429)
      	at com.zaidan.testng.utils.HelperClass.setUpDriver(HelperClass.java:17)
      	at com.zaidan.testng.definitions.Hooks.setUp(Hooks.java:27)
      Caused by: io.github.bonigarcia.wdm.config.WebDriverManagerException: java.net.UnknownHostException: msedgedriver.azureedge.net
      	at io.github.bonigarcia.wdm.managers.EdgeDriverManager.getDriversFromXml(EdgeDriverManager.java:308)
      	at io.github.bonigarcia.wdm.managers.EdgeDriverManager.getDriverUrls(EdgeDriverManager.java:138)
      	at io.github.bonigarcia.wdm.WebDriverManager.createUrlHandler(WebDriverManager.java:1464)
      	at io.github.bonigarcia.wdm.WebDriverManager.download(WebDriverManager.java:1294)
      	at io.github.bonigarcia.wdm.WebDriverManager.manage(WebDriverManager.java:1200)
      	... 6 more
      Caused by: java.net.UnknownHostException: msedgedriver.azureedge.net
      	at java.base/java.net.InetAddress$CachedLookup.get(InetAddress.java:905)
      	at java.base/java.net.InetAddress.getAllByName0(InetAddress.java:1687)
      	at java.base/java.net.InetAddress.getAllByName(InetAddress.java:1568)
      	at org.apache.hc.client5.http.SystemDefaultDnsResolver.resolve(SystemDefaultDnsResolver.java:61)
      	at org.apache.hc.client5.http.impl.io.DefaultHttpClientConnectionOperator.connect(DefaultHttpClientConnectionOperator.java:169)
      	at org.apache.hc.client5.http.impl.io.PoolingHttpClientConnectionManager.connect(PoolingHttpClientConnectionManager.java:490)
      	at org.apache.hc.client5.http.impl.classic.InternalExecRuntime.connectEndpoint(InternalExecRuntime.java:164)
      	at org.apache.hc.client5.http.impl.classic.InternalExecRuntime.connectEndpoint(InternalExecRuntime.java:174)
      	at org.apache.hc.client5.http.impl.classic.ConnectExec.execute(ConnectExec.java:144)
      	at org.apache.hc.client5.http.impl.classic.ExecChainElement.execute(ExecChainElement.java:51)
      	at org.apache.hc.client5.http.impl.classic.ProtocolExec.execute(ProtocolExec.java:192)
      	at org.apache.hc.client5.http.impl.classic.ExecChainElement.execute(ExecChainElement.java:51)
      	at org.apache.hc.client5.http.impl.classic.ContentCompressionExec.execute(ContentCompressionExec.java:150)
      	at org.apache.hc.client5.http.impl.classic.ExecChainElement.execute(ExecChainElement.java:51)
      	at org.apache.hc.client5.http.impl.classic.HttpRequestRetryExec.execute(HttpRequestRetryExec.java:113)
      	at org.apache.hc.client5.http.impl.classic.ExecChainElement.execute(ExecChainElement.java:51)
      	at org.apache.hc.client5.http.impl.classic.RedirectExec.execute(RedirectExec.java:110)
      	at org.apache.hc.client5.http.impl.classic.ExecChainElement.execute(ExecChainElement.java:51)
      	at org.apache.hc.client5.http.impl.classic.InternalHttpClient.doExecute(InternalHttpClient.java:183)
      	at org.apache.hc.client5.http.impl.classic.CloseableHttpClient.execute(CloseableHttpClient.java:87)
      	at org.apache.hc.client5.http.impl.classic.CloseableHttpClient.execute(CloseableHttpClient.java:55)
      	at org.apache.hc.client5.http.classic.HttpClient.executeOpen(HttpClient.java:183)
      	at io.github.bonigarcia.wdm.online.HttpClient.execute(HttpClient.java:151)
      	at io.github.bonigarcia.wdm.managers.EdgeDriverManager.getDriversFromXml(EdgeDriverManager.java:267)
      	... 10 more&amp#27;[0m
  &amp#27;[36mGiven &amp#27;[0m&amp#27;[36mUser has opened the browser&amp#27;[0m                                                                   &amp#27;[90m# com.zaidan.testng.definitions.LoginPageDefinitions.user_has_opened_the_browser()&amp#27;[0m
  &amp#27;[36mAnd &amp#27;[0m&amp#27;[36mThe user is on the application login page&amp#27;[0m                                                       &amp#27;[90m# com.zaidan.testng.definitions.LoginPageDefinitions.user_has_navigated_to_login_page()&amp#27;[0m
  &amp#27;[36mAnd &amp#27;[0m&amp#27;[36mUser enters username &amp#27;[0m&amp#27;[36m&amp#27;[1m"pengajar1@example.com"&amp#27;[0m&amp#27;[36m and password &amp#27;[0m&amp#27;[36m&amp#27;[1m"pengajar1"&amp#27;[0m                           &amp#27;[90m# com.zaidan.testng.definitions.LoginPageDefinitions.go_to_home_page(java.lang.String,java.lang.String)&amp#27;[0m
  &amp#27;[36mAnd &amp#27;[0m&amp#27;[36mUser clicks on the login button&amp#27;[0m                                                                 &amp#27;[90m# com.zaidan.testng.definitions.LoginPageDefinitions.click_login_button()&amp#27;[0m
  &amp#27;[36mAnd &amp#27;[0m&amp#27;[36mUser clicks on Pemantauan&amp#27;[0m                                                                       &amp#27;[90m# com.zaidan.testng.definitions.ProgressOverviewDefinitions.userClicksOnProgressPage()&amp#27;[0m
  &amp#27;[36mWhen &amp#27;[0m&amp#27;[36mUser clicks on &amp#27;[0m&amp#27;[36m&amp#27;[1m"Progres"&amp#27;[0m&amp#27;[36m button of &amp#27;[0m&amp#27;[36m&amp#27;[1m"Komputer Grafik"&amp#27;[0m&amp#27;[36m course&amp#27;[0m                                    &amp#27;[90m# com.zaidan.testng.definitions.ProgressOverviewDefinitions.userClicksOnProgresBtn(java.lang.String,java.lang.String)&amp#27;[0m
  &amp#27;[36mAnd &amp#27;[0m&amp#27;[36mStudent tasks finish status should be set like these:&amp#27;[0m                                           &amp#27;[90m# com.zaidan.testng.definitions.ProgressOverviewDefinitions.setStudentTasksFinishStatus(io.cucumber.datatable.DataTable)&amp#27;[0m
    | student_position | task_position | status      | score |
    | 1                | 1             | NOT_STARTED | 0     |
    | 1                | 2             | NOT_STARTED | 0     |
    | 1                | 3             | NOT_STARTED | 0     |
    | 2                | 1             | NOT_STARTED | 0     |
    | 2                | 2             | NOT_STARTED | 0     |
    | 2                | 3             | NOT_STARTED | 0     |
    | 3                | 1             | NOT_STARTED | 0     |
    | 3                | 2             | NOT_STARTED | 0     |
    | 3                | 3             | NOT_STARTED | 0     |
  &amp#27;[36mAnd &amp#27;[0m&amp#27;[36mStudent progress of &amp#27;[0m&amp#27;[36m&amp#27;[1m"Komputer Grafik"&amp#27;[0m&amp#27;[36m course should be set like these:&amp#27;[0m                          &amp#27;[90m# com.zaidan.testng.definitions.ProgressOverviewDefinitions.setStudentProgressForCourse(java.lang.String,io.cucumber.datatable.DataTable)&amp#27;[0m
    | student_position | percentage |
    | 1                | 0          |
    | 2                | 0          |
    | 3                | 0          |
  &amp#27;[36mThen &amp#27;[0m&amp#27;[36mThe page title should be &amp#27;[0m&amp#27;[36m&amp#27;[1m"Pemantau Progres Belajar"&amp#27;[0m                                            &amp#27;[90m# com.zaidan.testng.definitions.ProgressOverviewDefinitions.verifyPageTitle(java.lang.String)&amp#27;[0m
  &amp#27;[36mAnd &amp#27;[0m&amp#27;[36mThe page subtitle should be the same with &amp#27;[0m&amp#27;[36m&amp#27;[1m"Komputer Grafik"&amp#27;[0m&amp#27;[36m course&amp#27;[0m                              &amp#27;[90m# com.zaidan.testng.definitions.ProgressOverviewDefinitions.verifyPageSubtitle(java.lang.String)&amp#27;[0m
  &amp#27;[36mAnd &amp#27;[0m&amp#27;[36mThe study progress of every student should be displayed&amp#27;[0m                                         &amp#27;[90m# com.zaidan.testng.definitions.ProgressOverviewDefinitions.verifyDisplayedStudentProgressMatchesDatabase()&amp#27;[0m
]]></system-out>
    <system-err><![CDATA[SLF4J(W): No SLF4J providers were found.
SLF4J(W): Defaulting to no-operation (NOP) logger implementation
SLF4J(W): See https://www.slf4j.org/codes.html#noProviders for further details.
]]></system-err>
  </testcase>
  <testcase name="runScenario[&quot;Verify progress overview page with some students finished some materials and quizzes&quot;, &quot;FR-12 Progress Overview&quot;](2)" classname="com.zaidan.testng.runner.CucumberRunnerTests" time="0.864">
    <failure message="io.github.bonigarcia.wdm.config.WebDriverManagerException: java.net.UnknownHostException: msedgedriver.azureedge.net" type="io.github.bonigarcia.wdm.config.WebDriverManagerException"><![CDATA[io.github.bonigarcia.wdm.config.WebDriverManagerException: io.github.bonigarcia.wdm.config.WebDriverManagerException: java.net.UnknownHostException: msedgedriver.azureedge.net
	at io.github.bonigarcia.wdm.WebDriverManager.handleException(WebDriverManager.java:1443)
	at io.github.bonigarcia.wdm.WebDriverManager.manage(WebDriverManager.java:1206)
	at io.github.bonigarcia.wdm.WebDriverManager.fallback(WebDriverManager.java:1459)
	at io.github.bonigarcia.wdm.WebDriverManager.handleException(WebDriverManager.java:1437)
	at io.github.bonigarcia.wdm.WebDriverManager.manage(WebDriverManager.java:1206)
	at io.github.bonigarcia.wdm.WebDriverManager.setup(WebDriverManager.java:429)
	at com.zaidan.testng.utils.HelperClass.setUpDriver(HelperClass.java:17)
	at com.zaidan.testng.definitions.Hooks.setUp(Hooks.java:27)
Caused by: io.github.bonigarcia.wdm.config.WebDriverManagerException: java.net.UnknownHostException: msedgedriver.azureedge.net
	at io.github.bonigarcia.wdm.managers.EdgeDriverManager.getDriversFromXml(EdgeDriverManager.java:308)
	at io.github.bonigarcia.wdm.managers.EdgeDriverManager.getDriverUrls(EdgeDriverManager.java:138)
	at io.github.bonigarcia.wdm.WebDriverManager.createUrlHandler(WebDriverManager.java:1464)
	at io.github.bonigarcia.wdm.WebDriverManager.download(WebDriverManager.java:1294)
	at io.github.bonigarcia.wdm.WebDriverManager.manage(WebDriverManager.java:1200)
	... 6 more
Caused by: java.net.UnknownHostException: msedgedriver.azureedge.net
	at java.base/java.net.InetAddress$CachedLookup.get(InetAddress.java:905)
	at java.base/java.net.InetAddress.getAllByName0(InetAddress.java:1687)
	at java.base/java.net.InetAddress.getAllByName(InetAddress.java:1568)
	at org.apache.hc.client5.http.SystemDefaultDnsResolver.resolve(SystemDefaultDnsResolver.java:61)
	at org.apache.hc.client5.http.impl.io.DefaultHttpClientConnectionOperator.connect(DefaultHttpClientConnectionOperator.java:169)
	at org.apache.hc.client5.http.impl.io.PoolingHttpClientConnectionManager.connect(PoolingHttpClientConnectionManager.java:490)
	at org.apache.hc.client5.http.impl.classic.InternalExecRuntime.connectEndpoint(InternalExecRuntime.java:164)
	at org.apache.hc.client5.http.impl.classic.InternalExecRuntime.connectEndpoint(InternalExecRuntime.java:174)
	at org.apache.hc.client5.http.impl.classic.ConnectExec.execute(ConnectExec.java:144)
	at org.apache.hc.client5.http.impl.classic.ExecChainElement.execute(ExecChainElement.java:51)
	at org.apache.hc.client5.http.impl.classic.ProtocolExec.execute(ProtocolExec.java:192)
	at org.apache.hc.client5.http.impl.classic.ExecChainElement.execute(ExecChainElement.java:51)
	at org.apache.hc.client5.http.impl.classic.ContentCompressionExec.execute(ContentCompressionExec.java:150)
	at org.apache.hc.client5.http.impl.classic.ExecChainElement.execute(ExecChainElement.java:51)
	at org.apache.hc.client5.http.impl.classic.HttpRequestRetryExec.execute(HttpRequestRetryExec.java:113)
	at org.apache.hc.client5.http.impl.classic.ExecChainElement.execute(ExecChainElement.java:51)
	at org.apache.hc.client5.http.impl.classic.RedirectExec.execute(RedirectExec.java:110)
	at org.apache.hc.client5.http.impl.classic.ExecChainElement.execute(ExecChainElement.java:51)
	at org.apache.hc.client5.http.impl.classic.InternalHttpClient.doExecute(InternalHttpClient.java:183)
	at org.apache.hc.client5.http.impl.classic.CloseableHttpClient.execute(CloseableHttpClient.java:87)
	at org.apache.hc.client5.http.impl.classic.CloseableHttpClient.execute(CloseableHttpClient.java:55)
	at org.apache.hc.client5.http.classic.HttpClient.executeOpen(HttpClient.java:183)
	at io.github.bonigarcia.wdm.online.HttpClient.execute(HttpClient.java:151)
	at io.github.bonigarcia.wdm.managers.EdgeDriverManager.getDriversFromXml(EdgeDriverManager.java:267)
	... 10 more
]]></failure>
    <system-out><![CDATA[
@FR12
Scenario: Verify progress overview page with some students finished some materials and quizzes &amp#27;[90m# src/test/resources/features/ProgressOverview.feature:32&amp#27;[0m
      &amp#27;[31mio.github.bonigarcia.wdm.config.WebDriverManagerException: io.github.bonigarcia.wdm.config.WebDriverManagerException: java.net.UnknownHostException: msedgedriver.azureedge.net
      	at io.github.bonigarcia.wdm.WebDriverManager.handleException(WebDriverManager.java:1443)
      	at io.github.bonigarcia.wdm.WebDriverManager.manage(WebDriverManager.java:1206)
      	at io.github.bonigarcia.wdm.WebDriverManager.fallback(WebDriverManager.java:1459)
      	at io.github.bonigarcia.wdm.WebDriverManager.handleException(WebDriverManager.java:1437)
      	at io.github.bonigarcia.wdm.WebDriverManager.manage(WebDriverManager.java:1206)
      	at io.github.bonigarcia.wdm.WebDriverManager.setup(WebDriverManager.java:429)
      	at com.zaidan.testng.utils.HelperClass.setUpDriver(HelperClass.java:17)
      	at com.zaidan.testng.definitions.Hooks.setUp(Hooks.java:27)
      Caused by: io.github.bonigarcia.wdm.config.WebDriverManagerException: java.net.UnknownHostException: msedgedriver.azureedge.net
      	at io.github.bonigarcia.wdm.managers.EdgeDriverManager.getDriversFromXml(EdgeDriverManager.java:308)
      	at io.github.bonigarcia.wdm.managers.EdgeDriverManager.getDriverUrls(EdgeDriverManager.java:138)
      	at io.github.bonigarcia.wdm.WebDriverManager.createUrlHandler(WebDriverManager.java:1464)
      	at io.github.bonigarcia.wdm.WebDriverManager.download(WebDriverManager.java:1294)
      	at io.github.bonigarcia.wdm.WebDriverManager.manage(WebDriverManager.java:1200)
      	... 6 more
      Caused by: java.net.UnknownHostException: msedgedriver.azureedge.net
      	at java.base/java.net.InetAddress$CachedLookup.get(InetAddress.java:905)
      	at java.base/java.net.InetAddress.getAllByName0(InetAddress.java:1687)
      	at java.base/java.net.InetAddress.getAllByName(InetAddress.java:1568)
      	at org.apache.hc.client5.http.SystemDefaultDnsResolver.resolve(SystemDefaultDnsResolver.java:61)
      	at org.apache.hc.client5.http.impl.io.DefaultHttpClientConnectionOperator.connect(DefaultHttpClientConnectionOperator.java:169)
      	at org.apache.hc.client5.http.impl.io.PoolingHttpClientConnectionManager.connect(PoolingHttpClientConnectionManager.java:490)
      	at org.apache.hc.client5.http.impl.classic.InternalExecRuntime.connectEndpoint(InternalExecRuntime.java:164)
      	at org.apache.hc.client5.http.impl.classic.InternalExecRuntime.connectEndpoint(InternalExecRuntime.java:174)
      	at org.apache.hc.client5.http.impl.classic.ConnectExec.execute(ConnectExec.java:144)
      	at org.apache.hc.client5.http.impl.classic.ExecChainElement.execute(ExecChainElement.java:51)
      	at org.apache.hc.client5.http.impl.classic.ProtocolExec.execute(ProtocolExec.java:192)
      	at org.apache.hc.client5.http.impl.classic.ExecChainElement.execute(ExecChainElement.java:51)
      	at org.apache.hc.client5.http.impl.classic.ContentCompressionExec.execute(ContentCompressionExec.java:150)
      	at org.apache.hc.client5.http.impl.classic.ExecChainElement.execute(ExecChainElement.java:51)
      	at org.apache.hc.client5.http.impl.classic.HttpRequestRetryExec.execute(HttpRequestRetryExec.java:113)
      	at org.apache.hc.client5.http.impl.classic.ExecChainElement.execute(ExecChainElement.java:51)
      	at org.apache.hc.client5.http.impl.classic.RedirectExec.execute(RedirectExec.java:110)
      	at org.apache.hc.client5.http.impl.classic.ExecChainElement.execute(ExecChainElement.java:51)
      	at org.apache.hc.client5.http.impl.classic.InternalHttpClient.doExecute(InternalHttpClient.java:183)
      	at org.apache.hc.client5.http.impl.classic.CloseableHttpClient.execute(CloseableHttpClient.java:87)
      	at org.apache.hc.client5.http.impl.classic.CloseableHttpClient.execute(CloseableHttpClient.java:55)
      	at org.apache.hc.client5.http.classic.HttpClient.executeOpen(HttpClient.java:183)
      	at io.github.bonigarcia.wdm.online.HttpClient.execute(HttpClient.java:151)
      	at io.github.bonigarcia.wdm.managers.EdgeDriverManager.getDriversFromXml(EdgeDriverManager.java:267)
      	... 10 more&amp#27;[0m
  &amp#27;[36mGiven &amp#27;[0m&amp#27;[36mUser has opened the browser&amp#27;[0m                                                            &amp#27;[90m# com.zaidan.testng.definitions.LoginPageDefinitions.user_has_opened_the_browser()&amp#27;[0m
  &amp#27;[36mAnd &amp#27;[0m&amp#27;[36mThe user is on the application login page&amp#27;[0m                                                &amp#27;[90m# com.zaidan.testng.definitions.LoginPageDefinitions.user_has_navigated_to_login_page()&amp#27;[0m
  &amp#27;[36mAnd &amp#27;[0m&amp#27;[36mUser enters username &amp#27;[0m&amp#27;[36m&amp#27;[1m"pengajar1@example.com"&amp#27;[0m&amp#27;[36m and password &amp#27;[0m&amp#27;[36m&amp#27;[1m"pengajar1"&amp#27;[0m                    &amp#27;[90m# com.zaidan.testng.definitions.LoginPageDefinitions.go_to_home_page(java.lang.String,java.lang.String)&amp#27;[0m
  &amp#27;[36mAnd &amp#27;[0m&amp#27;[36mUser clicks on the login button&amp#27;[0m                                                          &amp#27;[90m# com.zaidan.testng.definitions.LoginPageDefinitions.click_login_button()&amp#27;[0m
  &amp#27;[36mAnd &amp#27;[0m&amp#27;[36mUser clicks on Pemantauan&amp#27;[0m                                                                &amp#27;[90m# com.zaidan.testng.definitions.ProgressOverviewDefinitions.userClicksOnProgressPage()&amp#27;[0m
  &amp#27;[36mWhen &amp#27;[0m&amp#27;[36mUser clicks on &amp#27;[0m&amp#27;[36m&amp#27;[1m"Progres"&amp#27;[0m&amp#27;[36m button of &amp#27;[0m&amp#27;[36m&amp#27;[1m"Komputer Grafik"&amp#27;[0m&amp#27;[36m course&amp#27;[0m                             &amp#27;[90m# com.zaidan.testng.definitions.ProgressOverviewDefinitions.userClicksOnProgresBtn(java.lang.String,java.lang.String)&amp#27;[0m
  &amp#27;[36mAnd &amp#27;[0m&amp#27;[36mStudent tasks finish status should be set like these:&amp#27;[0m                                    &amp#27;[90m# com.zaidan.testng.definitions.ProgressOverviewDefinitions.setStudentTasksFinishStatus(io.cucumber.datatable.DataTable)&amp#27;[0m
    | student_position | task_position | status      | score |
    | 1                | 1             | NOT_STARTED | 0     |
    | 1                | 2             | FINISHED    | 0     |
    | 1                | 3             | NOT_STARTED | 0     |
    | 2                | 1             | IN_PROGRESS | 0     |
    | 2                | 2             | NOT_STARTED | 0     |
    | 2                | 3             | FINISHED    | 95    |
    | 3                | 1             | NOT_STARTED | 0     |
    | 3                | 2             | NOT_STARTED | 0     |
    | 3                | 3             | NOT_STARTED | 0     |
  &amp#27;[36mAnd &amp#27;[0m&amp#27;[36mStudent progress of &amp#27;[0m&amp#27;[36m&amp#27;[1m"Komputer Grafik"&amp#27;[0m&amp#27;[36m course should be set like these:&amp#27;[0m                   &amp#27;[90m# com.zaidan.testng.definitions.ProgressOverviewDefinitions.setStudentProgressForCourse(java.lang.String,io.cucumber.datatable.DataTable)&amp#27;[0m
    | student_position | percentage |
    | 1                | 33.33      |
    | 2                | 33.33      |
    | 3                | 0          |
  &amp#27;[36mThen &amp#27;[0m&amp#27;[36mThe page title should be &amp#27;[0m&amp#27;[36m&amp#27;[1m"Pemantau Progres Belajar"&amp#27;[0m                                     &amp#27;[90m# com.zaidan.testng.definitions.ProgressOverviewDefinitions.verifyPageTitle(java.lang.String)&amp#27;[0m
  &amp#27;[36mAnd &amp#27;[0m&amp#27;[36mThe page subtitle should be the same with &amp#27;[0m&amp#27;[36m&amp#27;[1m"Komputer Grafik"&amp#27;[0m&amp#27;[36m course&amp#27;[0m                       &amp#27;[90m# com.zaidan.testng.definitions.ProgressOverviewDefinitions.verifyPageSubtitle(java.lang.String)&amp#27;[0m
  &amp#27;[36mAnd &amp#27;[0m&amp#27;[36mThe study progress of every student should be displayed&amp#27;[0m                                  &amp#27;[90m# com.zaidan.testng.definitions.ProgressOverviewDefinitions.verifyDisplayedStudentProgressMatchesDatabase()&amp#27;[0m
]]></system-out>
  </testcase>
  <testcase name="runScenario[&quot;Verify progress overview page with all students finished all materials and quizzes&quot;, &quot;FR-12 Progress Overview&quot;](3)" classname="com.zaidan.testng.runner.CucumberRunnerTests" time="0.804">
    <failure message="io.github.bonigarcia.wdm.config.WebDriverManagerException: java.net.UnknownHostException: msedgedriver.azureedge.net" type="io.github.bonigarcia.wdm.config.WebDriverManagerException"><![CDATA[io.github.bonigarcia.wdm.config.WebDriverManagerException: io.github.bonigarcia.wdm.config.WebDriverManagerException: java.net.UnknownHostException: msedgedriver.azureedge.net
	at io.github.bonigarcia.wdm.WebDriverManager.handleException(WebDriverManager.java:1443)
	at io.github.bonigarcia.wdm.WebDriverManager.manage(WebDriverManager.java:1206)
	at io.github.bonigarcia.wdm.WebDriverManager.fallback(WebDriverManager.java:1459)
	at io.github.bonigarcia.wdm.WebDriverManager.handleException(WebDriverManager.java:1437)
	at io.github.bonigarcia.wdm.WebDriverManager.manage(WebDriverManager.java:1206)
	at io.github.bonigarcia.wdm.WebDriverManager.setup(WebDriverManager.java:429)
	at com.zaidan.testng.utils.HelperClass.setUpDriver(HelperClass.java:17)
	at com.zaidan.testng.definitions.Hooks.setUp(Hooks.java:27)
Caused by: io.github.bonigarcia.wdm.config.WebDriverManagerException: java.net.UnknownHostException: msedgedriver.azureedge.net
	at io.github.bonigarcia.wdm.managers.EdgeDriverManager.getDriversFromXml(EdgeDriverManager.java:308)
	at io.github.bonigarcia.wdm.managers.EdgeDriverManager.getDriverUrls(EdgeDriverManager.java:138)
	at io.github.bonigarcia.wdm.WebDriverManager.createUrlHandler(WebDriverManager.java:1464)
	at io.github.bonigarcia.wdm.WebDriverManager.download(WebDriverManager.java:1294)
	at io.github.bonigarcia.wdm.WebDriverManager.manage(WebDriverManager.java:1200)
	... 6 more
Caused by: java.net.UnknownHostException: msedgedriver.azureedge.net
	at java.base/java.net.InetAddress$CachedLookup.get(InetAddress.java:905)
	at java.base/java.net.InetAddress.getAllByName0(InetAddress.java:1687)
	at java.base/java.net.InetAddress.getAllByName(InetAddress.java:1568)
	at org.apache.hc.client5.http.SystemDefaultDnsResolver.resolve(SystemDefaultDnsResolver.java:61)
	at org.apache.hc.client5.http.impl.io.DefaultHttpClientConnectionOperator.connect(DefaultHttpClientConnectionOperator.java:169)
	at org.apache.hc.client5.http.impl.io.PoolingHttpClientConnectionManager.connect(PoolingHttpClientConnectionManager.java:490)
	at org.apache.hc.client5.http.impl.classic.InternalExecRuntime.connectEndpoint(InternalExecRuntime.java:164)
	at org.apache.hc.client5.http.impl.classic.InternalExecRuntime.connectEndpoint(InternalExecRuntime.java:174)
	at org.apache.hc.client5.http.impl.classic.ConnectExec.execute(ConnectExec.java:144)
	at org.apache.hc.client5.http.impl.classic.ExecChainElement.execute(ExecChainElement.java:51)
	at org.apache.hc.client5.http.impl.classic.ProtocolExec.execute(ProtocolExec.java:192)
	at org.apache.hc.client5.http.impl.classic.ExecChainElement.execute(ExecChainElement.java:51)
	at org.apache.hc.client5.http.impl.classic.ContentCompressionExec.execute(ContentCompressionExec.java:150)
	at org.apache.hc.client5.http.impl.classic.ExecChainElement.execute(ExecChainElement.java:51)
	at org.apache.hc.client5.http.impl.classic.HttpRequestRetryExec.execute(HttpRequestRetryExec.java:113)
	at org.apache.hc.client5.http.impl.classic.ExecChainElement.execute(ExecChainElement.java:51)
	at org.apache.hc.client5.http.impl.classic.RedirectExec.execute(RedirectExec.java:110)
	at org.apache.hc.client5.http.impl.classic.ExecChainElement.execute(ExecChainElement.java:51)
	at org.apache.hc.client5.http.impl.classic.InternalHttpClient.doExecute(InternalHttpClient.java:183)
	at org.apache.hc.client5.http.impl.classic.CloseableHttpClient.execute(CloseableHttpClient.java:87)
	at org.apache.hc.client5.http.impl.classic.CloseableHttpClient.execute(CloseableHttpClient.java:55)
	at org.apache.hc.client5.http.classic.HttpClient.executeOpen(HttpClient.java:183)
	at io.github.bonigarcia.wdm.online.HttpClient.execute(HttpClient.java:151)
	at io.github.bonigarcia.wdm.managers.EdgeDriverManager.getDriversFromXml(EdgeDriverManager.java:267)
	... 10 more
]]></failure>
    <system-out><![CDATA[
@FR12
Scenario: Verify progress overview page with all students finished all materials and quizzes &amp#27;[90m# src/test/resources/features/ProgressOverview.feature:60&amp#27;[0m
      &amp#27;[31mio.github.bonigarcia.wdm.config.WebDriverManagerException: io.github.bonigarcia.wdm.config.WebDriverManagerException: java.net.UnknownHostException: msedgedriver.azureedge.net
      	at io.github.bonigarcia.wdm.WebDriverManager.handleException(WebDriverManager.java:1443)
      	at io.github.bonigarcia.wdm.WebDriverManager.manage(WebDriverManager.java:1206)
      	at io.github.bonigarcia.wdm.WebDriverManager.fallback(WebDriverManager.java:1459)
      	at io.github.bonigarcia.wdm.WebDriverManager.handleException(WebDriverManager.java:1437)
      	at io.github.bonigarcia.wdm.WebDriverManager.manage(WebDriverManager.java:1206)
      	at io.github.bonigarcia.wdm.WebDriverManager.setup(WebDriverManager.java:429)
      	at com.zaidan.testng.utils.HelperClass.setUpDriver(HelperClass.java:17)
      	at com.zaidan.testng.definitions.Hooks.setUp(Hooks.java:27)
      Caused by: io.github.bonigarcia.wdm.config.WebDriverManagerException: java.net.UnknownHostException: msedgedriver.azureedge.net
      	at io.github.bonigarcia.wdm.managers.EdgeDriverManager.getDriversFromXml(EdgeDriverManager.java:308)
      	at io.github.bonigarcia.wdm.managers.EdgeDriverManager.getDriverUrls(EdgeDriverManager.java:138)
      	at io.github.bonigarcia.wdm.WebDriverManager.createUrlHandler(WebDriverManager.java:1464)
      	at io.github.bonigarcia.wdm.WebDriverManager.download(WebDriverManager.java:1294)
      	at io.github.bonigarcia.wdm.WebDriverManager.manage(WebDriverManager.java:1200)
      	... 6 more
      Caused by: java.net.UnknownHostException: msedgedriver.azureedge.net
      	at java.base/java.net.InetAddress$CachedLookup.get(InetAddress.java:905)
      	at java.base/java.net.InetAddress.getAllByName0(InetAddress.java:1687)
      	at java.base/java.net.InetAddress.getAllByName(InetAddress.java:1568)
      	at org.apache.hc.client5.http.SystemDefaultDnsResolver.resolve(SystemDefaultDnsResolver.java:61)
      	at org.apache.hc.client5.http.impl.io.DefaultHttpClientConnectionOperator.connect(DefaultHttpClientConnectionOperator.java:169)
      	at org.apache.hc.client5.http.impl.io.PoolingHttpClientConnectionManager.connect(PoolingHttpClientConnectionManager.java:490)
      	at org.apache.hc.client5.http.impl.classic.InternalExecRuntime.connectEndpoint(InternalExecRuntime.java:164)
      	at org.apache.hc.client5.http.impl.classic.InternalExecRuntime.connectEndpoint(InternalExecRuntime.java:174)
      	at org.apache.hc.client5.http.impl.classic.ConnectExec.execute(ConnectExec.java:144)
      	at org.apache.hc.client5.http.impl.classic.ExecChainElement.execute(ExecChainElement.java:51)
      	at org.apache.hc.client5.http.impl.classic.ProtocolExec.execute(ProtocolExec.java:192)
      	at org.apache.hc.client5.http.impl.classic.ExecChainElement.execute(ExecChainElement.java:51)
      	at org.apache.hc.client5.http.impl.classic.ContentCompressionExec.execute(ContentCompressionExec.java:150)
      	at org.apache.hc.client5.http.impl.classic.ExecChainElement.execute(ExecChainElement.java:51)
      	at org.apache.hc.client5.http.impl.classic.HttpRequestRetryExec.execute(HttpRequestRetryExec.java:113)
      	at org.apache.hc.client5.http.impl.classic.ExecChainElement.execute(ExecChainElement.java:51)
      	at org.apache.hc.client5.http.impl.classic.RedirectExec.execute(RedirectExec.java:110)
      	at org.apache.hc.client5.http.impl.classic.ExecChainElement.execute(ExecChainElement.java:51)
      	at org.apache.hc.client5.http.impl.classic.InternalHttpClient.doExecute(InternalHttpClient.java:183)
      	at org.apache.hc.client5.http.impl.classic.CloseableHttpClient.execute(CloseableHttpClient.java:87)
      	at org.apache.hc.client5.http.impl.classic.CloseableHttpClient.execute(CloseableHttpClient.java:55)
      	at org.apache.hc.client5.http.classic.HttpClient.executeOpen(HttpClient.java:183)
      	at io.github.bonigarcia.wdm.online.HttpClient.execute(HttpClient.java:151)
      	at io.github.bonigarcia.wdm.managers.EdgeDriverManager.getDriversFromXml(EdgeDriverManager.java:267)
      	... 10 more&amp#27;[0m
  &amp#27;[36mGiven &amp#27;[0m&amp#27;[36mUser has opened the browser&amp#27;[0m                                                          &amp#27;[90m# com.zaidan.testng.definitions.LoginPageDefinitions.user_has_opened_the_browser()&amp#27;[0m
  &amp#27;[36mAnd &amp#27;[0m&amp#27;[36mThe user is on the application login page&amp#27;[0m                                              &amp#27;[90m# com.zaidan.testng.definitions.LoginPageDefinitions.user_has_navigated_to_login_page()&amp#27;[0m
  &amp#27;[36mAnd &amp#27;[0m&amp#27;[36mUser enters username &amp#27;[0m&amp#27;[36m&amp#27;[1m"pengajar1@example.com"&amp#27;[0m&amp#27;[36m and password &amp#27;[0m&amp#27;[36m&amp#27;[1m"pengajar1"&amp#27;[0m                  &amp#27;[90m# com.zaidan.testng.definitions.LoginPageDefinitions.go_to_home_page(java.lang.String,java.lang.String)&amp#27;[0m
  &amp#27;[36mAnd &amp#27;[0m&amp#27;[36mUser clicks on the login button&amp#27;[0m                                                        &amp#27;[90m# com.zaidan.testng.definitions.LoginPageDefinitions.click_login_button()&amp#27;[0m
  &amp#27;[36mAnd &amp#27;[0m&amp#27;[36mUser clicks on Pemantauan&amp#27;[0m                                                              &amp#27;[90m# com.zaidan.testng.definitions.ProgressOverviewDefinitions.userClicksOnProgressPage()&amp#27;[0m
  &amp#27;[36mWhen &amp#27;[0m&amp#27;[36mUser clicks on &amp#27;[0m&amp#27;[36m&amp#27;[1m"Progres"&amp#27;[0m&amp#27;[36m button of &amp#27;[0m&amp#27;[36m&amp#27;[1m"Komputer Grafik"&amp#27;[0m&amp#27;[36m course&amp#27;[0m                           &amp#27;[90m# com.zaidan.testng.definitions.ProgressOverviewDefinitions.userClicksOnProgresBtn(java.lang.String,java.lang.String)&amp#27;[0m
  &amp#27;[36mAnd &amp#27;[0m&amp#27;[36mStudent tasks finish status should be set like these:&amp#27;[0m                                  &amp#27;[90m# com.zaidan.testng.definitions.ProgressOverviewDefinitions.setStudentTasksFinishStatus(io.cucumber.datatable.DataTable)&amp#27;[0m
    | student_position | task_position | status   | score |
    | 1                | 1             | FINISHED | 0     |
    | 1                | 2             | FINISHED | 0     |
    | 1                | 3             | FINISHED | 90    |
    | 2                | 1             | FINISHED | 0     |
    | 2                | 2             | FINISHED | 0     |
    | 2                | 3             | FINISHED | 95    |
    | 3                | 1             | FINISHED | 0     |
    | 3                | 2             | FINISHED | 0     |
    | 3                | 3             | FINISHED | 85    |
  &amp#27;[36mAnd &amp#27;[0m&amp#27;[36mStudent progress of &amp#27;[0m&amp#27;[36m&amp#27;[1m"Komputer Grafik"&amp#27;[0m&amp#27;[36m course should be set like these:&amp#27;[0m                 &amp#27;[90m# com.zaidan.testng.definitions.ProgressOverviewDefinitions.setStudentProgressForCourse(java.lang.String,io.cucumber.datatable.DataTable)&amp#27;[0m
    | student_position | percentage |
    | 1                | 100        |
    | 2                | 100        |
    | 3                | 100        |
  &amp#27;[36mThen &amp#27;[0m&amp#27;[36mThe page title should be &amp#27;[0m&amp#27;[36m&amp#27;[1m"Pemantau Progres Belajar"&amp#27;[0m                                   &amp#27;[90m# com.zaidan.testng.definitions.ProgressOverviewDefinitions.verifyPageTitle(java.lang.String)&amp#27;[0m
  &amp#27;[36mAnd &amp#27;[0m&amp#27;[36mThe page subtitle should be the same with &amp#27;[0m&amp#27;[36m&amp#27;[1m"Komputer Grafik"&amp#27;[0m&amp#27;[36m course&amp#27;[0m                     &amp#27;[90m# com.zaidan.testng.definitions.ProgressOverviewDefinitions.verifyPageSubtitle(java.lang.String)&amp#27;[0m
  &amp#27;[36mAnd &amp#27;[0m&amp#27;[36mThe study progress of every student should be displayed&amp#27;[0m                                &amp#27;[90m# com.zaidan.testng.definitions.ProgressOverviewDefinitions.verifyDisplayedStudentProgressMatchesDatabase()&amp#27;[0m
]]></system-out>
  </testcase>
  <testcase name="runScenario[&quot;Verify progress overview page with three different student states;&quot;, &quot;FR-12 Progress Overview&quot;](4)" classname="com.zaidan.testng.runner.CucumberRunnerTests" time="0.723">
    <failure message="io.github.bonigarcia.wdm.config.WebDriverManagerException: java.net.UnknownHostException: msedgedriver.azureedge.net" type="io.github.bonigarcia.wdm.config.WebDriverManagerException"><![CDATA[io.github.bonigarcia.wdm.config.WebDriverManagerException: io.github.bonigarcia.wdm.config.WebDriverManagerException: java.net.UnknownHostException: msedgedriver.azureedge.net
	at io.github.bonigarcia.wdm.WebDriverManager.handleException(WebDriverManager.java:1443)
	at io.github.bonigarcia.wdm.WebDriverManager.manage(WebDriverManager.java:1206)
	at io.github.bonigarcia.wdm.WebDriverManager.fallback(WebDriverManager.java:1459)
	at io.github.bonigarcia.wdm.WebDriverManager.handleException(WebDriverManager.java:1437)
	at io.github.bonigarcia.wdm.WebDriverManager.manage(WebDriverManager.java:1206)
	at io.github.bonigarcia.wdm.WebDriverManager.setup(WebDriverManager.java:429)
	at com.zaidan.testng.utils.HelperClass.setUpDriver(HelperClass.java:17)
	at com.zaidan.testng.definitions.Hooks.setUp(Hooks.java:27)
Caused by: io.github.bonigarcia.wdm.config.WebDriverManagerException: java.net.UnknownHostException: msedgedriver.azureedge.net
	at io.github.bonigarcia.wdm.managers.EdgeDriverManager.getDriversFromXml(EdgeDriverManager.java:308)
	at io.github.bonigarcia.wdm.managers.EdgeDriverManager.getDriverUrls(EdgeDriverManager.java:138)
	at io.github.bonigarcia.wdm.WebDriverManager.createUrlHandler(WebDriverManager.java:1464)
	at io.github.bonigarcia.wdm.WebDriverManager.download(WebDriverManager.java:1294)
	at io.github.bonigarcia.wdm.WebDriverManager.manage(WebDriverManager.java:1200)
	... 6 more
Caused by: java.net.UnknownHostException: msedgedriver.azureedge.net
	at java.base/java.net.InetAddress$CachedLookup.get(InetAddress.java:905)
	at java.base/java.net.InetAddress.getAllByName0(InetAddress.java:1687)
	at java.base/java.net.InetAddress.getAllByName(InetAddress.java:1568)
	at org.apache.hc.client5.http.SystemDefaultDnsResolver.resolve(SystemDefaultDnsResolver.java:61)
	at org.apache.hc.client5.http.impl.io.DefaultHttpClientConnectionOperator.connect(DefaultHttpClientConnectionOperator.java:169)
	at org.apache.hc.client5.http.impl.io.PoolingHttpClientConnectionManager.connect(PoolingHttpClientConnectionManager.java:490)
	at org.apache.hc.client5.http.impl.classic.InternalExecRuntime.connectEndpoint(InternalExecRuntime.java:164)
	at org.apache.hc.client5.http.impl.classic.InternalExecRuntime.connectEndpoint(InternalExecRuntime.java:174)
	at org.apache.hc.client5.http.impl.classic.ConnectExec.execute(ConnectExec.java:144)
	at org.apache.hc.client5.http.impl.classic.ExecChainElement.execute(ExecChainElement.java:51)
	at org.apache.hc.client5.http.impl.classic.ProtocolExec.execute(ProtocolExec.java:192)
	at org.apache.hc.client5.http.impl.classic.ExecChainElement.execute(ExecChainElement.java:51)
	at org.apache.hc.client5.http.impl.classic.ContentCompressionExec.execute(ContentCompressionExec.java:150)
	at org.apache.hc.client5.http.impl.classic.ExecChainElement.execute(ExecChainElement.java:51)
	at org.apache.hc.client5.http.impl.classic.HttpRequestRetryExec.execute(HttpRequestRetryExec.java:113)
	at org.apache.hc.client5.http.impl.classic.ExecChainElement.execute(ExecChainElement.java:51)
	at org.apache.hc.client5.http.impl.classic.RedirectExec.execute(RedirectExec.java:110)
	at org.apache.hc.client5.http.impl.classic.ExecChainElement.execute(ExecChainElement.java:51)
	at org.apache.hc.client5.http.impl.classic.InternalHttpClient.doExecute(InternalHttpClient.java:183)
	at org.apache.hc.client5.http.impl.classic.CloseableHttpClient.execute(CloseableHttpClient.java:87)
	at org.apache.hc.client5.http.impl.classic.CloseableHttpClient.execute(CloseableHttpClient.java:55)
	at org.apache.hc.client5.http.classic.HttpClient.executeOpen(HttpClient.java:183)
	at io.github.bonigarcia.wdm.online.HttpClient.execute(HttpClient.java:151)
	at io.github.bonigarcia.wdm.managers.EdgeDriverManager.getDriversFromXml(EdgeDriverManager.java:267)
	... 10 more
]]></failure>
    <system-out><![CDATA[
@FR12
Scenario: Verify progress overview page with three different student states; &amp#27;[90m# src/test/resources/features/ProgressOverview.feature:88&amp#27;[0m
      &amp#27;[31mio.github.bonigarcia.wdm.config.WebDriverManagerException: io.github.bonigarcia.wdm.config.WebDriverManagerException: java.net.UnknownHostException: msedgedriver.azureedge.net
      	at io.github.bonigarcia.wdm.WebDriverManager.handleException(WebDriverManager.java:1443)
      	at io.github.bonigarcia.wdm.WebDriverManager.manage(WebDriverManager.java:1206)
      	at io.github.bonigarcia.wdm.WebDriverManager.fallback(WebDriverManager.java:1459)
      	at io.github.bonigarcia.wdm.WebDriverManager.handleException(WebDriverManager.java:1437)
      	at io.github.bonigarcia.wdm.WebDriverManager.manage(WebDriverManager.java:1206)
      	at io.github.bonigarcia.wdm.WebDriverManager.setup(WebDriverManager.java:429)
      	at com.zaidan.testng.utils.HelperClass.setUpDriver(HelperClass.java:17)
      	at com.zaidan.testng.definitions.Hooks.setUp(Hooks.java:27)
      Caused by: io.github.bonigarcia.wdm.config.WebDriverManagerException: java.net.UnknownHostException: msedgedriver.azureedge.net
      	at io.github.bonigarcia.wdm.managers.EdgeDriverManager.getDriversFromXml(EdgeDriverManager.java:308)
      	at io.github.bonigarcia.wdm.managers.EdgeDriverManager.getDriverUrls(EdgeDriverManager.java:138)
      	at io.github.bonigarcia.wdm.WebDriverManager.createUrlHandler(WebDriverManager.java:1464)
      	at io.github.bonigarcia.wdm.WebDriverManager.download(WebDriverManager.java:1294)
      	at io.github.bonigarcia.wdm.WebDriverManager.manage(WebDriverManager.java:1200)
      	... 6 more
      Caused by: java.net.UnknownHostException: msedgedriver.azureedge.net
      	at java.base/java.net.InetAddress$CachedLookup.get(InetAddress.java:905)
      	at java.base/java.net.InetAddress.getAllByName0(InetAddress.java:1687)
      	at java.base/java.net.InetAddress.getAllByName(InetAddress.java:1568)
      	at org.apache.hc.client5.http.SystemDefaultDnsResolver.resolve(SystemDefaultDnsResolver.java:61)
      	at org.apache.hc.client5.http.impl.io.DefaultHttpClientConnectionOperator.connect(DefaultHttpClientConnectionOperator.java:169)
      	at org.apache.hc.client5.http.impl.io.PoolingHttpClientConnectionManager.connect(PoolingHttpClientConnectionManager.java:490)
      	at org.apache.hc.client5.http.impl.classic.InternalExecRuntime.connectEndpoint(InternalExecRuntime.java:164)
      	at org.apache.hc.client5.http.impl.classic.InternalExecRuntime.connectEndpoint(InternalExecRuntime.java:174)
      	at org.apache.hc.client5.http.impl.classic.ConnectExec.execute(ConnectExec.java:144)
      	at org.apache.hc.client5.http.impl.classic.ExecChainElement.execute(ExecChainElement.java:51)
      	at org.apache.hc.client5.http.impl.classic.ProtocolExec.execute(ProtocolExec.java:192)
      	at org.apache.hc.client5.http.impl.classic.ExecChainElement.execute(ExecChainElement.java:51)
      	at org.apache.hc.client5.http.impl.classic.ContentCompressionExec.execute(ContentCompressionExec.java:150)
      	at org.apache.hc.client5.http.impl.classic.ExecChainElement.execute(ExecChainElement.java:51)
      	at org.apache.hc.client5.http.impl.classic.HttpRequestRetryExec.execute(HttpRequestRetryExec.java:113)
      	at org.apache.hc.client5.http.impl.classic.ExecChainElement.execute(ExecChainElement.java:51)
      	at org.apache.hc.client5.http.impl.classic.RedirectExec.execute(RedirectExec.java:110)
      	at org.apache.hc.client5.http.impl.classic.ExecChainElement.execute(ExecChainElement.java:51)
      	at org.apache.hc.client5.http.impl.classic.InternalHttpClient.doExecute(InternalHttpClient.java:183)
      	at org.apache.hc.client5.http.impl.classic.CloseableHttpClient.execute(CloseableHttpClient.java:87)
      	at org.apache.hc.client5.http.impl.classic.CloseableHttpClient.execute(CloseableHttpClient.java:55)
      	at org.apache.hc.client5.http.classic.HttpClient.executeOpen(HttpClient.java:183)
      	at io.github.bonigarcia.wdm.online.HttpClient.execute(HttpClient.java:151)
      	at io.github.bonigarcia.wdm.managers.EdgeDriverManager.getDriversFromXml(EdgeDriverManager.java:267)
      	... 10 more&amp#27;[0m
  &amp#27;[36mGiven &amp#27;[0m&amp#27;[36mUser has opened the browser&amp#27;[0m                                          &amp#27;[90m# com.zaidan.testng.definitions.LoginPageDefinitions.user_has_opened_the_browser()&amp#27;[0m
  &amp#27;[36mAnd &amp#27;[0m&amp#27;[36mThe user is on the application login page&amp#27;[0m                              &amp#27;[90m# com.zaidan.testng.definitions.LoginPageDefinitions.user_has_navigated_to_login_page()&amp#27;[0m
  &amp#27;[36mAnd &amp#27;[0m&amp#27;[36mUser enters username &amp#27;[0m&amp#27;[36m&amp#27;[1m"pengajar1@example.com"&amp#27;[0m&amp#27;[36m and password &amp#27;[0m&amp#27;[36m&amp#27;[1m"pengajar1"&amp#27;[0m  &amp#27;[90m# com.zaidan.testng.definitions.LoginPageDefinitions.go_to_home_page(java.lang.String,java.lang.String)&amp#27;[0m
  &amp#27;[36mAnd &amp#27;[0m&amp#27;[36mUser clicks on the login button&amp#27;[0m                                        &amp#27;[90m# com.zaidan.testng.definitions.LoginPageDefinitions.click_login_button()&amp#27;[0m
  &amp#27;[36mAnd &amp#27;[0m&amp#27;[36mUser clicks on Pemantauan&amp#27;[0m                                              &amp#27;[90m# com.zaidan.testng.definitions.ProgressOverviewDefinitions.userClicksOnProgressPage()&amp#27;[0m
  &amp#27;[36mWhen &amp#27;[0m&amp#27;[36mUser clicks on &amp#27;[0m&amp#27;[36m&amp#27;[1m"Progres"&amp#27;[0m&amp#27;[36m button of &amp#27;[0m&amp#27;[36m&amp#27;[1m"Komputer Grafik"&amp#27;[0m&amp#27;[36m course&amp#27;[0m           &amp#27;[90m# com.zaidan.testng.definitions.ProgressOverviewDefinitions.userClicksOnProgresBtn(java.lang.String,java.lang.String)&amp#27;[0m
  &amp#27;[36mAnd &amp#27;[0m&amp#27;[36mStudent tasks finish status should be set like these:&amp#27;[0m                  &amp#27;[90m# com.zaidan.testng.definitions.ProgressOverviewDefinitions.setStudentTasksFinishStatus(io.cucumber.datatable.DataTable)&amp#27;[0m
    | student_position | task_position | status      | score |
    | 1                | 1             | NOT_STARTED | 0     |
    | 1                | 2             | NOT_STARTED | 0     |
    | 1                | 3             | NOT_STARTED | 0     |
    | 2                | 1             | FINISHED    | 0     |
    | 2                | 2             | IN_PROGRESS | 0     |
    | 2                | 3             | NOT_STARTED | 0     |
    | 3                | 1             | FINISHED    | 0     |
    | 3                | 2             | FINISHED    | 0     |
    | 3                | 3             | FINISHED    | 100   |
  &amp#27;[36mAnd &amp#27;[0m&amp#27;[36mStudent progress of &amp#27;[0m&amp#27;[36m&amp#27;[1m"Komputer Grafik"&amp#27;[0m&amp#27;[36m course should be set like these:&amp#27;[0m &amp#27;[90m# com.zaidan.testng.definitions.ProgressOverviewDefinitions.setStudentProgressForCourse(java.lang.String,io.cucumber.datatable.DataTable)&amp#27;[0m
    | student_position | percentage |
    | 1                | 0          |
    | 2                | 33.33      |
    | 3                | 100        |
  &amp#27;[36mThen &amp#27;[0m&amp#27;[36mThe page title should be &amp#27;[0m&amp#27;[36m&amp#27;[1m"Pemantau Progres Belajar"&amp#27;[0m                   &amp#27;[90m# com.zaidan.testng.definitions.ProgressOverviewDefinitions.verifyPageTitle(java.lang.String)&amp#27;[0m
  &amp#27;[36mAnd &amp#27;[0m&amp#27;[36mThe page subtitle should be the same with &amp#27;[0m&amp#27;[36m&amp#27;[1m"Komputer Grafik"&amp#27;[0m&amp#27;[36m course&amp#27;[0m     &amp#27;[90m# com.zaidan.testng.definitions.ProgressOverviewDefinitions.verifyPageSubtitle(java.lang.String)&amp#27;[0m
  &amp#27;[36mAnd &amp#27;[0m&amp#27;[36mThe study progress of every student should be displayed&amp#27;[0m                &amp#27;[90m# com.zaidan.testng.definitions.ProgressOverviewDefinitions.verifyDisplayedStudentProgressMatchesDatabase()&amp#27;[0m
]]></system-out>
  </testcase>
  <testcase name="runScenario[&quot;Verify ascending sorting operation on Riwayat Kuis page&quot;, &quot;FR-12 Progress Overview&quot;](5)" classname="com.zaidan.testng.runner.CucumberRunnerTests" time="1.158">
    <failure message="io.github.bonigarcia.wdm.config.WebDriverManagerException: java.net.UnknownHostException: msedgedriver.azureedge.net" type="io.github.bonigarcia.wdm.config.WebDriverManagerException"><![CDATA[io.github.bonigarcia.wdm.config.WebDriverManagerException: io.github.bonigarcia.wdm.config.WebDriverManagerException: java.net.UnknownHostException: msedgedriver.azureedge.net
	at io.github.bonigarcia.wdm.WebDriverManager.handleException(WebDriverManager.java:1443)
	at io.github.bonigarcia.wdm.WebDriverManager.manage(WebDriverManager.java:1206)
	at io.github.bonigarcia.wdm.WebDriverManager.fallback(WebDriverManager.java:1459)
	at io.github.bonigarcia.wdm.WebDriverManager.handleException(WebDriverManager.java:1437)
	at io.github.bonigarcia.wdm.WebDriverManager.manage(WebDriverManager.java:1206)
	at io.github.bonigarcia.wdm.WebDriverManager.setup(WebDriverManager.java:429)
	at com.zaidan.testng.utils.HelperClass.setUpDriver(HelperClass.java:17)
	at com.zaidan.testng.definitions.Hooks.setUp(Hooks.java:27)
Caused by: io.github.bonigarcia.wdm.config.WebDriverManagerException: java.net.UnknownHostException: msedgedriver.azureedge.net
	at io.github.bonigarcia.wdm.managers.EdgeDriverManager.getDriversFromXml(EdgeDriverManager.java:308)
	at io.github.bonigarcia.wdm.managers.EdgeDriverManager.getDriverUrls(EdgeDriverManager.java:138)
	at io.github.bonigarcia.wdm.WebDriverManager.createUrlHandler(WebDriverManager.java:1464)
	at io.github.bonigarcia.wdm.WebDriverManager.download(WebDriverManager.java:1294)
	at io.github.bonigarcia.wdm.WebDriverManager.manage(WebDriverManager.java:1200)
	... 6 more
Caused by: java.net.UnknownHostException: msedgedriver.azureedge.net
	at java.base/java.net.InetAddress$CachedLookup.get(InetAddress.java:905)
	at java.base/java.net.InetAddress.getAllByName0(InetAddress.java:1687)
	at java.base/java.net.InetAddress.getAllByName(InetAddress.java:1568)
	at org.apache.hc.client5.http.SystemDefaultDnsResolver.resolve(SystemDefaultDnsResolver.java:61)
	at org.apache.hc.client5.http.impl.io.DefaultHttpClientConnectionOperator.connect(DefaultHttpClientConnectionOperator.java:169)
	at org.apache.hc.client5.http.impl.io.PoolingHttpClientConnectionManager.connect(PoolingHttpClientConnectionManager.java:490)
	at org.apache.hc.client5.http.impl.classic.InternalExecRuntime.connectEndpoint(InternalExecRuntime.java:164)
	at org.apache.hc.client5.http.impl.classic.InternalExecRuntime.connectEndpoint(InternalExecRuntime.java:174)
	at org.apache.hc.client5.http.impl.classic.ConnectExec.execute(ConnectExec.java:144)
	at org.apache.hc.client5.http.impl.classic.ExecChainElement.execute(ExecChainElement.java:51)
	at org.apache.hc.client5.http.impl.classic.ProtocolExec.execute(ProtocolExec.java:192)
	at org.apache.hc.client5.http.impl.classic.ExecChainElement.execute(ExecChainElement.java:51)
	at org.apache.hc.client5.http.impl.classic.ContentCompressionExec.execute(ContentCompressionExec.java:150)
	at org.apache.hc.client5.http.impl.classic.ExecChainElement.execute(ExecChainElement.java:51)
	at org.apache.hc.client5.http.impl.classic.HttpRequestRetryExec.execute(HttpRequestRetryExec.java:113)
	at org.apache.hc.client5.http.impl.classic.ExecChainElement.execute(ExecChainElement.java:51)
	at org.apache.hc.client5.http.impl.classic.RedirectExec.execute(RedirectExec.java:110)
	at org.apache.hc.client5.http.impl.classic.ExecChainElement.execute(ExecChainElement.java:51)
	at org.apache.hc.client5.http.impl.classic.InternalHttpClient.doExecute(InternalHttpClient.java:183)
	at org.apache.hc.client5.http.impl.classic.CloseableHttpClient.execute(CloseableHttpClient.java:87)
	at org.apache.hc.client5.http.impl.classic.CloseableHttpClient.execute(CloseableHttpClient.java:55)
	at org.apache.hc.client5.http.classic.HttpClient.executeOpen(HttpClient.java:183)
	at io.github.bonigarcia.wdm.online.HttpClient.execute(HttpClient.java:151)
	at io.github.bonigarcia.wdm.managers.EdgeDriverManager.getDriversFromXml(EdgeDriverManager.java:267)
	... 10 more
]]></failure>
    <system-out><![CDATA[
@FR12
Scenario: Verify ascending sorting operation on Riwayat Kuis page                                &amp#27;[90m# src/test/resources/features/ProgressOverview.feature:117&amp#27;[0m
      &amp#27;[31mio.github.bonigarcia.wdm.config.WebDriverManagerException: io.github.bonigarcia.wdm.config.WebDriverManagerException: java.net.UnknownHostException: msedgedriver.azureedge.net
      	at io.github.bonigarcia.wdm.WebDriverManager.handleException(WebDriverManager.java:1443)
      	at io.github.bonigarcia.wdm.WebDriverManager.manage(WebDriverManager.java:1206)
      	at io.github.bonigarcia.wdm.WebDriverManager.fallback(WebDriverManager.java:1459)
      	at io.github.bonigarcia.wdm.WebDriverManager.handleException(WebDriverManager.java:1437)
      	at io.github.bonigarcia.wdm.WebDriverManager.manage(WebDriverManager.java:1206)
      	at io.github.bonigarcia.wdm.WebDriverManager.setup(WebDriverManager.java:429)
      	at com.zaidan.testng.utils.HelperClass.setUpDriver(HelperClass.java:17)
      	at com.zaidan.testng.definitions.Hooks.setUp(Hooks.java:27)
      Caused by: io.github.bonigarcia.wdm.config.WebDriverManagerException: java.net.UnknownHostException: msedgedriver.azureedge.net
      	at io.github.bonigarcia.wdm.managers.EdgeDriverManager.getDriversFromXml(EdgeDriverManager.java:308)
      	at io.github.bonigarcia.wdm.managers.EdgeDriverManager.getDriverUrls(EdgeDriverManager.java:138)
      	at io.github.bonigarcia.wdm.WebDriverManager.createUrlHandler(WebDriverManager.java:1464)
      	at io.github.bonigarcia.wdm.WebDriverManager.download(WebDriverManager.java:1294)
      	at io.github.bonigarcia.wdm.WebDriverManager.manage(WebDriverManager.java:1200)
      	... 6 more
      Caused by: java.net.UnknownHostException: msedgedriver.azureedge.net
      	at java.base/java.net.InetAddress$CachedLookup.get(InetAddress.java:905)
      	at java.base/java.net.InetAddress.getAllByName0(InetAddress.java:1687)
      	at java.base/java.net.InetAddress.getAllByName(InetAddress.java:1568)
      	at org.apache.hc.client5.http.SystemDefaultDnsResolver.resolve(SystemDefaultDnsResolver.java:61)
      	at org.apache.hc.client5.http.impl.io.DefaultHttpClientConnectionOperator.connect(DefaultHttpClientConnectionOperator.java:169)
      	at org.apache.hc.client5.http.impl.io.PoolingHttpClientConnectionManager.connect(PoolingHttpClientConnectionManager.java:490)
      	at org.apache.hc.client5.http.impl.classic.InternalExecRuntime.connectEndpoint(InternalExecRuntime.java:164)
      	at org.apache.hc.client5.http.impl.classic.InternalExecRuntime.connectEndpoint(InternalExecRuntime.java:174)
      	at org.apache.hc.client5.http.impl.classic.ConnectExec.execute(ConnectExec.java:144)
      	at org.apache.hc.client5.http.impl.classic.ExecChainElement.execute(ExecChainElement.java:51)
      	at org.apache.hc.client5.http.impl.classic.ProtocolExec.execute(ProtocolExec.java:192)
      	at org.apache.hc.client5.http.impl.classic.ExecChainElement.execute(ExecChainElement.java:51)
      	at org.apache.hc.client5.http.impl.classic.ContentCompressionExec.execute(ContentCompressionExec.java:150)
      	at org.apache.hc.client5.http.impl.classic.ExecChainElement.execute(ExecChainElement.java:51)
      	at org.apache.hc.client5.http.impl.classic.HttpRequestRetryExec.execute(HttpRequestRetryExec.java:113)
      	at org.apache.hc.client5.http.impl.classic.ExecChainElement.execute(ExecChainElement.java:51)
      	at org.apache.hc.client5.http.impl.classic.RedirectExec.execute(RedirectExec.java:110)
      	at org.apache.hc.client5.http.impl.classic.ExecChainElement.execute(ExecChainElement.java:51)
      	at org.apache.hc.client5.http.impl.classic.InternalHttpClient.doExecute(InternalHttpClient.java:183)
      	at org.apache.hc.client5.http.impl.classic.CloseableHttpClient.execute(CloseableHttpClient.java:87)
      	at org.apache.hc.client5.http.impl.classic.CloseableHttpClient.execute(CloseableHttpClient.java:55)
      	at org.apache.hc.client5.http.classic.HttpClient.executeOpen(HttpClient.java:183)
      	at io.github.bonigarcia.wdm.online.HttpClient.execute(HttpClient.java:151)
      	at io.github.bonigarcia.wdm.managers.EdgeDriverManager.getDriversFromXml(EdgeDriverManager.java:267)
      	... 10 more&amp#27;[0m
  &amp#27;[36mGiven &amp#27;[0m&amp#27;[36mUser has opened the browser&amp#27;[0m                                                              &amp#27;[90m# com.zaidan.testng.definitions.LoginPageDefinitions.user_has_opened_the_browser()&amp#27;[0m
  &amp#27;[36mAnd &amp#27;[0m&amp#27;[36mThe user is on the application login page&amp#27;[0m                                                  &amp#27;[90m# com.zaidan.testng.definitions.LoginPageDefinitions.user_has_navigated_to_login_page()&amp#27;[0m
  &amp#27;[36mAnd &amp#27;[0m&amp#27;[36mUser enters username &amp#27;[0m&amp#27;[36m&amp#27;[1m"pengajar1@example.com"&amp#27;[0m&amp#27;[36m and password &amp#27;[0m&amp#27;[36m&amp#27;[1m"pengajar1"&amp#27;[0m                      &amp#27;[90m# com.zaidan.testng.definitions.LoginPageDefinitions.go_to_home_page(java.lang.String,java.lang.String)&amp#27;[0m
  &amp#27;[36mAnd &amp#27;[0m&amp#27;[36mUser clicks on the login button&amp#27;[0m                                                            &amp#27;[90m# com.zaidan.testng.definitions.LoginPageDefinitions.click_login_button()&amp#27;[0m
  &amp#27;[36mAnd &amp#27;[0m&amp#27;[36mUser clicks on Pemantauan&amp#27;[0m                                                                  &amp#27;[90m# com.zaidan.testng.definitions.ProgressOverviewDefinitions.userClicksOnProgressPage()&amp#27;[0m
  &amp#27;[36mWhen &amp#27;[0m&amp#27;[36mUser clicks on &amp#27;[0m&amp#27;[36m&amp#27;[1m"Detail Kuis"&amp#27;[0m&amp#27;[36m button of &amp#27;[0m&amp#27;[36m&amp#27;[1m"Komputer Grafik"&amp#27;[0m&amp#27;[36m course&amp#27;[0m                           &amp#27;[90m# com.zaidan.testng.definitions.ProgressOverviewDefinitions.userClicksOnProgresBtn(java.lang.String,java.lang.String)&amp#27;[0m
  &amp#27;[36mAnd &amp#27;[0m&amp#27;[36mUser clicks on Lihat Hasil button of Tes Progres quiz&amp#27;[0m                                      &amp#27;[90m# com.zaidan.testng.definitions.ProgressOverviewDefinitions.userClicksOnLihatHasil()&amp#27;[0m
  &amp#27;[36mAnd &amp#27;[0m&amp#27;[36mThe quiz results for &amp#27;[0m&amp#27;[36m&amp#27;[1m"Tes Progres Komgraf"&amp#27;[0m&amp#27;[36m in course &amp#27;[0m&amp#27;[36m&amp#27;[1m"Komputer Grafik"&amp#27;[0m&amp#27;[36m are set as follows:&amp#27;[0m &amp#27;[90m# com.zaidan.testng.definitions.ProgressOverviewDefinitions.setQuizResultsForCourse(java.lang.String,java.lang.String,io.cucumber.datatable.DataTable)&amp#27;[0m
    | student_position | score |
    | 1                | 100   |
    | 2                | 90    |
    | 3                | 85    |
  &amp#27;[36mAnd &amp#27;[0m&amp#27;[36mUser clicks on &amp#27;[0m&amp#27;[36m&amp#27;[1m"ascending"&amp#27;[0m&amp#27;[36m sorting button&amp#27;[0m                                                  &amp#27;[90m# com.zaidan.testng.definitions.ProgressOverviewDefinitions.userClicksOnSortingButton(java.lang.String)&amp#27;[0m
  &amp#27;[36mThen &amp#27;[0m&amp#27;[36mThe displayed names should be sorted in &amp#27;[0m&amp#27;[36m&amp#27;[1m"ascending"&amp#27;[0m&amp#27;[36m order&amp#27;[0m                                 &amp#27;[90m# com.zaidan.testng.definitions.ProgressOverviewDefinitions.verifyDisplayedNames(java.lang.String)&amp#27;[0m
]]></system-out>
  </testcase>
  <testcase name="runScenario[&quot;Verify descending sorting operation on Riwayat Kuis page&quot;, &quot;FR-12 Progress Overview&quot;](6)" classname="com.zaidan.testng.runner.CucumberRunnerTests" time="0.74">
    <failure message="io.github.bonigarcia.wdm.config.WebDriverManagerException: java.net.UnknownHostException: msedgedriver.azureedge.net" type="io.github.bonigarcia.wdm.config.WebDriverManagerException"><![CDATA[io.github.bonigarcia.wdm.config.WebDriverManagerException: io.github.bonigarcia.wdm.config.WebDriverManagerException: java.net.UnknownHostException: msedgedriver.azureedge.net
	at io.github.bonigarcia.wdm.WebDriverManager.handleException(WebDriverManager.java:1443)
	at io.github.bonigarcia.wdm.WebDriverManager.manage(WebDriverManager.java:1206)
	at io.github.bonigarcia.wdm.WebDriverManager.fallback(WebDriverManager.java:1459)
	at io.github.bonigarcia.wdm.WebDriverManager.handleException(WebDriverManager.java:1437)
	at io.github.bonigarcia.wdm.WebDriverManager.manage(WebDriverManager.java:1206)
	at io.github.bonigarcia.wdm.WebDriverManager.setup(WebDriverManager.java:429)
	at com.zaidan.testng.utils.HelperClass.setUpDriver(HelperClass.java:17)
	at com.zaidan.testng.definitions.Hooks.setUp(Hooks.java:27)
Caused by: io.github.bonigarcia.wdm.config.WebDriverManagerException: java.net.UnknownHostException: msedgedriver.azureedge.net
	at io.github.bonigarcia.wdm.managers.EdgeDriverManager.getDriversFromXml(EdgeDriverManager.java:308)
	at io.github.bonigarcia.wdm.managers.EdgeDriverManager.getDriverUrls(EdgeDriverManager.java:138)
	at io.github.bonigarcia.wdm.WebDriverManager.createUrlHandler(WebDriverManager.java:1464)
	at io.github.bonigarcia.wdm.WebDriverManager.download(WebDriverManager.java:1294)
	at io.github.bonigarcia.wdm.WebDriverManager.manage(WebDriverManager.java:1200)
	... 6 more
Caused by: java.net.UnknownHostException: msedgedriver.azureedge.net
	at java.base/java.net.InetAddress$CachedLookup.get(InetAddress.java:905)
	at java.base/java.net.InetAddress.getAllByName0(InetAddress.java:1687)
	at java.base/java.net.InetAddress.getAllByName(InetAddress.java:1568)
	at org.apache.hc.client5.http.SystemDefaultDnsResolver.resolve(SystemDefaultDnsResolver.java:61)
	at org.apache.hc.client5.http.impl.io.DefaultHttpClientConnectionOperator.connect(DefaultHttpClientConnectionOperator.java:169)
	at org.apache.hc.client5.http.impl.io.PoolingHttpClientConnectionManager.connect(PoolingHttpClientConnectionManager.java:490)
	at org.apache.hc.client5.http.impl.classic.InternalExecRuntime.connectEndpoint(InternalExecRuntime.java:164)
	at org.apache.hc.client5.http.impl.classic.InternalExecRuntime.connectEndpoint(InternalExecRuntime.java:174)
	at org.apache.hc.client5.http.impl.classic.ConnectExec.execute(ConnectExec.java:144)
	at org.apache.hc.client5.http.impl.classic.ExecChainElement.execute(ExecChainElement.java:51)
	at org.apache.hc.client5.http.impl.classic.ProtocolExec.execute(ProtocolExec.java:192)
	at org.apache.hc.client5.http.impl.classic.ExecChainElement.execute(ExecChainElement.java:51)
	at org.apache.hc.client5.http.impl.classic.ContentCompressionExec.execute(ContentCompressionExec.java:150)
	at org.apache.hc.client5.http.impl.classic.ExecChainElement.execute(ExecChainElement.java:51)
	at org.apache.hc.client5.http.impl.classic.HttpRequestRetryExec.execute(HttpRequestRetryExec.java:113)
	at org.apache.hc.client5.http.impl.classic.ExecChainElement.execute(ExecChainElement.java:51)
	at org.apache.hc.client5.http.impl.classic.RedirectExec.execute(RedirectExec.java:110)
	at org.apache.hc.client5.http.impl.classic.ExecChainElement.execute(ExecChainElement.java:51)
	at org.apache.hc.client5.http.impl.classic.InternalHttpClient.doExecute(InternalHttpClient.java:183)
	at org.apache.hc.client5.http.impl.classic.CloseableHttpClient.execute(CloseableHttpClient.java:87)
	at org.apache.hc.client5.http.impl.classic.CloseableHttpClient.execute(CloseableHttpClient.java:55)
	at org.apache.hc.client5.http.classic.HttpClient.executeOpen(HttpClient.java:183)
	at io.github.bonigarcia.wdm.online.HttpClient.execute(HttpClient.java:151)
	at io.github.bonigarcia.wdm.managers.EdgeDriverManager.getDriversFromXml(EdgeDriverManager.java:267)
	... 10 more
]]></failure>
    <system-out><![CDATA[
@FR12
Scenario: Verify descending sorting operation on Riwayat Kuis page                               &amp#27;[90m# src/test/resources/features/ProgressOverview.feature:134&amp#27;[0m
      &amp#27;[31mio.github.bonigarcia.wdm.config.WebDriverManagerException: io.github.bonigarcia.wdm.config.WebDriverManagerException: java.net.UnknownHostException: msedgedriver.azureedge.net
      	at io.github.bonigarcia.wdm.WebDriverManager.handleException(WebDriverManager.java:1443)
      	at io.github.bonigarcia.wdm.WebDriverManager.manage(WebDriverManager.java:1206)
      	at io.github.bonigarcia.wdm.WebDriverManager.fallback(WebDriverManager.java:1459)
      	at io.github.bonigarcia.wdm.WebDriverManager.handleException(WebDriverManager.java:1437)
      	at io.github.bonigarcia.wdm.WebDriverManager.manage(WebDriverManager.java:1206)
      	at io.github.bonigarcia.wdm.WebDriverManager.setup(WebDriverManager.java:429)
      	at com.zaidan.testng.utils.HelperClass.setUpDriver(HelperClass.java:17)
      	at com.zaidan.testng.definitions.Hooks.setUp(Hooks.java:27)
      Caused by: io.github.bonigarcia.wdm.config.WebDriverManagerException: java.net.UnknownHostException: msedgedriver.azureedge.net
      	at io.github.bonigarcia.wdm.managers.EdgeDriverManager.getDriversFromXml(EdgeDriverManager.java:308)
      	at io.github.bonigarcia.wdm.managers.EdgeDriverManager.getDriverUrls(EdgeDriverManager.java:138)
      	at io.github.bonigarcia.wdm.WebDriverManager.createUrlHandler(WebDriverManager.java:1464)
      	at io.github.bonigarcia.wdm.WebDriverManager.download(WebDriverManager.java:1294)
      	at io.github.bonigarcia.wdm.WebDriverManager.manage(WebDriverManager.java:1200)
      	... 6 more
      Caused by: java.net.UnknownHostException: msedgedriver.azureedge.net
      	at java.base/java.net.InetAddress$CachedLookup.get(InetAddress.java:905)
      	at java.base/java.net.InetAddress.getAllByName0(InetAddress.java:1687)
      	at java.base/java.net.InetAddress.getAllByName(InetAddress.java:1568)
      	at org.apache.hc.client5.http.SystemDefaultDnsResolver.resolve(SystemDefaultDnsResolver.java:61)
      	at org.apache.hc.client5.http.impl.io.DefaultHttpClientConnectionOperator.connect(DefaultHttpClientConnectionOperator.java:169)
      	at org.apache.hc.client5.http.impl.io.PoolingHttpClientConnectionManager.connect(PoolingHttpClientConnectionManager.java:490)
      	at org.apache.hc.client5.http.impl.classic.InternalExecRuntime.connectEndpoint(InternalExecRuntime.java:164)
      	at org.apache.hc.client5.http.impl.classic.InternalExecRuntime.connectEndpoint(InternalExecRuntime.java:174)
      	at org.apache.hc.client5.http.impl.classic.ConnectExec.execute(ConnectExec.java:144)
      	at org.apache.hc.client5.http.impl.classic.ExecChainElement.execute(ExecChainElement.java:51)
      	at org.apache.hc.client5.http.impl.classic.ProtocolExec.execute(ProtocolExec.java:192)
      	at org.apache.hc.client5.http.impl.classic.ExecChainElement.execute(ExecChainElement.java:51)
      	at org.apache.hc.client5.http.impl.classic.ContentCompressionExec.execute(ContentCompressionExec.java:150)
      	at org.apache.hc.client5.http.impl.classic.ExecChainElement.execute(ExecChainElement.java:51)
      	at org.apache.hc.client5.http.impl.classic.HttpRequestRetryExec.execute(HttpRequestRetryExec.java:113)
      	at org.apache.hc.client5.http.impl.classic.ExecChainElement.execute(ExecChainElement.java:51)
      	at org.apache.hc.client5.http.impl.classic.RedirectExec.execute(RedirectExec.java:110)
      	at org.apache.hc.client5.http.impl.classic.ExecChainElement.execute(ExecChainElement.java:51)
      	at org.apache.hc.client5.http.impl.classic.InternalHttpClient.doExecute(InternalHttpClient.java:183)
      	at org.apache.hc.client5.http.impl.classic.CloseableHttpClient.execute(CloseableHttpClient.java:87)
      	at org.apache.hc.client5.http.impl.classic.CloseableHttpClient.execute(CloseableHttpClient.java:55)
      	at org.apache.hc.client5.http.classic.HttpClient.executeOpen(HttpClient.java:183)
      	at io.github.bonigarcia.wdm.online.HttpClient.execute(HttpClient.java:151)
      	at io.github.bonigarcia.wdm.managers.EdgeDriverManager.getDriversFromXml(EdgeDriverManager.java:267)
      	... 10 more&amp#27;[0m
  &amp#27;[36mGiven &amp#27;[0m&amp#27;[36mUser has opened the browser&amp#27;[0m                                                              &amp#27;[90m# com.zaidan.testng.definitions.LoginPageDefinitions.user_has_opened_the_browser()&amp#27;[0m
  &amp#27;[36mAnd &amp#27;[0m&amp#27;[36mThe user is on the application login page&amp#27;[0m                                                  &amp#27;[90m# com.zaidan.testng.definitions.LoginPageDefinitions.user_has_navigated_to_login_page()&amp#27;[0m
  &amp#27;[36mAnd &amp#27;[0m&amp#27;[36mUser enters username &amp#27;[0m&amp#27;[36m&amp#27;[1m"pengajar1@example.com"&amp#27;[0m&amp#27;[36m and password &amp#27;[0m&amp#27;[36m&amp#27;[1m"pengajar1"&amp#27;[0m                      &amp#27;[90m# com.zaidan.testng.definitions.LoginPageDefinitions.go_to_home_page(java.lang.String,java.lang.String)&amp#27;[0m
  &amp#27;[36mAnd &amp#27;[0m&amp#27;[36mUser clicks on the login button&amp#27;[0m                                                            &amp#27;[90m# com.zaidan.testng.definitions.LoginPageDefinitions.click_login_button()&amp#27;[0m
  &amp#27;[36mAnd &amp#27;[0m&amp#27;[36mUser clicks on Pemantauan&amp#27;[0m                                                                  &amp#27;[90m# com.zaidan.testng.definitions.ProgressOverviewDefinitions.userClicksOnProgressPage()&amp#27;[0m
  &amp#27;[36mWhen &amp#27;[0m&amp#27;[36mUser clicks on &amp#27;[0m&amp#27;[36m&amp#27;[1m"Detail Kuis"&amp#27;[0m&amp#27;[36m button of &amp#27;[0m&amp#27;[36m&amp#27;[1m"Komputer Grafik"&amp#27;[0m&amp#27;[36m course&amp#27;[0m                           &amp#27;[90m# com.zaidan.testng.definitions.ProgressOverviewDefinitions.userClicksOnProgresBtn(java.lang.String,java.lang.String)&amp#27;[0m
  &amp#27;[36mAnd &amp#27;[0m&amp#27;[36mUser clicks on Lihat Hasil button of Tes Progres quiz&amp#27;[0m                                      &amp#27;[90m# com.zaidan.testng.definitions.ProgressOverviewDefinitions.userClicksOnLihatHasil()&amp#27;[0m
  &amp#27;[36mAnd &amp#27;[0m&amp#27;[36mThe quiz results for &amp#27;[0m&amp#27;[36m&amp#27;[1m"Tes Progres Komgraf"&amp#27;[0m&amp#27;[36m in course &amp#27;[0m&amp#27;[36m&amp#27;[1m"Komputer Grafik"&amp#27;[0m&amp#27;[36m are set as follows:&amp#27;[0m &amp#27;[90m# com.zaidan.testng.definitions.ProgressOverviewDefinitions.setQuizResultsForCourse(java.lang.String,java.lang.String,io.cucumber.datatable.DataTable)&amp#27;[0m
    | student_position | score |
    | 1                | 100   |
    | 2                | 90    |
    | 3                | 85    |
  &amp#27;[36mAnd &amp#27;[0m&amp#27;[36mUser clicks on &amp#27;[0m&amp#27;[36m&amp#27;[1m"descending"&amp#27;[0m&amp#27;[36m sorting button&amp#27;[0m                                                 &amp#27;[90m# com.zaidan.testng.definitions.ProgressOverviewDefinitions.userClicksOnSortingButton(java.lang.String)&amp#27;[0m
  &amp#27;[36mThen &amp#27;[0m&amp#27;[36mThe displayed names should be sorted in &amp#27;[0m&amp#27;[36m&amp#27;[1m"descending"&amp#27;[0m&amp#27;[36m order&amp#27;[0m                                &amp#27;[90m# com.zaidan.testng.definitions.ProgressOverviewDefinitions.verifyDisplayedNames(java.lang.String)&amp#27;[0m
]]></system-out>
  </testcase>
  <testcase name="runScenario[&quot;Verify descending sorting operation on Pemantau Progres Belajar page&quot;, &quot;FR-12 Progress Overview&quot;](7)" classname="com.zaidan.testng.runner.CucumberRunnerTests" time="0.741">
    <failure message="io.github.bonigarcia.wdm.config.WebDriverManagerException: java.net.UnknownHostException: msedgedriver.azureedge.net" type="io.github.bonigarcia.wdm.config.WebDriverManagerException"><![CDATA[io.github.bonigarcia.wdm.config.WebDriverManagerException: io.github.bonigarcia.wdm.config.WebDriverManagerException: java.net.UnknownHostException: msedgedriver.azureedge.net
	at io.github.bonigarcia.wdm.WebDriverManager.handleException(WebDriverManager.java:1443)
	at io.github.bonigarcia.wdm.WebDriverManager.manage(WebDriverManager.java:1206)
	at io.github.bonigarcia.wdm.WebDriverManager.fallback(WebDriverManager.java:1459)
	at io.github.bonigarcia.wdm.WebDriverManager.handleException(WebDriverManager.java:1437)
	at io.github.bonigarcia.wdm.WebDriverManager.manage(WebDriverManager.java:1206)
	at io.github.bonigarcia.wdm.WebDriverManager.setup(WebDriverManager.java:429)
	at com.zaidan.testng.utils.HelperClass.setUpDriver(HelperClass.java:17)
	at com.zaidan.testng.definitions.Hooks.setUp(Hooks.java:27)
Caused by: io.github.bonigarcia.wdm.config.WebDriverManagerException: java.net.UnknownHostException: msedgedriver.azureedge.net
	at io.github.bonigarcia.wdm.managers.EdgeDriverManager.getDriversFromXml(EdgeDriverManager.java:308)
	at io.github.bonigarcia.wdm.managers.EdgeDriverManager.getDriverUrls(EdgeDriverManager.java:138)
	at io.github.bonigarcia.wdm.WebDriverManager.createUrlHandler(WebDriverManager.java:1464)
	at io.github.bonigarcia.wdm.WebDriverManager.download(WebDriverManager.java:1294)
	at io.github.bonigarcia.wdm.WebDriverManager.manage(WebDriverManager.java:1200)
	... 6 more
Caused by: java.net.UnknownHostException: msedgedriver.azureedge.net
	at java.base/java.net.InetAddress$CachedLookup.get(InetAddress.java:905)
	at java.base/java.net.InetAddress.getAllByName0(InetAddress.java:1687)
	at java.base/java.net.InetAddress.getAllByName(InetAddress.java:1568)
	at org.apache.hc.client5.http.SystemDefaultDnsResolver.resolve(SystemDefaultDnsResolver.java:61)
	at org.apache.hc.client5.http.impl.io.DefaultHttpClientConnectionOperator.connect(DefaultHttpClientConnectionOperator.java:169)
	at org.apache.hc.client5.http.impl.io.PoolingHttpClientConnectionManager.connect(PoolingHttpClientConnectionManager.java:490)
	at org.apache.hc.client5.http.impl.classic.InternalExecRuntime.connectEndpoint(InternalExecRuntime.java:164)
	at org.apache.hc.client5.http.impl.classic.InternalExecRuntime.connectEndpoint(InternalExecRuntime.java:174)
	at org.apache.hc.client5.http.impl.classic.ConnectExec.execute(ConnectExec.java:144)
	at org.apache.hc.client5.http.impl.classic.ExecChainElement.execute(ExecChainElement.java:51)
	at org.apache.hc.client5.http.impl.classic.ProtocolExec.execute(ProtocolExec.java:192)
	at org.apache.hc.client5.http.impl.classic.ExecChainElement.execute(ExecChainElement.java:51)
	at org.apache.hc.client5.http.impl.classic.ContentCompressionExec.execute(ContentCompressionExec.java:150)
	at org.apache.hc.client5.http.impl.classic.ExecChainElement.execute(ExecChainElement.java:51)
	at org.apache.hc.client5.http.impl.classic.HttpRequestRetryExec.execute(HttpRequestRetryExec.java:113)
	at org.apache.hc.client5.http.impl.classic.ExecChainElement.execute(ExecChainElement.java:51)
	at org.apache.hc.client5.http.impl.classic.RedirectExec.execute(RedirectExec.java:110)
	at org.apache.hc.client5.http.impl.classic.ExecChainElement.execute(ExecChainElement.java:51)
	at org.apache.hc.client5.http.impl.classic.InternalHttpClient.doExecute(InternalHttpClient.java:183)
	at org.apache.hc.client5.http.impl.classic.CloseableHttpClient.execute(CloseableHttpClient.java:87)
	at org.apache.hc.client5.http.impl.classic.CloseableHttpClient.execute(CloseableHttpClient.java:55)
	at org.apache.hc.client5.http.classic.HttpClient.executeOpen(HttpClient.java:183)
	at io.github.bonigarcia.wdm.online.HttpClient.execute(HttpClient.java:151)
	at io.github.bonigarcia.wdm.managers.EdgeDriverManager.getDriversFromXml(EdgeDriverManager.java:267)
	... 10 more
]]></failure>
    <system-out><![CDATA[
@FR12
Scenario: Verify descending sorting operation on Pemantau Progres Belajar page                   &amp#27;[90m# src/test/resources/features/ProgressOverview.feature:151&amp#27;[0m
      &amp#27;[31mio.github.bonigarcia.wdm.config.WebDriverManagerException: io.github.bonigarcia.wdm.config.WebDriverManagerException: java.net.UnknownHostException: msedgedriver.azureedge.net
      	at io.github.bonigarcia.wdm.WebDriverManager.handleException(WebDriverManager.java:1443)
      	at io.github.bonigarcia.wdm.WebDriverManager.manage(WebDriverManager.java:1206)
      	at io.github.bonigarcia.wdm.WebDriverManager.fallback(WebDriverManager.java:1459)
      	at io.github.bonigarcia.wdm.WebDriverManager.handleException(WebDriverManager.java:1437)
      	at io.github.bonigarcia.wdm.WebDriverManager.manage(WebDriverManager.java:1206)
      	at io.github.bonigarcia.wdm.WebDriverManager.setup(WebDriverManager.java:429)
      	at com.zaidan.testng.utils.HelperClass.setUpDriver(HelperClass.java:17)
      	at com.zaidan.testng.definitions.Hooks.setUp(Hooks.java:27)
      Caused by: io.github.bonigarcia.wdm.config.WebDriverManagerException: java.net.UnknownHostException: msedgedriver.azureedge.net
      	at io.github.bonigarcia.wdm.managers.EdgeDriverManager.getDriversFromXml(EdgeDriverManager.java:308)
      	at io.github.bonigarcia.wdm.managers.EdgeDriverManager.getDriverUrls(EdgeDriverManager.java:138)
      	at io.github.bonigarcia.wdm.WebDriverManager.createUrlHandler(WebDriverManager.java:1464)
      	at io.github.bonigarcia.wdm.WebDriverManager.download(WebDriverManager.java:1294)
      	at io.github.bonigarcia.wdm.WebDriverManager.manage(WebDriverManager.java:1200)
      	... 6 more
      Caused by: java.net.UnknownHostException: msedgedriver.azureedge.net
      	at java.base/java.net.InetAddress$CachedLookup.get(InetAddress.java:905)
      	at java.base/java.net.InetAddress.getAllByName0(InetAddress.java:1687)
      	at java.base/java.net.InetAddress.getAllByName(InetAddress.java:1568)
      	at org.apache.hc.client5.http.SystemDefaultDnsResolver.resolve(SystemDefaultDnsResolver.java:61)
      	at org.apache.hc.client5.http.impl.io.DefaultHttpClientConnectionOperator.connect(DefaultHttpClientConnectionOperator.java:169)
      	at org.apache.hc.client5.http.impl.io.PoolingHttpClientConnectionManager.connect(PoolingHttpClientConnectionManager.java:490)
      	at org.apache.hc.client5.http.impl.classic.InternalExecRuntime.connectEndpoint(InternalExecRuntime.java:164)
      	at org.apache.hc.client5.http.impl.classic.InternalExecRuntime.connectEndpoint(InternalExecRuntime.java:174)
      	at org.apache.hc.client5.http.impl.classic.ConnectExec.execute(ConnectExec.java:144)
      	at org.apache.hc.client5.http.impl.classic.ExecChainElement.execute(ExecChainElement.java:51)
      	at org.apache.hc.client5.http.impl.classic.ProtocolExec.execute(ProtocolExec.java:192)
      	at org.apache.hc.client5.http.impl.classic.ExecChainElement.execute(ExecChainElement.java:51)
      	at org.apache.hc.client5.http.impl.classic.ContentCompressionExec.execute(ContentCompressionExec.java:150)
      	at org.apache.hc.client5.http.impl.classic.ExecChainElement.execute(ExecChainElement.java:51)
      	at org.apache.hc.client5.http.impl.classic.HttpRequestRetryExec.execute(HttpRequestRetryExec.java:113)
      	at org.apache.hc.client5.http.impl.classic.ExecChainElement.execute(ExecChainElement.java:51)
      	at org.apache.hc.client5.http.impl.classic.RedirectExec.execute(RedirectExec.java:110)
      	at org.apache.hc.client5.http.impl.classic.ExecChainElement.execute(ExecChainElement.java:51)
      	at org.apache.hc.client5.http.impl.classic.InternalHttpClient.doExecute(InternalHttpClient.java:183)
      	at org.apache.hc.client5.http.impl.classic.CloseableHttpClient.execute(CloseableHttpClient.java:87)
      	at org.apache.hc.client5.http.impl.classic.CloseableHttpClient.execute(CloseableHttpClient.java:55)
      	at org.apache.hc.client5.http.classic.HttpClient.executeOpen(HttpClient.java:183)
      	at io.github.bonigarcia.wdm.online.HttpClient.execute(HttpClient.java:151)
      	at io.github.bonigarcia.wdm.managers.EdgeDriverManager.getDriversFromXml(EdgeDriverManager.java:267)
      	... 10 more&amp#27;[0m
  &amp#27;[36mGiven &amp#27;[0m&amp#27;[36mUser has opened the browser&amp#27;[0m                                                              &amp#27;[90m# com.zaidan.testng.definitions.LoginPageDefinitions.user_has_opened_the_browser()&amp#27;[0m
  &amp#27;[36mAnd &amp#27;[0m&amp#27;[36mThe user is on the application login page&amp#27;[0m                                                  &amp#27;[90m# com.zaidan.testng.definitions.LoginPageDefinitions.user_has_navigated_to_login_page()&amp#27;[0m
  &amp#27;[36mAnd &amp#27;[0m&amp#27;[36mUser enters username &amp#27;[0m&amp#27;[36m&amp#27;[1m"pengajar1@example.com"&amp#27;[0m&amp#27;[36m and password &amp#27;[0m&amp#27;[36m&amp#27;[1m"pengajar1"&amp#27;[0m                      &amp#27;[90m# com.zaidan.testng.definitions.LoginPageDefinitions.go_to_home_page(java.lang.String,java.lang.String)&amp#27;[0m
  &amp#27;[36mAnd &amp#27;[0m&amp#27;[36mUser clicks on the login button&amp#27;[0m                                                            &amp#27;[90m# com.zaidan.testng.definitions.LoginPageDefinitions.click_login_button()&amp#27;[0m
  &amp#27;[36mAnd &amp#27;[0m&amp#27;[36mUser clicks on Pemantauan&amp#27;[0m                                                                  &amp#27;[90m# com.zaidan.testng.definitions.ProgressOverviewDefinitions.userClicksOnProgressPage()&amp#27;[0m
  &amp#27;[36mWhen &amp#27;[0m&amp#27;[36mUser clicks on &amp#27;[0m&amp#27;[36m&amp#27;[1m"Progres"&amp#27;[0m&amp#27;[36m button of &amp#27;[0m&amp#27;[36m&amp#27;[1m"Komputer Grafik"&amp#27;[0m&amp#27;[36m course&amp#27;[0m                               &amp#27;[90m# com.zaidan.testng.definitions.ProgressOverviewDefinitions.userClicksOnProgresBtn(java.lang.String,java.lang.String)&amp#27;[0m
  &amp#27;[36mAnd &amp#27;[0m&amp#27;[36mUser clicks on &amp#27;[0m&amp#27;[36m&amp#27;[1m"descending"&amp#27;[0m&amp#27;[36m sorting button&amp#27;[0m                                                 &amp#27;[90m# com.zaidan.testng.definitions.ProgressOverviewDefinitions.userClicksOnSortingButton(java.lang.String)&amp#27;[0m
  &amp#27;[36mThen &amp#27;[0m&amp#27;[36mThe displayed names on Pemantau Progres Belajar page should be sorted in descending order&amp#27;[0m &amp#27;[90m# com.zaidan.testng.definitions.ProgressOverviewDefinitions.verifyPemantauProgresDescendingSorting()&amp#27;[0m
]]></system-out>
  </testcase>
</testsuite>