<?xml version="1.0" encoding="UTF-8"?>
<testsuite xmlns:xsi="http://www.w3.org/2001/XMLSchema-instance" xsi:noNamespaceSchemaLocation="https://maven.apache.org/surefire/maven-surefire-plugin/xsd/surefire-test-report.xsd" version="3.0.2" name="TestSuite" time="28.956" tests="3" errors="0" skipped="0" failures="3">
  <properties>
    <property name="java.specification.version" value="24"/>
    <property name="sun.cpu.isalist" value="amd64"/>
    <property name="sun.jnu.encoding" value="Cp1252"/>
    <property name="java.class.path" value="C:\Users\MSI\OneDrive\Documents\Proyek\Fault Seeding\JTKLearn-Testing\target\test-classes;C:\Users\MSI\OneDrive\Documents\Proyek\Fault Seeding\JTKLearn-Testing\target\classes;C:\Users\MSI\.m2\repository\io\cucumber\cucumber-java\7.22.2\cucumber-java-7.22.2.jar;C:\Users\MSI\.m2\repository\io\cucumber\cucumber-core\7.22.2\cucumber-core-7.22.2.jar;C:\Users\MSI\.m2\repository\io\cucumber\cucumber-gherkin\7.22.2\cucumber-gherkin-7.22.2.jar;C:\Users\MSI\.m2\repository\io\cucumber\cucumber-gherkin-messages\7.22.2\cucumber-gherkin-messages-7.22.2.jar;C:\Users\MSI\.m2\repository\io\cucumber\gherkin\32.1.1\gherkin-32.1.1.jar;C:\Users\MSI\.m2\repository\io\cucumber\messages\27.2.0\messages-27.2.0.jar;C:\Users\MSI\.m2\repository\io\cucumber\testng-xml-formatter\0.3.1\testng-xml-formatter-0.3.1.jar;C:\Users\MSI\.m2\repository\io\cucumber\query\13.4.0\query-13.4.0.jar;C:\Users\MSI\.m2\repository\io\cucumber\tag-expressions\6.1.2\tag-expressions-6.1.2.jar;C:\Users\MSI\.m2\repository\io\cucumber\cucumber-expressions\18.0.1\cucumber-expressions-18.0.1.jar;C:\Users\MSI\.m2\repository\io\cucumber\datatable\7.22.2\datatable-7.22.2.jar;C:\Users\MSI\.m2\repository\io\cucumber\cucumber-plugin\7.22.2\cucumber-plugin-7.22.2.jar;C:\Users\MSI\.m2\repository\io\cucumber\docstring\7.22.2\docstring-7.22.2.jar;C:\Users\MSI\.m2\repository\io\cucumber\html-formatter\21.10.1\html-formatter-21.10.1.jar;C:\Users\MSI\.m2\repository\io\cucumber\junit-xml-formatter\0.7.1\junit-xml-formatter-0.7.1.jar;C:\Users\MSI\.m2\repository\io\cucumber\ci-environment\10.0.1\ci-environment-10.0.1.jar;C:\Users\MSI\.m2\repository\org\apiguardian\apiguardian-api\1.1.2\apiguardian-api-1.1.2.jar;C:\Users\MSI\.m2\repository\io\cucumber\cucumber-testng\7.22.2\cucumber-testng-7.22.2.jar;C:\Users\MSI\.m2\repository\org\seleniumhq\selenium\selenium-java\4.32.0\selenium-java-4.32.0.jar;C:\Users\MSI\.m2\repository\org\seleniumhq\selenium\selenium-api\4.32.0\selenium-api-4.32.0.jar;C:\Users\MSI\.m2\repository\org\jspecify\jspecify\1.0.0\jspecify-1.0.0.jar;C:\Users\MSI\.m2\repository\org\seleniumhq\selenium\selenium-chrome-driver\4.32.0\selenium-chrome-driver-4.32.0.jar;C:\Users\MSI\.m2\repository\com\google\auto\service\auto-service-annotations\1.1.1\auto-service-annotations-1.1.1.jar;C:\Users\MSI\.m2\repository\org\seleniumhq\selenium\selenium-chromium-driver\4.32.0\selenium-chromium-driver-4.32.0.jar;C:\Users\MSI\.m2\repository\org\seleniumhq\selenium\selenium-json\4.32.0\selenium-json-4.32.0.jar;C:\Users\MSI\.m2\repository\org\seleniumhq\selenium\selenium-manager\4.32.0\selenium-manager-4.32.0.jar;C:\Users\MSI\.m2\repository\org\seleniumhq\selenium\selenium-devtools-v134\4.32.0\selenium-devtools-v134-4.32.0.jar;C:\Users\MSI\.m2\repository\org\seleniumhq\selenium\selenium-devtools-v135\4.32.0\selenium-devtools-v135-4.32.0.jar;C:\Users\MSI\.m2\repository\org\seleniumhq\selenium\selenium-devtools-v136\4.32.0\selenium-devtools-v136-4.32.0.jar;C:\Users\MSI\.m2\repository\org\seleniumhq\selenium\selenium-edge-driver\4.32.0\selenium-edge-driver-4.32.0.jar;C:\Users\MSI\.m2\repository\org\seleniumhq\selenium\selenium-firefox-driver\4.32.0\selenium-firefox-driver-4.32.0.jar;C:\Users\MSI\.m2\repository\org\seleniumhq\selenium\selenium-http\4.32.0\selenium-http-4.32.0.jar;C:\Users\MSI\.m2\repository\org\seleniumhq\selenium\selenium-ie-driver\4.32.0\selenium-ie-driver-4.32.0.jar;C:\Users\MSI\.m2\repository\org\seleniumhq\selenium\selenium-remote-driver\4.32.0\selenium-remote-driver-4.32.0.jar;C:\Users\MSI\.m2\repository\io\opentelemetry\opentelemetry-api\1.49.0\opentelemetry-api-1.49.0.jar;C:\Users\MSI\.m2\repository\io\opentelemetry\opentelemetry-context\1.49.0\opentelemetry-context-1.49.0.jar;C:\Users\MSI\.m2\repository\io\opentelemetry\opentelemetry-exporter-logging\1.49.0\opentelemetry-exporter-logging-1.49.0.jar;C:\Users\MSI\.m2\repository\io\opentelemetry\opentelemetry-sdk-common\1.49.0\opentelemetry-sdk-common-1.49.0.jar;C:\Users\MSI\.m2\repository\io\opentelemetry\opentelemetry-sdk-extension-autoconfigure-spi\1.49.0\opentelemetry-sdk-extension-autoconfigure-spi-1.49.0.jar;C:\Users\MSI\.m2\repository\io\opentelemetry\opentelemetry-sdk-extension-autoconfigure\1.49.0\opentelemetry-sdk-extension-autoconfigure-1.49.0.jar;C:\Users\MSI\.m2\repository\io\opentelemetry\opentelemetry-sdk-trace\1.49.0\opentelemetry-sdk-trace-1.49.0.jar;C:\Users\MSI\.m2\repository\io\opentelemetry\opentelemetry-sdk\1.49.0\opentelemetry-sdk-1.49.0.jar;C:\Users\MSI\.m2\repository\io\opentelemetry\opentelemetry-sdk-metrics\1.49.0\opentelemetry-sdk-metrics-1.49.0.jar;C:\Users\MSI\.m2\repository\io\opentelemetry\opentelemetry-sdk-logs\1.49.0\opentelemetry-sdk-logs-1.49.0.jar;C:\Users\MSI\.m2\repository\net\bytebuddy\byte-buddy\1.17.5\byte-buddy-1.17.5.jar;C:\Users\MSI\.m2\repository\org\seleniumhq\selenium\selenium-os\4.32.0\selenium-os-4.32.0.jar;C:\Users\MSI\.m2\repository\org\apache\commons\commons-exec\1.4.0\commons-exec-1.4.0.jar;C:\Users\MSI\.m2\repository\org\seleniumhq\selenium\selenium-safari-driver\4.32.0\selenium-safari-driver-4.32.0.jar;C:\Users\MSI\.m2\repository\org\seleniumhq\selenium\selenium-support\4.32.0\selenium-support-4.32.0.jar;C:\Users\MSI\.m2\repository\io\github\bonigarcia\webdrivermanager\6.1.0\webdrivermanager-6.1.0.jar;C:\Users\MSI\.m2\repository\org\slf4j\slf4j-api\2.0.17\slf4j-api-2.0.17.jar;C:\Users\MSI\.m2\repository\com\google\code\gson\gson\2.13.1\gson-2.13.1.jar;C:\Users\MSI\.m2\repository\com\google\errorprone\error_prone_annotations\2.38.0\error_prone_annotations-2.38.0.jar;C:\Users\MSI\.m2\repository\com\github\docker-java\docker-java\3.5.0\docker-java-3.5.0.jar;C:\Users\MSI\.m2\repository\com\github\docker-java\docker-java-core\3.5.0\docker-java-core-3.5.0.jar;C:\Users\MSI\.m2\repository\com\github\docker-java\docker-java-api\3.5.0\docker-java-api-3.5.0.jar;C:\Users\MSI\.m2\repository\com\github\docker-java\docker-java-transport-httpclient5\3.5.0\docker-java-transport-httpclient5-3.5.0.jar;C:\Users\MSI\.m2\repository\com\github\docker-java\docker-java-transport\3.5.0\docker-java-transport-3.5.0.jar;C:\Users\MSI\.m2\repository\net\java\dev\jna\jna\5.17.0\jna-5.17.0.jar;C:\Users\MSI\.m2\repository\org\brotli\dec\0.1.2\dec-0.1.2.jar;C:\Users\MSI\.m2\repository\org\apache\commons\commons-lang3\3.17.0\commons-lang3-3.17.0.jar;C:\Users\MSI\.m2\repository\org\apache\commons\commons-compress\1.27.1\commons-compress-1.27.1.jar;C:\Users\MSI\.m2\repository\commons-codec\commons-codec\1.18.0\commons-codec-1.18.0.jar;C:\Users\MSI\.m2\repository\org\apache\httpcomponents\client5\httpclient5\5.4.4\httpclient5-5.4.4.jar;C:\Users\MSI\.m2\repository\org\apache\httpcomponents\core5\httpcore5\5.3.4\httpcore5-5.3.4.jar;C:\Users\MSI\.m2\repository\org\apache\httpcomponents\core5\httpcore5-h2\5.3.4\httpcore5-h2-5.3.4.jar;C:\Users\MSI\.m2\repository\net\java\dev\jna\jna-platform\5.13.0\jna-platform-5.13.0.jar;C:\Users\MSI\.m2\repository\org\testng\testng\7.11.0\testng-7.11.0.jar;C:\Users\MSI\.m2\repository\org\jcommander\jcommander\1.83\jcommander-1.83.jar;C:\Users\MSI\.m2\repository\org\webjars\jquery\3.7.1\jquery-3.7.1.jar;C:\Users\MSI\.m2\repository\commons-io\commons-io\2.19.0\commons-io-2.19.0.jar;C:\Users\MSI\.m2\repository\net\masterthought\cucumber-reporting\5.8.1\cucumber-reporting-5.8.1.jar;C:\Users\MSI\.m2\repository\com\fasterxml\jackson\core\jackson-databind\2.19.0\jackson-databind-2.19.0.jar;C:\Users\MSI\.m2\repository\com\fasterxml\jackson\core\jackson-annotations\2.19.0\jackson-annotations-2.19.0.jar;C:\Users\MSI\.m2\repository\com\fasterxml\jackson\core\jackson-core\2.19.0\jackson-core-2.19.0.jar;C:\Users\MSI\.m2\repository\com\fasterxml\jackson\datatype\jackson-datatype-jsr310\2.19.0\jackson-datatype-jsr310-2.19.0.jar;C:\Users\MSI\.m2\repository\org\apache\velocity\velocity-engine-core\2.3\velocity-engine-core-2.3.jar;C:\Users\MSI\.m2\repository\joda-time\joda-time\2.12.7\joda-time-2.12.7.jar;C:\Users\MSI\.m2\repository\org\apache\commons\commons-configuration2\2.10.1\commons-configuration2-2.10.1.jar;C:\Users\MSI\.m2\repository\org\apache\commons\commons-text\1.11.0\commons-text-1.11.0.jar;C:\Users\MSI\.m2\repository\org\jsoup\jsoup\1.17.2\jsoup-1.17.2.jar;C:\Users\MSI\.m2\repository\com\googlecode\owasp-java-html-sanitizer\owasp-java-html-sanitizer\20220608.1\owasp-java-html-sanitizer-20220608.1.jar;C:\Users\MSI\.m2\repository\com\google\guava\guava\33.1.0-jre\guava-33.1.0-jre.jar;C:\Users\MSI\.m2\repository\com\google\guava\failureaccess\1.0.2\failureaccess-1.0.2.jar;C:\Users\MSI\.m2\repository\com\google\guava\listenablefuture\9999.0-empty-to-avoid-conflict-with-guava\listenablefuture-9999.0-empty-to-avoid-conflict-with-guava.jar;C:\Users\MSI\.m2\repository\com\google\code\findbugs\jsr305\3.0.2\jsr305-3.0.2.jar;C:\Users\MSI\.m2\repository\com\google\j2objc\j2objc-annotations\3.0.0\j2objc-annotations-3.0.0.jar;C:\Users\MSI\.m2\repository\org\slf4j\jcl-over-slf4j\2.0.17\jcl-over-slf4j-2.0.17.jar;C:\Users\MSI\.m2\repository\org\postgresql\postgresql\42.7.3\postgresql-42.7.3.jar;C:\Users\MSI\.m2\repository\org\checkerframework\checker-qual\3.42.0\checker-qual-3.42.0.jar;C:\Users\MSI\.m2\repository\com\jcraft\jsch\0.1.55\jsch-0.1.55.jar;"/>
    <property name="java.vm.vendor" value="Oracle Corporation"/>
    <property name="sun.arch.data.model" value="64"/>
    <property name="user.variant" value=""/>
    <property name="java.vendor.url" value="https://java.oracle.com/"/>
    <property name="user.timezone" value="Asia/Jakarta"/>
    <property name="user.country.format" value="ID"/>
    <property name="os.name" value="Windows 11"/>
    <property name="java.vm.specification.version" value="24"/>
    <property name="sun.java.launcher" value="SUN_STANDARD"/>
    <property name="user.country" value="US"/>
    <property name="sun.boot.library.path" value="C:\Program Files\Java\jdk-24\bin"/>
    <property name="sun.java.command" value="C:\Users\MSI\AppData\Local\Temp\surefire13264343422184107542\surefirebooter-20250708135409377_3.jar C:\Users\MSI\AppData\Local\Temp\surefire13264343422184107542 2025-07-08T13-54-09_213-jvmRun1 surefire-20250708135409377_1tmp surefire_0-20250708135409377_2tmp"/>
    <property name="jdk.debug" value="release"/>
    <property name="surefire.test.class.path" value="C:\Users\MSI\OneDrive\Documents\Proyek\Fault Seeding\JTKLearn-Testing\target\test-classes;C:\Users\MSI\OneDrive\Documents\Proyek\Fault Seeding\JTKLearn-Testing\target\classes;C:\Users\MSI\.m2\repository\io\cucumber\cucumber-java\7.22.2\cucumber-java-7.22.2.jar;C:\Users\MSI\.m2\repository\io\cucumber\cucumber-core\7.22.2\cucumber-core-7.22.2.jar;C:\Users\MSI\.m2\repository\io\cucumber\cucumber-gherkin\7.22.2\cucumber-gherkin-7.22.2.jar;C:\Users\MSI\.m2\repository\io\cucumber\cucumber-gherkin-messages\7.22.2\cucumber-gherkin-messages-7.22.2.jar;C:\Users\MSI\.m2\repository\io\cucumber\gherkin\32.1.1\gherkin-32.1.1.jar;C:\Users\MSI\.m2\repository\io\cucumber\messages\27.2.0\messages-27.2.0.jar;C:\Users\MSI\.m2\repository\io\cucumber\testng-xml-formatter\0.3.1\testng-xml-formatter-0.3.1.jar;C:\Users\MSI\.m2\repository\io\cucumber\query\13.4.0\query-13.4.0.jar;C:\Users\MSI\.m2\repository\io\cucumber\tag-expressions\6.1.2\tag-expressions-6.1.2.jar;C:\Users\MSI\.m2\repository\io\cucumber\cucumber-expressions\18.0.1\cucumber-expressions-18.0.1.jar;C:\Users\MSI\.m2\repository\io\cucumber\datatable\7.22.2\datatable-7.22.2.jar;C:\Users\MSI\.m2\repository\io\cucumber\cucumber-plugin\7.22.2\cucumber-plugin-7.22.2.jar;C:\Users\MSI\.m2\repository\io\cucumber\docstring\7.22.2\docstring-7.22.2.jar;C:\Users\MSI\.m2\repository\io\cucumber\html-formatter\21.10.1\html-formatter-21.10.1.jar;C:\Users\MSI\.m2\repository\io\cucumber\junit-xml-formatter\0.7.1\junit-xml-formatter-0.7.1.jar;C:\Users\MSI\.m2\repository\io\cucumber\ci-environment\10.0.1\ci-environment-10.0.1.jar;C:\Users\MSI\.m2\repository\org\apiguardian\apiguardian-api\1.1.2\apiguardian-api-1.1.2.jar;C:\Users\MSI\.m2\repository\io\cucumber\cucumber-testng\7.22.2\cucumber-testng-7.22.2.jar;C:\Users\MSI\.m2\repository\org\seleniumhq\selenium\selenium-java\4.32.0\selenium-java-4.32.0.jar;C:\Users\MSI\.m2\repository\org\seleniumhq\selenium\selenium-api\4.32.0\selenium-api-4.32.0.jar;C:\Users\MSI\.m2\repository\org\jspecify\jspecify\1.0.0\jspecify-1.0.0.jar;C:\Users\MSI\.m2\repository\org\seleniumhq\selenium\selenium-chrome-driver\4.32.0\selenium-chrome-driver-4.32.0.jar;C:\Users\MSI\.m2\repository\com\google\auto\service\auto-service-annotations\1.1.1\auto-service-annotations-1.1.1.jar;C:\Users\MSI\.m2\repository\org\seleniumhq\selenium\selenium-chromium-driver\4.32.0\selenium-chromium-driver-4.32.0.jar;C:\Users\MSI\.m2\repository\org\seleniumhq\selenium\selenium-json\4.32.0\selenium-json-4.32.0.jar;C:\Users\MSI\.m2\repository\org\seleniumhq\selenium\selenium-manager\4.32.0\selenium-manager-4.32.0.jar;C:\Users\MSI\.m2\repository\org\seleniumhq\selenium\selenium-devtools-v134\4.32.0\selenium-devtools-v134-4.32.0.jar;C:\Users\MSI\.m2\repository\org\seleniumhq\selenium\selenium-devtools-v135\4.32.0\selenium-devtools-v135-4.32.0.jar;C:\Users\MSI\.m2\repository\org\seleniumhq\selenium\selenium-devtools-v136\4.32.0\selenium-devtools-v136-4.32.0.jar;C:\Users\MSI\.m2\repository\org\seleniumhq\selenium\selenium-edge-driver\4.32.0\selenium-edge-driver-4.32.0.jar;C:\Users\MSI\.m2\repository\org\seleniumhq\selenium\selenium-firefox-driver\4.32.0\selenium-firefox-driver-4.32.0.jar;C:\Users\MSI\.m2\repository\org\seleniumhq\selenium\selenium-http\4.32.0\selenium-http-4.32.0.jar;C:\Users\MSI\.m2\repository\org\seleniumhq\selenium\selenium-ie-driver\4.32.0\selenium-ie-driver-4.32.0.jar;C:\Users\MSI\.m2\repository\org\seleniumhq\selenium\selenium-remote-driver\4.32.0\selenium-remote-driver-4.32.0.jar;C:\Users\MSI\.m2\repository\io\opentelemetry\opentelemetry-api\1.49.0\opentelemetry-api-1.49.0.jar;C:\Users\MSI\.m2\repository\io\opentelemetry\opentelemetry-context\1.49.0\opentelemetry-context-1.49.0.jar;C:\Users\MSI\.m2\repository\io\opentelemetry\opentelemetry-exporter-logging\1.49.0\opentelemetry-exporter-logging-1.49.0.jar;C:\Users\MSI\.m2\repository\io\opentelemetry\opentelemetry-sdk-common\1.49.0\opentelemetry-sdk-common-1.49.0.jar;C:\Users\MSI\.m2\repository\io\opentelemetry\opentelemetry-sdk-extension-autoconfigure-spi\1.49.0\opentelemetry-sdk-extension-autoconfigure-spi-1.49.0.jar;C:\Users\MSI\.m2\repository\io\opentelemetry\opentelemetry-sdk-extension-autoconfigure\1.49.0\opentelemetry-sdk-extension-autoconfigure-1.49.0.jar;C:\Users\MSI\.m2\repository\io\opentelemetry\opentelemetry-sdk-trace\1.49.0\opentelemetry-sdk-trace-1.49.0.jar;C:\Users\MSI\.m2\repository\io\opentelemetry\opentelemetry-sdk\1.49.0\opentelemetry-sdk-1.49.0.jar;C:\Users\MSI\.m2\repository\io\opentelemetry\opentelemetry-sdk-metrics\1.49.0\opentelemetry-sdk-metrics-1.49.0.jar;C:\Users\MSI\.m2\repository\io\opentelemetry\opentelemetry-sdk-logs\1.49.0\opentelemetry-sdk-logs-1.49.0.jar;C:\Users\MSI\.m2\repository\net\bytebuddy\byte-buddy\1.17.5\byte-buddy-1.17.5.jar;C:\Users\MSI\.m2\repository\org\seleniumhq\selenium\selenium-os\4.32.0\selenium-os-4.32.0.jar;C:\Users\MSI\.m2\repository\org\apache\commons\commons-exec\1.4.0\commons-exec-1.4.0.jar;C:\Users\MSI\.m2\repository\org\seleniumhq\selenium\selenium-safari-driver\4.32.0\selenium-safari-driver-4.32.0.jar;C:\Users\MSI\.m2\repository\org\seleniumhq\selenium\selenium-support\4.32.0\selenium-support-4.32.0.jar;C:\Users\MSI\.m2\repository\io\github\bonigarcia\webdrivermanager\6.1.0\webdrivermanager-6.1.0.jar;C:\Users\MSI\.m2\repository\org\slf4j\slf4j-api\2.0.17\slf4j-api-2.0.17.jar;C:\Users\MSI\.m2\repository\com\google\code\gson\gson\2.13.1\gson-2.13.1.jar;C:\Users\MSI\.m2\repository\com\google\errorprone\error_prone_annotations\2.38.0\error_prone_annotations-2.38.0.jar;C:\Users\MSI\.m2\repository\com\github\docker-java\docker-java\3.5.0\docker-java-3.5.0.jar;C:\Users\MSI\.m2\repository\com\github\docker-java\docker-java-core\3.5.0\docker-java-core-3.5.0.jar;C:\Users\MSI\.m2\repository\com\github\docker-java\docker-java-api\3.5.0\docker-java-api-3.5.0.jar;C:\Users\MSI\.m2\repository\com\github\docker-java\docker-java-transport-httpclient5\3.5.0\docker-java-transport-httpclient5-3.5.0.jar;C:\Users\MSI\.m2\repository\com\github\docker-java\docker-java-transport\3.5.0\docker-java-transport-3.5.0.jar;C:\Users\MSI\.m2\repository\net\java\dev\jna\jna\5.17.0\jna-5.17.0.jar;C:\Users\MSI\.m2\repository\org\brotli\dec\0.1.2\dec-0.1.2.jar;C:\Users\MSI\.m2\repository\org\apache\commons\commons-lang3\3.17.0\commons-lang3-3.17.0.jar;C:\Users\MSI\.m2\repository\org\apache\commons\commons-compress\1.27.1\commons-compress-1.27.1.jar;C:\Users\MSI\.m2\repository\commons-codec\commons-codec\1.18.0\commons-codec-1.18.0.jar;C:\Users\MSI\.m2\repository\org\apache\httpcomponents\client5\httpclient5\5.4.4\httpclient5-5.4.4.jar;C:\Users\MSI\.m2\repository\org\apache\httpcomponents\core5\httpcore5\5.3.4\httpcore5-5.3.4.jar;C:\Users\MSI\.m2\repository\org\apache\httpcomponents\core5\httpcore5-h2\5.3.4\httpcore5-h2-5.3.4.jar;C:\Users\MSI\.m2\repository\net\java\dev\jna\jna-platform\5.13.0\jna-platform-5.13.0.jar;C:\Users\MSI\.m2\repository\org\testng\testng\7.11.0\testng-7.11.0.jar;C:\Users\MSI\.m2\repository\org\jcommander\jcommander\1.83\jcommander-1.83.jar;C:\Users\MSI\.m2\repository\org\webjars\jquery\3.7.1\jquery-3.7.1.jar;C:\Users\MSI\.m2\repository\commons-io\commons-io\2.19.0\commons-io-2.19.0.jar;C:\Users\MSI\.m2\repository\net\masterthought\cucumber-reporting\5.8.1\cucumber-reporting-5.8.1.jar;C:\Users\MSI\.m2\repository\com\fasterxml\jackson\core\jackson-databind\2.19.0\jackson-databind-2.19.0.jar;C:\Users\MSI\.m2\repository\com\fasterxml\jackson\core\jackson-annotations\2.19.0\jackson-annotations-2.19.0.jar;C:\Users\MSI\.m2\repository\com\fasterxml\jackson\core\jackson-core\2.19.0\jackson-core-2.19.0.jar;C:\Users\MSI\.m2\repository\com\fasterxml\jackson\datatype\jackson-datatype-jsr310\2.19.0\jackson-datatype-jsr310-2.19.0.jar;C:\Users\MSI\.m2\repository\org\apache\velocity\velocity-engine-core\2.3\velocity-engine-core-2.3.jar;C:\Users\MSI\.m2\repository\joda-time\joda-time\2.12.7\joda-time-2.12.7.jar;C:\Users\MSI\.m2\repository\org\apache\commons\commons-configuration2\2.10.1\commons-configuration2-2.10.1.jar;C:\Users\MSI\.m2\repository\org\apache\commons\commons-text\1.11.0\commons-text-1.11.0.jar;C:\Users\MSI\.m2\repository\org\jsoup\jsoup\1.17.2\jsoup-1.17.2.jar;C:\Users\MSI\.m2\repository\com\googlecode\owasp-java-html-sanitizer\owasp-java-html-sanitizer\20220608.1\owasp-java-html-sanitizer-20220608.1.jar;C:\Users\MSI\.m2\repository\com\google\guava\guava\33.1.0-jre\guava-33.1.0-jre.jar;C:\Users\MSI\.m2\repository\com\google\guava\failureaccess\1.0.2\failureaccess-1.0.2.jar;C:\Users\MSI\.m2\repository\com\google\guava\listenablefuture\9999.0-empty-to-avoid-conflict-with-guava\listenablefuture-9999.0-empty-to-avoid-conflict-with-guava.jar;C:\Users\MSI\.m2\repository\com\google\code\findbugs\jsr305\3.0.2\jsr305-3.0.2.jar;C:\Users\MSI\.m2\repository\com\google\j2objc\j2objc-annotations\3.0.0\j2objc-annotations-3.0.0.jar;C:\Users\MSI\.m2\repository\org\slf4j\jcl-over-slf4j\2.0.17\jcl-over-slf4j-2.0.17.jar;C:\Users\MSI\.m2\repository\org\postgresql\postgresql\42.7.3\postgresql-42.7.3.jar;C:\Users\MSI\.m2\repository\org\checkerframework\checker-qual\3.42.0\checker-qual-3.42.0.jar;C:\Users\MSI\.m2\repository\com\jcraft\jsch\0.1.55\jsch-0.1.55.jar;"/>
    <property name="sun.cpu.endian" value="little"/>
    <property name="user.home" value="C:\Users\MSI"/>
    <property name="user.language" value="en"/>
    <property name="java.specification.vendor" value="Oracle Corporation"/>
    <property name="java.version.date" value="2025-04-15"/>
    <property name="java.home" value="C:\Program Files\Java\jdk-24"/>
    <property name="file.separator" value="\"/>
    <property name="basedir" value="C:\Users\MSI\OneDrive\Documents\Proyek\Fault Seeding\JTKLearn-Testing"/>
    <property name="java.vm.compressedOopsMode" value="Zero based"/>
    <property name="line.separator" value="&#10;"/>
    <property name="java.vm.specification.vendor" value="Oracle Corporation"/>
    <property name="java.specification.name" value="Java Platform API Specification"/>
    <property name="surefire.real.class.path" value="C:\Users\MSI\AppData\Local\Temp\surefire13264343422184107542\surefirebooter-20250708135409377_3.jar"/>
    <property name="user.script" value=""/>
    <property name="sun.management.compiler" value="HotSpot 64-Bit Tiered Compilers"/>
    <property name="java.runtime.version" value="24.0.1+9-30"/>
    <property name="webdriver.edge.driver" value="C:\Users\MSI\.cache\selenium\msedgedriver\win64\138.0.3351.65\msedgedriver.exe"/>
    <property name="user.name" value="MSI"/>
    <property name="stdout.encoding" value="Cp1252"/>
    <property name="path.separator" value=";"/>
    <property name="os.version" value="10.0"/>
    <property name="java.runtime.name" value="Java(TM) SE Runtime Environment"/>
    <property name="file.encoding" value="UTF-8"/>
    <property name="java.vm.name" value="Java HotSpot(TM) 64-Bit Server VM"/>
    <property name="localRepository" value="C:\Users\MSI\.m2\repository"/>
    <property name="java.vendor.url.bug" value="https://bugreport.java.com/bugreport/"/>
    <property name="java.io.tmpdir" value="C:\Users\MSI\AppData\Local\Temp\"/>
    <property name="java.version" value="24.0.1"/>
    <property name="user.dir" value="C:\Users\MSI\OneDrive\Documents\Proyek\Fault Seeding\JTKLearn-Testing"/>
    <property name="os.arch" value="amd64"/>
    <property name="java.vm.specification.name" value="Java Virtual Machine Specification"/>
    <property name="user.language.format" value="id"/>
    <property name="sun.os.patch.level" value=""/>
    <property name="native.encoding" value="Cp1252"/>
    <property name="java.library.path" value="C:\Program Files\Java\jdk-24\bin;C:\WINDOWS\Sun\Java\bin;C:\WINDOWS\system32;C:\WINDOWS;C:\Program Files\PowerShell\7;C:\Program Files\Common Files\Oracle\Java\javapath;C:\WINDOWS\system32;C:\WINDOWS;C:\WINDOWS\System32\Wbem;C:\WINDOWS\System32\WindowsPowerShell\v1.0\;C:\WINDOWS\System32\OpenSSH\;C:\Program Files\dotnet\;C:\Program Files\Git\cmd;C:\ProgramData\chocolatey\bin;C:\Program Files\Neovim\bin;C:\tools\neo4j-community\neo4j-community-3.0.1\bin;C:\Program Files\PowerShell\7\;C:\Users\MSI\AppData\Local\Programs\Python\Python312\Scripts\;C:\Users\MSI\AppData\Local\Programs\Python\Python312\;C:\Users\MSI\AppData\Local\Microsoft\WindowsApps;C:\Users\MSI\.dotnet\tools;C:\Users\MSI\AppData\Local\Programs\Microsoft VS Code\bin;C:\Program Files\w64devkit\bin;C:\Program Files\Neovim\bin;C:\Users\MSI\AppData\Roaming\Python\Python312\Scripts;C:\Users\MSI\AppData\Local\Programs\mongosh\;C:\Users\MSI\Downloads\mongodb-win32-x86_64-windows-8.0.9\bin;C:\Users\MSI\AppData\Local\GitHubDesktop\bin;C:\Users\MSI\Downloads\apache-maven-3.9.10-bin\bin;C:\Program Files\jdt-language-server-1.47.0-202505151856\bin;;."/>
    <property name="java.vm.info" value="mixed mode, sharing"/>
    <property name="stderr.encoding" value="Cp1252"/>
    <property name="java.vendor" value="Oracle Corporation"/>
    <property name="java.vm.version" value="24.0.1+9-30"/>
    <property name="sun.io.unicode.encoding" value="UnicodeLittle"/>
    <property name="java.class.version" value="68.0"/>
  </properties>
  <testcase name="runScenario[&quot;Verify the time of finishing PDF material&quot;, &quot;FR08-Access Materials&quot;](1)" classname="com.zaidan.testng.runner.CucumberRunnerTests" time="5.804">
    <failure message="Cannot invoke &quot;org.openqa.selenium.WebElement.getDomProperty(String)&quot; because &quot;uiPDFElement&quot; is null" type="java.lang.NullPointerException"><![CDATA[java.lang.NullPointerException: Cannot invoke "org.openqa.selenium.WebElement.getDomProperty(String)" because "uiPDFElement" is null
	at com.zaidan.testng.definitions.AccessMaterials.userReadsPDFFile(AccessMaterials.java:133)
	at ✽.User should be able to read the PDF file with material id 10(file:///C:/Users/MSI/OneDrive/Documents/Proyek/Fault%20Seeding/JTKLearn-Testing/src/test/resources/features/AccessMaterials.feature:67)
]]></failure>
    <system-out><![CDATA[--- Starting Test Suite Setup ---
Menghubungkan ke SSH Host cloudias79.com...
Koneksi SSH berhasil dibuat.
SSH Tunnel dimulai: localhost:5433 -> localhost:5433
Koneksi database melalui tunnel berhasil dibuka.
--- Test Suite Setup Complete ---

@AccessMaterials @wip @ResetMaterialState
Scenario Outline: Verify the time of finishing PDF material                                                  &amp#27;[90m# src/test/resources/features/AccessMaterials.feature:74&amp#27;[0m
HelperClass: Properties loaded successfully from application.properties.
--- @Before Hook: Resetting material state ---
DAO: Resetting finish time to NULL for student 1 and material 9
DAO: Reset successful.
DAO: Resetting finish time to NULL for student 1 and material 10
Koneksi database melalui tunnel berhasil dibuka.
DAO: Reset successful.
--- @Before Hook: Reset complete ---
  &amp#27;[32mGiven &amp#27;[0m&amp#27;[32mUser has opened the browser&amp#27;[0m                                                                          &amp#27;[90m# com.zaidan.testng.definitions.LoginPageDefinitions.user_has_opened_the_browser()&amp#27;[0m
  &amp#27;[32mAnd &amp#27;[0m&amp#27;[32mUser has navigated to the login page of JTK Learn app &amp#27;[0m&amp#27;[32m&amp#27;[1m"https://polban-space.cloudias79.com/jtk-learn/"&amp#27;[0m &amp#27;[90m# com.zaidan.testng.definitions.LoginPageDefinitions.user_has_navigated_to_login_page(java.lang.String)&amp#27;[0m
  &amp#27;[32mAnd &amp#27;[0m&amp#27;[32mUser enters username &amp#27;[0m&amp#27;[32m&amp#27;[1m"pelajar1@example.com"&amp#27;[0m&amp#27;[32m and password &amp#27;[0m&amp#27;[32m&amp#27;[1m"pelajar1"&amp#27;[0m                                    &amp#27;[90m# com.zaidan.testng.definitions.LoginPageDefinitions.go_to_home_page(java.lang.String,java.lang.String)&amp#27;[0m
  &amp#27;[32mAnd &amp#27;[0m&amp#27;[32mUser clicks on the login button&amp#27;[0m                                                                        &amp#27;[90m# com.zaidan.testng.definitions.LoginPageDefinitions.click_login_button()&amp#27;[0m
  &amp#27;[32mAnd &amp#27;[0m&amp#27;[32mUser clicks on course &amp#27;[0m&amp#27;[32m&amp#27;[1m"Komputer Grafik"&amp#27;[0m                                                                &amp#27;[90m# com.zaidan.testng.definitions.AccessMaterials.userClicksOnCourse(java.lang.String)&amp#27;[0m
  &amp#27;[32mAnd &amp#27;[0m&amp#27;[32mUser clicks on the continue button&amp#27;[0m                                                                     &amp#27;[90m# com.zaidan.testng.definitions.AccessMaterials.userClicksContinue()&amp#27;[0m
Recording initial progress state...
CourseDAO: Getting progress for student ID: 1, course ID: 4
Koneksi database melalui tunnel berhasil dibuka.
CourseDAO: Progress found: 66.666664%
UI Progress Bar 'aria-valuenow' attribute found: 66.666664
Initial DB Progress: 66.66666412353516% | Initial UI Progress: 66.666664%
  &amp#27;[32mAnd &amp#27;[0m&amp#27;[32mThe initial progress is tracked&amp#27;[0m                                                                        &amp#27;[90m# com.zaidan.testng.definitions.AccessMaterials.userRecordsInitialProgress()&amp#27;[0m
Setting current material ID to: 10 (PDF)
Clicked example PDF material in nav bar.
  &amp#27;[32mWhen &amp#27;[0m&amp#27;[32mUser clicks on the example PDF material&amp#27;[0m                                                               &amp#27;[90m# com.zaidan.testng.definitions.AccessMaterials.userClicksOnPDFMaterial()&amp#27;[0m
Attempting to find the PDF content iframe and wait for it to be ready...
  &amp#27;[31mAnd &amp#27;[0m&amp#27;[31mUser should be able to read the PDF file with material id &amp#27;[0m&amp#27;[31m&amp#27;[1m10&amp#27;[0m                                           &amp#27;[90m# com.zaidan.testng.definitions.AccessMaterials.userReadsPDFFile(int)&amp#27;[0m
      &amp#27;[31mjava.lang.NullPointerException: Cannot invoke "org.openqa.selenium.WebElement.getDomProperty(String)" because "uiPDFElement" is null
      	at com.zaidan.testng.definitions.AccessMaterials.userReadsPDFFile(AccessMaterials.java:133)
      	at ✽.User should be able to read the PDF file with material id 10(file:///C:/Users/MSI/OneDrive/Documents/Proyek/Fault%20Seeding/JTKLearn-Testing/src/test/resources/features/AccessMaterials.feature:67)&amp#27;[0m
  &amp#27;[36mAnd &amp#27;[0m&amp#27;[36mUser moves to the next page right after &amp#27;[0m&amp#27;[36m&amp#27;[1m2&amp#27;[0m&amp#27;[36m minutes&amp#27;[0m                                                      &amp#27;[90m# com.zaidan.testng.definitions.AccessMaterials.userMovesToNextPage(int)&amp#27;[0m
  &amp#27;[36mThen &amp#27;[0m&amp#27;[36mThe system correctly tracks PDF material completion for &amp#27;[0m&amp#27;[36m&amp#27;[1m2&amp#27;[0m&amp#27;[36m minutes&amp#27;[0m                                     &amp#27;[90m# com.zaidan.testng.definitions.AccessMaterials.theSystemCorrectlyTracksPDFCompletion(int)&amp#27;[0m
]]></system-out>
    <system-err><![CDATA[SLF4J(W): No SLF4J providers were found.
SLF4J(W): Defaulting to no-operation (NOP) logger implementation
SLF4J(W): See https://www.slf4j.org/codes.html#noProviders for further details.
Jul 08, 2025 1:54:13 PM org.openqa.selenium.devtools.CdpVersionFinder findNearestMatch
WARNING: Unable to find an exact match for CDP version 138, returning the closest version; found: 136; Please update to a Selenium version that supports CDP version 138
Failed to get example PDF material: stale element reference: stale element not found in the current frame
  (Session info: MicrosoftEdge=138.0.3351.65)
For documentation on this error, please visit: https://www.selenium.dev/documentation/webdriver/troubleshooting/errors#stale-element-reference-exception
Build info: version: '4.32.0', revision: 'd17c8aa950'
System info: os.name: 'Windows 11', os.arch: 'amd64', os.version: '10.0', java.version: '24.0.1'
Driver info: org.openqa.selenium.edge.EdgeDriver
Command: [d997b80042014a09e2517313eda2d162, getElementAttribute {id=f.B0E41C1EE36215423458E80D4D47C63C.d.ED110F6AD7E951A3238319CE1DD600BF.e.49, name=src}]
Capabilities {acceptInsecureCerts: false, browserName: MicrosoftEdge, browserVersion: 138.0.3351.65, fedcm:accounts: true, ms:edgeOptions: {debuggerAddress: localhost:54530}, msedge: {msedgedriverVersion: 138.0.3351.65 (81e3782c3ab4..., userDataDir: C:\Users\MSI\AppData\Local\...}, networkConnectionEnabled: false, pageLoadStrategy: normal, platformName: windows, proxy: Proxy(), se:cdp: ws://localhost:54530/devtoo..., se:cdpVersion: 138.0.3351.65, setWindowRect: true, strictFileInteractability: false, timeouts: {implicit: 0, pageLoad: 300000, script: 30000}, unhandledPromptBehavior: dismiss and notify, webauthn:extension:credBlob: true, webauthn:extension:largeBlob: true, webauthn:extension:minPinLength: true, webauthn:extension:prf: true, webauthn:virtualAuthenticators: true}
Element: [[EdgeDriver: MicrosoftEdge on windows (d997b80042014a09e2517313eda2d162)] -> css selector: div.content-box iframe]
Session ID: d997b80042014a09e2517313eda2d162
]]></system-err>
  </testcase>
  <testcase name="runScenario[&quot;Verify the time of finishing PDF material&quot;, &quot;FR08-Access Materials&quot;](2)" classname="com.zaidan.testng.runner.CucumberRunnerTests" time="11.563">
    <failure message="The database progress percentage did not increase. expected [true] but found [false]" type="java.lang.AssertionError"><![CDATA[java.lang.AssertionError: The database progress percentage did not increase. expected [true] but found [false]
	at org.testng.Assert.fail(Assert.java:111)
	at org.testng.Assert.failNotEquals(Assert.java:1590)
	at org.testng.Assert.assertTrue(Assert.java:57)
	at com.zaidan.testng.definitions.AccessMaterials.theDbPercentageIsUpdated(AccessMaterials.java:220)
	at com.zaidan.testng.definitions.AccessMaterials.theSystemCorrectlyTracksPDFCompletion(AccessMaterials.java:207)
	at ✽.The system correctly tracks PDF material completion for 3 minutes(file:///C:/Users/MSI/OneDrive/Documents/Proyek/Fault%20Seeding/JTKLearn-Testing/src/test/resources/features/AccessMaterials.feature:69)
]]></failure>
    <system-out><![CDATA[
@AccessMaterials @wip @ResetMaterialState
Scenario Outline: Verify the time of finishing PDF material                                                  &amp#27;[90m# src/test/resources/features/AccessMaterials.feature:75&amp#27;[0m
HelperClass: Properties loaded successfully from application.properties.
--- @Before Hook: Resetting material state ---
DAO: Resetting finish time to NULL for student 1 and material 9
DAO: Reset successful.
DAO: Resetting finish time to NULL for student 1 and material 10
Koneksi database melalui tunnel berhasil dibuka.
DAO: Reset successful.
--- @Before Hook: Reset complete ---
  &amp#27;[32mGiven &amp#27;[0m&amp#27;[32mUser has opened the browser&amp#27;[0m                                                                          &amp#27;[90m# com.zaidan.testng.definitions.LoginPageDefinitions.user_has_opened_the_browser()&amp#27;[0m
  &amp#27;[32mAnd &amp#27;[0m&amp#27;[32mUser has navigated to the login page of JTK Learn app &amp#27;[0m&amp#27;[32m&amp#27;[1m"https://polban-space.cloudias79.com/jtk-learn/"&amp#27;[0m &amp#27;[90m# com.zaidan.testng.definitions.LoginPageDefinitions.user_has_navigated_to_login_page(java.lang.String)&amp#27;[0m
  &amp#27;[32mAnd &amp#27;[0m&amp#27;[32mUser enters username &amp#27;[0m&amp#27;[32m&amp#27;[1m"pelajar1@example.com"&amp#27;[0m&amp#27;[32m and password &amp#27;[0m&amp#27;[32m&amp#27;[1m"pelajar1"&amp#27;[0m                                    &amp#27;[90m# com.zaidan.testng.definitions.LoginPageDefinitions.go_to_home_page(java.lang.String,java.lang.String)&amp#27;[0m
  &amp#27;[32mAnd &amp#27;[0m&amp#27;[32mUser clicks on the login button&amp#27;[0m                                                                        &amp#27;[90m# com.zaidan.testng.definitions.LoginPageDefinitions.click_login_button()&amp#27;[0m
  &amp#27;[32mAnd &amp#27;[0m&amp#27;[32mUser clicks on course &amp#27;[0m&amp#27;[32m&amp#27;[1m"Komputer Grafik"&amp#27;[0m                                                                &amp#27;[90m# com.zaidan.testng.definitions.AccessMaterials.userClicksOnCourse(java.lang.String)&amp#27;[0m
  &amp#27;[32mAnd &amp#27;[0m&amp#27;[32mUser clicks on the continue button&amp#27;[0m                                                                     &amp#27;[90m# com.zaidan.testng.definitions.AccessMaterials.userClicksContinue()&amp#27;[0m
Recording initial progress state...
CourseDAO: Getting progress for student ID: 1, course ID: 4
Koneksi database melalui tunnel berhasil dibuka.
CourseDAO: Progress found: 66.666664%
UI Progress Bar 'aria-valuenow' attribute found: 66.666664
Initial DB Progress: 66.66666412353516% | Initial UI Progress: 66.666664%
  &amp#27;[32mAnd &amp#27;[0m&amp#27;[32mThe initial progress is tracked&amp#27;[0m                                                                        &amp#27;[90m# com.zaidan.testng.definitions.AccessMaterials.userRecordsInitialProgress()&amp#27;[0m
Setting current material ID to: 10 (PDF)
Clicked example PDF material in nav bar.
  &amp#27;[32mWhen &amp#27;[0m&amp#27;[32mUser clicks on the example PDF material&amp#27;[0m                                                               &amp#27;[90m# com.zaidan.testng.definitions.AccessMaterials.userClicksOnPDFMaterial()&amp#27;[0m
Attempting to find the PDF content iframe and wait for it to be ready...
PDF iframe is fully rendered and found successfully.
MateriDAO: Attempting to get materi with ID: 10
MateriDAO: SQL Query: SELECT id_materi, id_course, nama_materi, konten_materi, jenis_materi FROM materi WHERE id_materi = ?
MateriDAO: Found Materi: Test PDF Komgraf (ID: 4)
  &amp#27;[32mAnd &amp#27;[0m&amp#27;[32mUser should be able to read the PDF file with material id &amp#27;[0m&amp#27;[32m&amp#27;[1m10&amp#27;[0m                                           &amp#27;[90m# com.zaidan.testng.definitions.AccessMaterials.userReadsPDFFile(int)&amp#27;[0m
DAO: Simulating 3 minute wait by updating the database directly.
Koneksi database melalui tunnel berhasil dibuka.
DAO: Successfully set finish time to: 2025-07-08 13:57:27.823
Refreshing the page to load updated progress...
  &amp#27;[32mAnd &amp#27;[0m&amp#27;[32mUser moves to the next page right after &amp#27;[0m&amp#27;[32m&amp#27;[1m3&amp#27;[0m&amp#27;[32m minutes&amp#27;[0m                                                      &amp#27;[90m# com.zaidan.testng.definitions.AccessMaterials.userMovesToNextPage(int)&amp#27;[0m
Verifying PDF material completion...
HistoryMateriDAO: Attempting to get starting time for Pelajar ID: 1, Materi ID: 10
HistoryMateriDAO: SQL Query: SELECT waktu_akses FROM "historyMateri" WHERE id_pelajar = ? AND id_materi = ?
Koneksi database melalui tunnel berhasil dibuka.
HistoryMateriDAO: Found starting time: 2025-07-08 13:54:28.014
Start Time Difference (Test vs DB): 812 ms.
Expected Finish Time (approx): 2025-07-08 13:57:28.014
Actual Finish Time (from DB):  2025-07-08 13:57:27.823
Finish Time Difference: 191 ms.
CourseDAO: Getting progress for student ID: 1, course ID: 4
CourseDAO: Progress found: 66.666664%
Verifying DB progress. Old: 66.66666412353516%, New: 66.66666412353516%
  &amp#27;[31mThen &amp#27;[0m&amp#27;[31mThe system correctly tracks PDF material completion for &amp#27;[0m&amp#27;[31m&amp#27;[1m3&amp#27;[0m&amp#27;[31m minutes&amp#27;[0m                                     &amp#27;[90m# com.zaidan.testng.definitions.AccessMaterials.theSystemCorrectlyTracksPDFCompletion(int)&amp#27;[0m
      &amp#27;[31mjava.lang.AssertionError: The database progress percentage did not increase. expected [true] but found [false]
      	at org.testng.Assert.fail(Assert.java:111)
      	at org.testng.Assert.failNotEquals(Assert.java:1590)
      	at org.testng.Assert.assertTrue(Assert.java:57)
      	at com.zaidan.testng.definitions.AccessMaterials.theDbPercentageIsUpdated(AccessMaterials.java:220)
      	at com.zaidan.testng.definitions.AccessMaterials.theSystemCorrectlyTracksPDFCompletion(AccessMaterials.java:207)
      	at ✽.The system correctly tracks PDF material completion for 3 minutes(file:///C:/Users/MSI/OneDrive/Documents/Proyek/Fault%20Seeding/JTKLearn-Testing/src/test/resources/features/AccessMaterials.feature:69)&amp#27;[0m
]]></system-out>
    <system-err><![CDATA[Jul 08, 2025 1:54:18 PM org.openqa.selenium.devtools.CdpVersionFinder findNearestMatch
WARNING: Unable to find an exact match for CDP version 138, returning the closest version; found: 136; Please update to a Selenium version that supports CDP version 138
]]></system-err>
  </testcase>
  <testcase name="runScenario[&quot;Verify the time of finishing PDF material&quot;, &quot;FR08-Access Materials&quot;](3)" classname="com.zaidan.testng.runner.CucumberRunnerTests" time="9.254">
    <failure message="The database progress percentage did not increase. expected [true] but found [false]" type="java.lang.AssertionError"><![CDATA[java.lang.AssertionError: The database progress percentage did not increase. expected [true] but found [false]
	at org.testng.Assert.fail(Assert.java:111)
	at org.testng.Assert.failNotEquals(Assert.java:1590)
	at org.testng.Assert.assertTrue(Assert.java:57)
	at com.zaidan.testng.definitions.AccessMaterials.theDbPercentageIsUpdated(AccessMaterials.java:220)
	at com.zaidan.testng.definitions.AccessMaterials.theSystemCorrectlyTracksPDFCompletion(AccessMaterials.java:207)
	at ✽.The system correctly tracks PDF material completion for 4 minutes(file:///C:/Users/MSI/OneDrive/Documents/Proyek/Fault%20Seeding/JTKLearn-Testing/src/test/resources/features/AccessMaterials.feature:69)
]]></failure>
    <system-out><![CDATA[
@AccessMaterials @wip @ResetMaterialState
Scenario Outline: Verify the time of finishing PDF material                                                  &amp#27;[90m# src/test/resources/features/AccessMaterials.feature:76&amp#27;[0m
HelperClass: Properties loaded successfully from application.properties.
--- @Before Hook: Resetting material state ---
DAO: Resetting finish time to NULL for student 1 and material 9
DAO: Reset successful.
DAO: Resetting finish time to NULL for student 1 and material 10
Koneksi database melalui tunnel berhasil dibuka.
DAO: Reset successful.
--- @Before Hook: Reset complete ---
  &amp#27;[32mGiven &amp#27;[0m&amp#27;[32mUser has opened the browser&amp#27;[0m                                                                          &amp#27;[90m# com.zaidan.testng.definitions.LoginPageDefinitions.user_has_opened_the_browser()&amp#27;[0m
  &amp#27;[32mAnd &amp#27;[0m&amp#27;[32mUser has navigated to the login page of JTK Learn app &amp#27;[0m&amp#27;[32m&amp#27;[1m"https://polban-space.cloudias79.com/jtk-learn/"&amp#27;[0m &amp#27;[90m# com.zaidan.testng.definitions.LoginPageDefinitions.user_has_navigated_to_login_page(java.lang.String)&amp#27;[0m
  &amp#27;[32mAnd &amp#27;[0m&amp#27;[32mUser enters username &amp#27;[0m&amp#27;[32m&amp#27;[1m"pelajar1@example.com"&amp#27;[0m&amp#27;[32m and password &amp#27;[0m&amp#27;[32m&amp#27;[1m"pelajar1"&amp#27;[0m                                    &amp#27;[90m# com.zaidan.testng.definitions.LoginPageDefinitions.go_to_home_page(java.lang.String,java.lang.String)&amp#27;[0m
  &amp#27;[32mAnd &amp#27;[0m&amp#27;[32mUser clicks on the login button&amp#27;[0m                                                                        &amp#27;[90m# com.zaidan.testng.definitions.LoginPageDefinitions.click_login_button()&amp#27;[0m
  &amp#27;[32mAnd &amp#27;[0m&amp#27;[32mUser clicks on course &amp#27;[0m&amp#27;[32m&amp#27;[1m"Komputer Grafik"&amp#27;[0m                                                                &amp#27;[90m# com.zaidan.testng.definitions.AccessMaterials.userClicksOnCourse(java.lang.String)&amp#27;[0m
  &amp#27;[32mAnd &amp#27;[0m&amp#27;[32mUser clicks on the continue button&amp#27;[0m                                                                     &amp#27;[90m# com.zaidan.testng.definitions.AccessMaterials.userClicksContinue()&amp#27;[0m
Recording initial progress state...
CourseDAO: Getting progress for student ID: 1, course ID: 4
Koneksi database melalui tunnel berhasil dibuka.
CourseDAO: Progress found: 66.666664%
UI Progress Bar 'aria-valuenow' attribute found: 66.666664
Initial DB Progress: 66.66666412353516% | Initial UI Progress: 66.666664%
  &amp#27;[32mAnd &amp#27;[0m&amp#27;[32mThe initial progress is tracked&amp#27;[0m                                                                        &amp#27;[90m# com.zaidan.testng.definitions.AccessMaterials.userRecordsInitialProgress()&amp#27;[0m
Setting current material ID to: 10 (PDF)
Clicked example PDF material in nav bar.
  &amp#27;[32mWhen &amp#27;[0m&amp#27;[32mUser clicks on the example PDF material&amp#27;[0m                                                               &amp#27;[90m# com.zaidan.testng.definitions.AccessMaterials.userClicksOnPDFMaterial()&amp#27;[0m
Attempting to find the PDF content iframe and wait for it to be ready...
PDF iframe is fully rendered and found successfully.
MateriDAO: Attempting to get materi with ID: 10
MateriDAO: SQL Query: SELECT id_materi, id_course, nama_materi, konten_materi, jenis_materi FROM materi WHERE id_materi = ?
MateriDAO: Found Materi: Test PDF Komgraf (ID: 4)
  &amp#27;[32mAnd &amp#27;[0m&amp#27;[32mUser should be able to read the PDF file with material id &amp#27;[0m&amp#27;[32m&amp#27;[1m10&amp#27;[0m                                           &amp#27;[90m# com.zaidan.testng.definitions.AccessMaterials.userReadsPDFFile(int)&amp#27;[0m
DAO: Simulating 4 minute wait by updating the database directly.
Koneksi database melalui tunnel berhasil dibuka.
DAO: Successfully set finish time to: 2025-07-08 13:58:36.606
Refreshing the page to load updated progress...
  &amp#27;[32mAnd &amp#27;[0m&amp#27;[32mUser moves to the next page right after &amp#27;[0m&amp#27;[32m&amp#27;[1m4&amp#27;[0m&amp#27;[32m minutes&amp#27;[0m                                                      &amp#27;[90m# com.zaidan.testng.definitions.AccessMaterials.userMovesToNextPage(int)&amp#27;[0m
Verifying PDF material completion...
HistoryMateriDAO: Attempting to get starting time for Pelajar ID: 1, Materi ID: 10
HistoryMateriDAO: SQL Query: SELECT waktu_akses FROM "historyMateri" WHERE id_pelajar = ? AND id_materi = ?
Koneksi database melalui tunnel berhasil dibuka.
HistoryMateriDAO: Found starting time: 2025-07-08 13:54:36.837
Start Time Difference (Test vs DB): 1248 ms.
Expected Finish Time (approx): 2025-07-08 13:58:36.837
Actual Finish Time (from DB):  2025-07-08 13:58:36.606
Finish Time Difference: 231 ms.
CourseDAO: Getting progress for student ID: 1, course ID: 4
CourseDAO: Progress found: 66.666664%
Verifying DB progress. Old: 66.66666412353516%, New: 66.66666412353516%
  &amp#27;[31mThen &amp#27;[0m&amp#27;[31mThe system correctly tracks PDF material completion for &amp#27;[0m&amp#27;[31m&amp#27;[1m4&amp#27;[0m&amp#27;[31m minutes&amp#27;[0m                                     &amp#27;[90m# com.zaidan.testng.definitions.AccessMaterials.theSystemCorrectlyTracksPDFCompletion(int)&amp#27;[0m
      &amp#27;[31mjava.lang.AssertionError: The database progress percentage did not increase. expected [true] but found [false]
      	at org.testng.Assert.fail(Assert.java:111)
      	at org.testng.Assert.failNotEquals(Assert.java:1590)
      	at org.testng.Assert.assertTrue(Assert.java:57)
      	at com.zaidan.testng.definitions.AccessMaterials.theDbPercentageIsUpdated(AccessMaterials.java:220)
      	at com.zaidan.testng.definitions.AccessMaterials.theSystemCorrectlyTracksPDFCompletion(AccessMaterials.java:207)
      	at ✽.The system correctly tracks PDF material completion for 4 minutes(file:///C:/Users/MSI/OneDrive/Documents/Proyek/Fault%20Seeding/JTKLearn-Testing/src/test/resources/features/AccessMaterials.feature:69)&amp#27;[0m
]]></system-out>
    <system-err><![CDATA[Jul 08, 2025 1:54:29 PM org.openqa.selenium.devtools.CdpVersionFinder findNearestMatch
WARNING: Unable to find an exact match for CDP version 138, returning the closest version; found: 136; Please update to a Selenium version that supports CDP version 138
]]></system-err>
  </testcase>
</testsuite>