<?xml version="1.0" encoding="UTF-8"?>
<!-- Generated by org.testng.reporters.JUnitReportReporter -->
<testsuite hostname="Rafif" failures="2" tests="3" name="com.zaidan.testng.runner.CucumberRunnerTests" time="26.620" errors="1" timestamp="2025-07-08T13:54:38 WIB" skipped="0">
  <testcase classname="com.zaidan.testng.runner.CucumberRunnerTests" name="runScenario" time="9.253">
    <failure message="The database progress percentage did not increase. expected [true] but found [false]" type="java.lang.AssertionError">
      <![CDATA[java.lang.AssertionError: The database progress percentage did not increase. expected [true] but found [false]
at org.testng.Assert.fail(Assert.java:111)
at org.testng.Assert.failNotEquals(Assert.java:1590)
at org.testng.Assert.assertTrue(Assert.java:57)
at com.zaidan.testng.definitions.AccessMaterials.theDbPercentageIsUpdated(AccessMaterials.java:220)
at com.zaidan.testng.definitions.AccessMaterials.theSystemCorrectlyTracksPDFCompletion(AccessMaterials.java:207)
at ✽.The system correctly tracks PDF material completion for 4 minutes(file:///C:/Users/MSI/OneDrive/Documents/Proyek/Fault%20Seeding/JTKLearn-Testing/src/test/resources/features/AccessMaterials.feature:69)
]]>
    </failure>
  </testcase> <!-- runScenario -->
  <testcase classname="com.zaidan.testng.runner.CucumberRunnerTests" name="runScenario" time="11.569">
    <failure message="The database progress percentage did not increase. expected [true] but found [false]" type="java.lang.AssertionError">
      <![CDATA[java.lang.AssertionError: The database progress percentage did not increase. expected [true] but found [false]
at org.testng.Assert.fail(Assert.java:111)
at org.testng.Assert.failNotEquals(Assert.java:1590)
at org.testng.Assert.assertTrue(Assert.java:57)
at com.zaidan.testng.definitions.AccessMaterials.theDbPercentageIsUpdated(AccessMaterials.java:220)
at com.zaidan.testng.definitions.AccessMaterials.theSystemCorrectlyTracksPDFCompletion(AccessMaterials.java:207)
at ✽.The system correctly tracks PDF material completion for 3 minutes(file:///C:/Users/MSI/OneDrive/Documents/Proyek/Fault%20Seeding/JTKLearn-Testing/src/test/resources/features/AccessMaterials.feature:69)
]]>
    </failure>
  </testcase> <!-- runScenario -->
  <testcase classname="com.zaidan.testng.runner.CucumberRunnerTests" name="runScenario" time="5.798">
    <error message="Cannot invoke &quot;org.openqa.selenium.WebElement.getDomProperty(String)&quot; because &quot;uiPDFElement&quot; is null" type="java.lang.NullPointerException">
      <![CDATA[java.lang.NullPointerException: Cannot invoke "org.openqa.selenium.WebElement.getDomProperty(String)" because "uiPDFElement" is null
at com.zaidan.testng.definitions.AccessMaterials.userReadsPDFFile(AccessMaterials.java:133)
at ✽.User should be able to read the PDF file with material id 10(file:///C:/Users/MSI/OneDrive/Documents/Proyek/Fault%20Seeding/JTKLearn-Testing/src/test/resources/features/AccessMaterials.feature:67)
]]>
    </error>
  </testcase> <!-- runScenario -->
</testsuite> <!-- com.zaidan.testng.runner.CucumberRunnerTests -->
