<?xml version="1.0" encoding="UTF-8"?>
<!-- Generated by org.testng.reporters.JUnitReportReporter -->
<testsuite hostname="ReqiJumantara" failures="0" tests="7" name="com.zaidan.testng.runner.CucumberRunnerTests" time="19.579" errors="0" timestamp="2025-07-04T06:52:39 WIB" skipped="0">
  <testcase classname="com.zaidan.testng.runner.CucumberRunnerTests" name="runScenario" time="2.266"/>
  <testcase classname="com.zaidan.testng.runner.CucumberRunnerTests" name="runScenario" time="3.720"/>
  <testcase classname="com.zaidan.testng.runner.CucumberRunnerTests" name="runScenario" time="1.898"/>
  <testcase classname="com.zaidan.testng.runner.CucumberRunnerTests" name="runScenario" time="2.931"/>
  <testcase classname="com.zaidan.testng.runner.CucumberRunnerTests" name="runScenario" time="2.269"/>
  <testcase classname="com.zaidan.testng.runner.CucumberRunnerTests" name="runScenario" time="2.721"/>
  <testcase classname="com.zaidan.testng.runner.CucumberRunnerTests" name="runScenario" time="3.774"/>
</testsuite> <!-- com.zaidan.testng.runner.CucumberRunnerTests -->
