<?xml version="1.0" encoding="UTF-8"?>
<!-- Generated by org.testng.reporters.JUnitReportReporter -->
<testsuite hostname="ReqiJumantara" failures="0" tests="2" name="com.zaidan.testng.runner.CucumberRunnerTests" time="6.947" errors="0" timestamp="2025-07-01T10:59:28 WIB" skipped="0">
  <testcase classname="com.zaidan.testng.runner.CucumberRunnerTests" name="runScenario" time="4.149"/>
  <testcase classname="com.zaidan.testng.runner.CucumberRunnerTests" name="runScenario" time="2.798"/>
</testsuite> <!-- com.zaidan.testng.runner.CucumberRunnerTests -->
