<?xml version="1.0" encoding="UTF-8"?>
<!-- Generated by org.testng.reporters.JUnitReportReporter -->
<testsuite hostname="ReqiJumantara" failures="0" tests="5" name="com.zaidan.testng.runner.CucumberRunnerTests" time="43.132" errors="0" timestamp="2025-07-07T15:54:02 WIB" skipped="0">
  <testcase classname="com.zaidan.testng.runner.CucumberRunnerTests" name="runScenario" time="9.169"/>
  <testcase classname="com.zaidan.testng.runner.CucumberRunnerTests" name="runScenario" time="8.127"/>
  <testcase classname="com.zaidan.testng.runner.CucumberRunnerTests" name="runScenario" time="8.649"/>
  <testcase classname="com.zaidan.testng.runner.CucumberRunnerTests" name="runScenario" time="8.837"/>
  <testcase classname="com.zaidan.testng.runner.CucumberRunnerTests" name="runScenario" time="8.350"/>
</testsuite> <!-- com.zaidan.testng.runner.CucumberRunnerTests -->
