<?xml version="1.0" encoding="UTF-8"?>
<!-- Generated by org.testng.reporters.JUnitReportReporter -->
<testsuite hostname="ReqiJumantara" failures="0" tests="4" name="com.zaidan.testng.runner.CucumberRunnerTests" time="19.160" errors="0" timestamp="2025-06-24T13:21:36 WIB" skipped="0">
  <testcase classname="com.zaidan.testng.runner.CucumberRunnerTests" name="runScenario" time="5.356"/>
  <testcase classname="com.zaidan.testng.runner.CucumberRunnerTests" name="runScenario" time="4.246"/>
  <testcase classname="com.zaidan.testng.runner.CucumberRunnerTests" name="runScenario" time="3.736"/>
  <testcase classname="com.zaidan.testng.runner.CucumberRunnerTests" name="runScenario" time="5.822"/>
</testsuite> <!-- com.zaidan.testng.runner.CucumberRunnerTests -->
