<?xml version="1.0" encoding="UTF-8"?>
<!-- Generated by org.testng.reporters.JUnitReportReporter -->
<testsuite hostname="Rafif" failures="0" tests="2" name="com.zaidan.testng.runner.CucumberRunnerTests" time="24.100" errors="0" timestamp="2025-07-02T13:08:58 WIB" skipped="0">
  <testcase classname="com.zaidan.testng.runner.CucumberRunnerTests" name="runScenario" time="12.696"/>
  <testcase classname="com.zaidan.testng.runner.CucumberRunnerTests" name="runScenario" time="11.404"/>
</testsuite> <!-- com.zaidan.testng.runner.CucumberRunnerTests -->
