<?xml version="1.0" encoding="UTF-8"?>
<!-- Generated by org.testng.reporters.JUnitReportReporter -->
<testsuite hostname="Rafif" failures="0" tests="2" name="com.zaidan.testng.runner.CucumberRunnerTests" time="16.776" errors="0" timestamp="2025-07-14T10:44:33 WIB" skipped="0">
  <testcase classname="com.zaidan.testng.runner.CucumberRunnerTests" name="runScenario" time="7.366"/>
  <testcase classname="com.zaidan.testng.runner.CucumberRunnerTests" name="runScenario" time="9.410"/>
</testsuite> <!-- com.zaidan.testng.runner.CucumberRunnerTests -->
