<?xml version="1.0" encoding="UTF-8"?>
<!-- Generated by org.testng.reporters.JUnitReportReporter -->
<testsuite hostname="Rafif" failures="0" tests="1" name="com.zaidan.testng.runner.CucumberRunnerTests" time="7.110" errors="0" timestamp="2025-07-04T11:15:05 WIB" skipped="0">
  <testcase classname="com.zaidan.testng.runner.CucumberRunnerTests" name="runScenario" time="7.110"/>
</testsuite> <!-- com.zaidan.testng.runner.CucumberRunnerTests -->
