<?xml version="1.0" encoding="UTF-8"?>
<!-- Generated by org.testng.reporters.JUnitReportReporter -->
<testsuite hostname="Rafif" failures="0" tests="2" name="com.zaidan.testng.runner.CucumberRunnerTests" time="9.212" errors="0" timestamp="2025-07-03T11:54:29 WIB" skipped="0">
  <testcase classname="com.zaidan.testng.runner.CucumberRunnerTests" name="runScenario" time="5.218"/>
  <testcase classname="com.zaidan.testng.runner.CucumberRunnerTests" name="runScenario" time="3.994"/>
</testsuite> <!-- com.zaidan.testng.runner.CucumberRunnerTests -->
