<?xml version="1.0" encoding="UTF-8"?>
<!-- Generated by org.testng.reporters.JUnitReportReporter -->
<testsuite hostname="Rafif" failures="0" tests="2" name="com.zaidan.testng.runner.CucumberRunnerTests" time="9.668" errors="0" timestamp="2025-07-03T10:59:36 WIB" skipped="0">
  <testcase classname="com.zaidan.testng.runner.CucumberRunnerTests" name="runScenario" time="4.658"/>
  <testcase classname="com.zaidan.testng.runner.CucumberRunnerTests" name="runScenario" time="5.010"/>
</testsuite> <!-- com.zaidan.testng.runner.CucumberRunnerTests -->
