<?xml version="1.0" encoding="UTF-8"?>
<!-- Generated by org.testng.reporters.JUnitReportReporter -->
<testsuite hostname="Rafif" failures="1" tests="1" name="com.zaidan.testng.runner.CucumberRunnerTests" time="7.915" errors="0" timestamp="2025-07-11T16:09:19 WIB" skipped="0">
  <testcase classname="com.zaidan.testng.runner.CucumberRunnerTests" name="runScenario" time="7.915">
    <failure message="expected [true] but found [false]" type="java.lang.AssertionError">
      <![CDATA[java.lang.AssertionError: expected [true] but found [false]
at org.testng.Assert.fail(Assert.java:111)
at org.testng.Assert.failNotEquals(Assert.java:1590)
at org.testng.Assert.assertTrue(Assert.java:57)
at org.testng.Assert.assertTrue(Assert.java:67)
at com.zaidan.testng.definitions.AccessMaterials.userPlaysVideo(AccessMaterials.java:112)
at âœ½.User should be able to play the video(file:///C:/Users/MSI/OneDrive/Documents/Proyek/Fault%20Seeding/JTKLearn-Testing/src/test/resources/features/AccessMaterials.feature:15)
]]>
    </failure>
  </testcase> <!-- runScenario -->
</testsuite> <!-- com.zaidan.testng.runner.CucumberRunnerTests -->
