<?xml version="1.0" encoding="UTF-8"?>
<!-- Generated by org.testng.reporters.JUnitReportReporter -->
<testsuite hostname="Rafif" failures="0" tests="2" name="com.zaidan.testng.runner.CucumberRunnerTests" time="6.926" errors="0" timestamp="2025-07-03T14:46:53 WIB" skipped="0">
  <testcase classname="com.zaidan.testng.runner.CucumberRunnerTests" name="runScenario" time="4.200"/>
  <testcase classname="com.zaidan.testng.runner.CucumberRunnerTests" name="runScenario" time="2.726"/>
</testsuite> <!-- com.zaidan.testng.runner.CucumberRunnerTests -->
