<?xml version="1.0" encoding="UTF-8"?>
<!-- Generated by org.testng.reporters.JUnitReportReporter -->
<testsuite hostname="Rafif" failures="6" tests="7" name="com.zaidan.testng.runner.CucumberRunnerTests" time="139.419" errors="0" timestamp="2025-07-15T17:03:22 WIB" skipped="0">
  <testcase classname="com.zaidan.testng.runner.CucumberRunnerTests" name="runScenario" time="11.743">
    <failure message="The student names are not sorted in descending order.: Lists differ at element [0]: Rafif != Andi Pelajar expected [Rafif] but found [Andi Pelajar]" type="java.lang.AssertionError">
      <![CDATA[java.lang.AssertionError: The student names are not sorted in descending order.: Lists differ at element [0]: Rafif != Andi Pelajar expected [Rafif] but found [Andi Pelajar]
at org.testng.Assert.fail(Assert.java:111)
at org.testng.Assert.failNotEquals(Assert.java:1590)
at org.testng.Assert.assertEqualsImpl(Assert.java:150)
at org.testng.Assert.assertEquals(Assert.java:1656)
at com.zaidan.testng.definitions.ProgressOverviewDefinitions.verifyPemantauProgresDescendingSorting(ProgressOverviewDefinitions.java:306)
at ✽.The displayed names on Pemantau Progres Belajar page should be sorted in descending order(file:///C:/Users/MSI/OneDrive/Documents/Proyek/Fault%20Seeding/JTKLearn-Testing/src/test/resources/features/ProgressOverview.feature:160)
]]>
    </failure>
  </testcase> <!-- runScenario -->
  <testcase classname="com.zaidan.testng.runner.CucumberRunnerTests" name="runScenario" time="28.325">
    <failure message="Task &#039;M11&#039; status mismatch for student: fullpelajar expected [FINISHED] but found [NOT_TAKEN]" type="java.lang.AssertionError">
      <![CDATA[java.lang.AssertionError: Task 'M11' status mismatch for student: fullpelajar expected [FINISHED] but found [NOT_TAKEN]
at org.testng.Assert.fail(Assert.java:111)
at org.testng.Assert.failNotEquals(Assert.java:1590)
at org.testng.Assert.assertEqualsImpl(Assert.java:150)
at org.testng.Assert.assertEquals(Assert.java:132)
at com.zaidan.testng.definitions.ProgressOverviewDefinitions.verifyDisplayedStudentProgressMatchesDatabase(ProgressOverviewDefinitions.java:262)
at ✽.The study progress of every student should be displayed(file:///C:/Users/MSI/OneDrive/Documents/Proyek/Fault%20Seeding/JTKLearn-Testing/src/test/resources/features/ProgressOverview.feature:115)
]]>
    </failure>
  </testcase> <!-- runScenario -->
  <testcase classname="com.zaidan.testng.runner.CucumberRunnerTests" name="runScenario" time="25.704"/>
  <testcase classname="com.zaidan.testng.runner.CucumberRunnerTests" name="runScenario" time="12.454">
    <failure message="The student names are not sorted case-insensitively (A-Z).: Lists differ at element [0]: Andi Pelajar != Rafif expected [Andi Pelajar] but found [Rafif]" type="java.lang.AssertionError">
      <![CDATA[java.lang.AssertionError: The student names are not sorted case-insensitively (A-Z).: Lists differ at element [0]: Andi Pelajar != Rafif expected [Andi Pelajar] but found [Rafif]
at org.testng.Assert.fail(Assert.java:111)
at org.testng.Assert.failNotEquals(Assert.java:1590)
at org.testng.Assert.assertEqualsImpl(Assert.java:150)
at org.testng.Assert.assertEquals(Assert.java:1656)
at com.zaidan.testng.definitions.ProgressOverviewDefinitions.verifyAscendingSorting(ProgressOverviewDefinitions.java:323)
at com.zaidan.testng.definitions.ProgressOverviewDefinitions.verifyDisplayedNames(ProgressOverviewDefinitions.java:286)
at ✽.The displayed names should be sorted in "ascending" order(file:///C:/Users/MSI/OneDrive/Documents/Proyek/Fault%20Seeding/JTKLearn-Testing/src/test/resources/features/ProgressOverview.feature:132)
]]>
    </failure>
  </testcase> <!-- runScenario -->
  <testcase classname="com.zaidan.testng.runner.CucumberRunnerTests" name="runScenario" time="26.583">
    <failure message="Task &#039;Q3&#039; status mismatch for student: Andi Pelajar expected [FINISHED] but found [NOT_TAKEN]" type="java.lang.AssertionError">
      <![CDATA[java.lang.AssertionError: Task 'Q3' status mismatch for student: Andi Pelajar expected [FINISHED] but found [NOT_TAKEN]
at org.testng.Assert.fail(Assert.java:111)
at org.testng.Assert.failNotEquals(Assert.java:1590)
at org.testng.Assert.assertEqualsImpl(Assert.java:150)
at org.testng.Assert.assertEquals(Assert.java:132)
at com.zaidan.testng.definitions.ProgressOverviewDefinitions.verifyDisplayedStudentProgressMatchesDatabase(ProgressOverviewDefinitions.java:262)
at ✽.The study progress of every student should be displayed(file:///C:/Users/MSI/OneDrive/Documents/Proyek/Fault%20Seeding/JTKLearn-Testing/src/test/resources/features/ProgressOverview.feature:86)
]]>
    </failure>
  </testcase> <!-- runScenario -->
  <testcase classname="com.zaidan.testng.runner.CucumberRunnerTests" name="runScenario" time="12.633">
    <failure message="The student names are not sorted case-insensitively (Z-A).: Lists differ at element [0]: Rafif != Andi Pelajar expected [Rafif] but found [Andi Pelajar]" type="java.lang.AssertionError">
      <![CDATA[java.lang.AssertionError: The student names are not sorted case-insensitively (Z-A).: Lists differ at element [0]: Rafif != Andi Pelajar expected [Rafif] but found [Andi Pelajar]
at org.testng.Assert.fail(Assert.java:111)
at org.testng.Assert.failNotEquals(Assert.java:1590)
at org.testng.Assert.assertEqualsImpl(Assert.java:150)
at org.testng.Assert.assertEquals(Assert.java:1656)
at com.zaidan.testng.definitions.ProgressOverviewDefinitions.verifyDescendingSorting(ProgressOverviewDefinitions.java:341)
at com.zaidan.testng.definitions.ProgressOverviewDefinitions.verifyDisplayedNames(ProgressOverviewDefinitions.java:288)
at ✽.The displayed names should be sorted in "descending" order(file:///C:/Users/MSI/OneDrive/Documents/Proyek/Fault%20Seeding/JTKLearn-Testing/src/test/resources/features/ProgressOverview.feature:149)
]]>
    </failure>
  </testcase> <!-- runScenario -->
  <testcase classname="com.zaidan.testng.runner.CucumberRunnerTests" name="runScenario" time="21.977">
    <failure message="Task &#039;M12&#039; status mismatch for student: Andi Pelajar expected [FINISHED] but found [NOT_TAKEN]" type="java.lang.AssertionError">
      <![CDATA[java.lang.AssertionError: Task 'M12' status mismatch for student: Andi Pelajar expected [FINISHED] but found [NOT_TAKEN]
at org.testng.Assert.fail(Assert.java:111)
at org.testng.Assert.failNotEquals(Assert.java:1590)
at org.testng.Assert.assertEqualsImpl(Assert.java:150)
at org.testng.Assert.assertEquals(Assert.java:132)
at com.zaidan.testng.definitions.ProgressOverviewDefinitions.verifyDisplayedStudentProgressMatchesDatabase(ProgressOverviewDefinitions.java:262)
at ✽.The study progress of every student should be displayed(file:///C:/Users/MSI/OneDrive/Documents/Proyek/Fault%20Seeding/JTKLearn-Testing/src/test/resources/features/ProgressOverview.feature:58)
]]>
    </failure>
  </testcase> <!-- runScenario -->
</testsuite> <!-- com.zaidan.testng.runner.CucumberRunnerTests -->
