<?xml version="1.0" encoding="UTF-8"?>
<!-- Generated by org.testng.reporters.JUnitReportReporter -->
<testsuite hostname="ReqiJumantara" failures="0" tests="2" name="com.zaidan.testng.runner.CucumberRunnerTests" time="14.063" errors="0" timestamp="2025-07-07T09:29:02 WIB" skipped="0">
  <testcase classname="com.zaidan.testng.runner.CucumberRunnerTests" name="runScenario" time="5.615"/>
  <testcase classname="com.zaidan.testng.runner.CucumberRunnerTests" name="runScenario" time="8.448"/>
</testsuite> <!-- com.zaidan.testng.runner.CucumberRunnerTests -->
