<?xml version="1.0" encoding="UTF-8"?>
<!-- Generated by org.testng.reporters.JUnitReportReporter -->
<testsuite hostname="ReqiJumantara" failures="0" tests="5" name="com.zaidan.testng.runner.CucumberRunnerTests" time="13.873" errors="0" timestamp="2025-07-03T00:00:13 WIB" skipped="0">
  <testcase classname="com.zaidan.testng.runner.CucumberRunnerTests" name="runScenario" time="2.843"/>
  <testcase classname="com.zaidan.testng.runner.CucumberRunnerTests" name="runScenario" time="2.191"/>
  <testcase classname="com.zaidan.testng.runner.CucumberRunnerTests" name="runScenario" time="2.922"/>
  <testcase classname="com.zaidan.testng.runner.CucumberRunnerTests" name="runScenario" time="3.865"/>
  <testcase classname="com.zaidan.testng.runner.CucumberRunnerTests" name="runScenario" time="2.052"/>
</testsuite> <!-- com.zaidan.testng.runner.CucumberRunnerTests -->
