<?xml version="1.0" encoding="UTF-8"?>
<!-- Generated by org.testng.reporters.JUnitReportReporter -->
<testsuite hostname="Rafif" failures="0" tests="1" name="com.zaidan.testng.runner.CucumberRunnerTests" time="18.839" errors="0" timestamp="2025-07-10T13:03:49 WIB" skipped="0">
  <testcase classname="com.zaidan.testng.runner.CucumberRunnerTests" name="runScenario" time="18.839"/>
</testsuite> <!-- com.zaidan.testng.runner.CucumberRunnerTests -->
