<?xml version="1.0" encoding="UTF-8"?>
<!-- Generated by org.testng.reporters.JUnitReportReporter -->
<testsuite hostname="Rafif" failures="0" tests="1" name="com.zaidan.testng.runner.CucumberRunnerTests" time="3.719" errors="1" timestamp="2025-07-02T17:03:20 WIB" skipped="0">
  <testcase classname="com.zaidan.testng.runner.CucumberRunnerTests" name="setUpClass" time="3.719">
    <error message="Test suite cannot proceed without database connection." type="java.lang.RuntimeException">
      <![CDATA[java.lang.RuntimeException: Test suite cannot proceed without database connection.
at com.zaidan.testng.definitions.Hooks.setupSuite(Hooks.java:21)
Caused by: java.sql.SQLException: Failed to establish database connection through SSH tunnel.
at com.zaidan.testng.utils.DatabaseUtil.getConnection(DatabaseUtil.java:43)
at com.zaidan.testng.definitions.Hooks.setupSuite(Hooks.java:18)
Caused by: java.lang.NumberFormatException: Cannot parse null string
at java.base/java.lang.Integer.parseInt(Integer.java:526)
at java.base/java.lang.Integer.parseInt(Integer.java:661)
at com.zaidan.testng.utils.DatabaseUtil.establishSshTunnel(DatabaseUtil.java:53)
at com.zaidan.testng.utils.DatabaseUtil.getConnection(DatabaseUtil.java:24)
... 1 more
]]>
    </error>
  </testcase> <!-- setUpClass -->
</testsuite> <!-- com.zaidan.testng.runner.CucumberRunnerTests -->
