<?xml version="1.0" encoding="UTF-8"?>
<!-- Generated by org.testng.reporters.JUnitReportReporter -->
<testsuite hostname="ReqiJumantara" failures="0" tests="3" name="com.zaidan.testng.runner.CucumberRunnerTests" time="11.147" errors="0" timestamp="2025-07-01T16:53:06 WIB" skipped="0">
  <testcase classname="com.zaidan.testng.runner.CucumberRunnerTests" name="runScenario" time="6.113"/>
  <testcase classname="com.zaidan.testng.runner.CucumberRunnerTests" name="runScenario" time="2.873"/>
  <testcase classname="com.zaidan.testng.runner.CucumberRunnerTests" name="runScenario" time="2.161"/>
</testsuite> <!-- com.zaidan.testng.runner.CucumberRunnerTests -->
