<?xml version="1.0" encoding="UTF-8"?>
<!-- Generated by org.testng.reporters.JUnitReportReporter -->
<testsuite hostname="Rafif" failures="0" tests="1" name="com.zaidan.testng.runner.CucumberRunnerTests" time="5.011" errors="1" timestamp="2025-07-02T17:18:43 WIB" skipped="0">
  <testcase classname="com.zaidan.testng.runner.CucumberRunnerTests" name="setUpClass" time="5.011">
    <error message="Test suite cannot proceed without database connection." type="java.lang.RuntimeException">
      <![CDATA[java.lang.RuntimeException: Test suite cannot proceed without database connection.
at com.zaidan.testng.definitions.Hooks.setupSuite(Hooks.java:22)
Caused by: java.sql.SQLException: Failed to establish database connection through SSH tunnel.
at com.zaidan.testng.utils.DatabaseUtil.getConnection(DatabaseUtil.java:43)
at com.zaidan.testng.definitions.Hooks.setupSuite(Hooks.java:19)
Caused by: org.postgresql.util.PSQLException: The connection attempt failed.
at org.postgresql.core.v3.ConnectionFactoryImpl.openConnectionImpl(ConnectionFactoryImpl.java:358)
at org.postgresql.core.ConnectionFactory.openConnection(ConnectionFactory.java:54)
at org.postgresql.jdbc.PgConnection.<init>(PgConnection.java:273)
at org.postgresql.Driver.makeConnection(Driver.java:446)
at org.postgresql.Driver.connect(Driver.java:298)
at java.sql/java.sql.DriverManager.getConnection(DriverManager.java:613)
at java.sql/java.sql.DriverManager.getConnection(DriverManager.java:199)
at com.zaidan.testng.utils.DatabaseUtil.getConnection(DatabaseUtil.java:37)
... 1 more
Caused by: java.io.EOFException
at org.postgresql.core.PGStream.receiveChar(PGStream.java:469)
at org.postgresql.core.v3.ConnectionFactoryImpl.enableSSL(ConnectionFactoryImpl.java:594)
at org.postgresql.core.v3.ConnectionFactoryImpl.tryConnect(ConnectionFactoryImpl.java:195)
at org.postgresql.core.v3.ConnectionFactoryImpl.openConnectionImpl(ConnectionFactoryImpl.java:262)
... 8 more
]]>
    </error>
  </testcase> <!-- setUpClass -->
</testsuite> <!-- com.zaidan.testng.runner.CucumberRunnerTests -->
