<?xml version="1.0" encoding="UTF-8"?>
<!-- Generated by org.testng.reporters.JUnitReportReporter -->
<testsuite hostname="ReqiJumantara" failures="2" tests="3" name="com.zaidan.testng.runner.CucumberRunnerTests" time="76.619" errors="0" timestamp="2025-07-08T20:41:11 WIB" skipped="0">
  <testcase classname="com.zaidan.testng.runner.CucumberRunnerTests" name="runScenario" time="35.217">
    <failure message="Sub menu Keluar is not displayed expected [true] but found [false]" type="java.lang.AssertionError">
      <![CDATA[java.lang.AssertionError: Sub menu Keluar is not displayed expected [true] but found [false]
at org.testng.Assert.fail(Assert.java:111)
at org.testng.Assert.failNotEquals(Assert.java:1590)
at org.testng.Assert.assertTrue(Assert.java:57)
at com.zaidan.testng.definitions.LoginPageDefinitions.keluar_displayed(LoginPageDefinitions.java:134)
at ✽.Sub menu keluar is displayed(file:///E:/POLITEKNIK%20NEGERI%20BANDUNG/Penelitian%20Fault%20Seeding/Tester/jtklearn-testing/jtklearn-testing/src/test/resources/features/LoginPage.feature:27)
]]>
    </failure>
  </testcase> <!-- runScenario -->
  <testcase classname="com.zaidan.testng.runner.CucumberRunnerTests" name="runScenario" time="5.949"/>
  <testcase classname="com.zaidan.testng.runner.CucumberRunnerTests" name="runScenario" time="35.453">
    <failure message="The title is not match! expected [Kursus] but found [kosong]" type="java.lang.AssertionError">
      <![CDATA[java.lang.AssertionError: The title is not match! expected [Kursus] but found [kosong]
at org.testng.Assert.fail(Assert.java:111)
at org.testng.Assert.failNotEquals(Assert.java:1590)
at org.testng.Assert.assertEqualsImpl(Assert.java:150)
at org.testng.Assert.assertEquals(Assert.java:132)
at org.testng.Assert.assertEquals(Assert.java:656)
at com.zaidan.testng.definitions.LoginPageDefinitions.page_title_displayed(LoginPageDefinitions.java:115)
at ✽.Page title should be displayed(file:///E:/POLITEKNIK%20NEGERI%20BANDUNG/Penelitian%20Fault%20Seeding/Tester/jtklearn-testing/jtklearn-testing/src/test/resources/features/LoginPage.feature:21)
]]>
    </failure>
  </testcase> <!-- runScenario -->
</testsuite> <!-- com.zaidan.testng.runner.CucumberRunnerTests -->
