<?xml version="1.0" encoding="UTF-8"?>
<!-- Generated by org.testng.reporters.JUnitReportReporter -->
<testsuite hostname="ReqiJumantara" failures="0" tests="1" name="com.zaidan.testng.runner.CucumberRunnerTests" time="4.250" errors="0" timestamp="2025-07-03T21:31:36 WIB" skipped="0">
  <testcase classname="com.zaidan.testng.runner.CucumberRunnerTests" name="runScenario" time="4.250"/>
</testsuite> <!-- com.zaidan.testng.runner.CucumberRunnerTests -->
