<?xml version="1.0" encoding="UTF-8"?>
<!-- Generated by org.testng.reporters.JUnitReportReporter -->
<testsuite hostname="Rafif" failures="0" tests="1" name="com.zaidan.testng.runner.CucumberRunnerTests" time="15.048" errors="0" timestamp="2025-07-10T12:46:54 WIB" skipped="0">
  <testcase classname="com.zaidan.testng.runner.CucumberRunnerTests" name="runScenario" time="15.048"/>
</testsuite> <!-- com.zaidan.testng.runner.CucumberRunnerTests -->
