<?xml version="1.0" encoding="UTF-8"?>
<!-- Generated by org.testng.reporters.JUnitReportReporter -->
<testsuite hostname="ReqiJumantara" failures="0" tests="3" name="com.zaidan.testng.runner.CucumberRunnerTests" time="8.470" errors="0" timestamp="2025-07-02T23:37:06 WIB" skipped="0">
  <testcase classname="com.zaidan.testng.runner.CucumberRunnerTests" name="runScenario" time="2.640"/>
  <testcase classname="com.zaidan.testng.runner.CucumberRunnerTests" name="runScenario" time="2.332"/>
  <testcase classname="com.zaidan.testng.runner.CucumberRunnerTests" name="runScenario" time="3.498"/>
</testsuite> <!-- com.zaidan.testng.runner.CucumberRunnerTests -->
